TMS320C2000 Assembler PC v22.6.2 Sat Dec 27 15:00:17 2025

Copyright (c) 1996-2018 Texas Instruments Incorporated
dlog_4ch_f.asm                                                       PAGE    1

       1              ;***************************************************************
       2              ;* TMS320C2000 G3 C/C++ Codegen                               PC v22.6.2.LTS *
       3              ;* Date/Time created: Sat Dec 27 15:00:17 2025                 *
       4              ;***************************************************************
       5                      .compiler_opts --abi=eabi --cla_support=cla1 --diag_wrap=off --float_support=fpu32 --hll_source=on --
       6                      .asg    XAR2, FP
       7              
       8              $C$DW$CU        .dwtag  DW_TAG_compile_unit
       9                      .dwattr $C$DW$CU, DW_AT_name("../sources/dlog_4ch_f.c")
      10                      .dwattr $C$DW$CU, DW_AT_producer("TI TMS320C2000 G3 C/C++ Codegen PC v22.6.2.LTS Copyright (c) 1996-2
      11                      .dwattr $C$DW$CU, DW_AT_TI_version(0x01)
      12                      .dwattr $C$DW$CU, DW_AT_comp_dir("C:\Users\JUNLI\workspace_ccstheia\dual_axis_servo_drive_fcl_qep_f28
      13              ;       D:\TI\ccs\tools\compiler\ti-cgt-c2000_22.6.2.LTS\bin\opt2000.exe C:\\Users\\JUNLI\\AppData\\Local\\Te
      14              ;       D:\TI\ccs\tools\compiler\ti-cgt-c2000_22.6.2.LTS\bin\acia2000.exe -@C:\\Users\\JUNLI\\AppData\\Local\
      15 00000000               .sect   ".text:DLOG_4CH_F_init"
      16                      .clink
      17                      .global ||DLOG_4CH_F_init||
      18              
      19              $C$DW$1 .dwtag  DW_TAG_subprogram
      20                      .dwattr $C$DW$1, DW_AT_name("DLOG_4CH_F_init")
      21                      .dwattr $C$DW$1, DW_AT_low_pc(||DLOG_4CH_F_init||)
      22                      .dwattr $C$DW$1, DW_AT_high_pc(0x00)
      23                      .dwattr $C$DW$1, DW_AT_linkage_name("DLOG_4CH_F_init")
      24                      .dwattr $C$DW$1, DW_AT_external
      25                      .dwattr $C$DW$1, DW_AT_decl_file("../sources/dlog_4ch_f.c")
      26                      .dwattr $C$DW$1, DW_AT_decl_line(0x34)
      27                      .dwattr $C$DW$1, DW_AT_decl_column(0x06)
      28                      .dwattr $C$DW$1, DW_AT_TI_max_frame_size(-2)
      29                      .dwpsn  file "../sources/dlog_4ch_f.c",line 53,column 1,is_stmt,address ||DLOG_4CH_F_init||,isa 0
      30              
      31                      .dwfde $C$DW$CIE, ||DLOG_4CH_F_init||
      32              $C$DW$2 .dwtag  DW_TAG_formal_parameter
      33                      .dwattr $C$DW$2, DW_AT_name("v")
      34                      .dwattr $C$DW$2, DW_AT_type(*$C$DW$T$25)
      35                      .dwattr $C$DW$2, DW_AT_location[DW_OP_reg12]
      36              
      37              
      38              ;***************************************************************
      39              ;* FNAME: DLOG_4CH_F_init               FR SIZE:   0           *
      40              ;*                                                             *
      41              ;* FUNCTION ENVIRONMENT                                        *
      42              ;*                                                             *
      43              ;* FUNCTION PROPERTIES                                         *
      44              ;*                            0 Parameter,  0 Auto,  0 SOE     *
      45              ;***************************************************************
      46              
      47              ||DLOG_4CH_F_init||:
      48              ;* AR4   assigned to v
      49              $C$DW$3 .dwtag  DW_TAG_variable
      50                      .dwattr $C$DW$3, DW_AT_name("v")
      51                      .dwattr $C$DW$3, DW_AT_type(*$C$DW$T$26)
      52                      .dwattr $C$DW$3, DW_AT_location[DW_OP_reg12]
      53              
      54                      .dwcfi  cfa_offset, -2
      55                      .dwcfi  save_reg_to_mem, 26, 0
TMS320C2000 Assembler PC v22.6.2 Sat Dec 27 15:00:17 2025

Copyright (c) 1996-2018 Texas Instruments Incorporated
dlog_4ch_f.asm                                                       PAGE    2

      56                      .dwpsn  file "../sources/dlog_4ch_f.c",line 58,column 2,is_stmt,isa 0
      57 00000000 D008          MOVB      XAR0,#8               ; [CPU_ALU] |58| 
      58 00000001 0200          MOVB      ACC,#0                ; [CPU_ALU] |58| 
      59 00000002 1E94          MOVL      *+XAR4[AR0],ACC       ; [CPU_ALU] |58| 
      60                      .dwpsn  file "../sources/dlog_4ch_f.c",line 59,column 2,is_stmt,isa 0
      61 00000003 D00A          MOVB      XAR0,#10              ; [CPU_ALU] |59| 
      62                      .dwpsn  file "../sources/dlog_4ch_f.c",line 62,column 2,is_stmt,isa 0
      63 00000004 E590          ZERO      R0H                   ; [CPU_FPU] |62| 
      64                      .dwpsn  file "../sources/dlog_4ch_f.c",line 59,column 2,is_stmt,isa 0
      65 00000005 1E94          MOVL      *+XAR4[AR0],ACC       ; [CPU_ALU] |59| 
      66                      .dwpsn  file "../sources/dlog_4ch_f.c",line 60,column 2,is_stmt,isa 0
      67 00000006 D00C          MOVB      XAR0,#12              ; [CPU_ALU] |60| 
      68 00000007 1E94          MOVL      *+XAR4[AR0],ACC       ; [CPU_ALU] |60| 
      69                      .dwpsn  file "../sources/dlog_4ch_f.c",line 54,column 2,is_stmt,isa 0
      70 00000008 1EC4          MOVL      *+XAR4[0],ACC         ; [CPU_ALU] |54| 
      71                      .dwpsn  file "../sources/dlog_4ch_f.c",line 55,column 2,is_stmt,isa 0
      72 00000009 1ED4          MOVL      *+XAR4[2],ACC         ; [CPU_ALU] |55| 
      73                      .dwpsn  file "../sources/dlog_4ch_f.c",line 56,column 2,is_stmt,isa 0
      74 0000000a 1EE4          MOVL      *+XAR4[4],ACC         ; [CPU_ALU] |56| 
      75                      .dwpsn  file "../sources/dlog_4ch_f.c",line 57,column 2,is_stmt,isa 0
      76 0000000b 1EF4          MOVL      *+XAR4[6],ACC         ; [CPU_ALU] |57| 
      77                      .dwpsn  file "../sources/dlog_4ch_f.c",line 61,column 2,is_stmt,isa 0
      78 0000000c D00E          MOVB      XAR0,#14              ; [CPU_ALU] |61| 
      79 0000000d 1E94          MOVL      *+XAR4[AR0],ACC       ; [CPU_ALU] |61| 
      80                      .dwpsn  file "../sources/dlog_4ch_f.c",line 62,column 2,is_stmt,isa 0
      81 0000000e D010          MOVB      XAR0,#16              ; [CPU_ALU] |62| 
      82 0000000f E203          MOV32     *+XAR4[AR0],R0H       ; [CPU_FPU] |62| 
         00000010 0094 
      83                      .dwpsn  file "../sources/dlog_4ch_f.c",line 63,column 2,is_stmt,isa 0
      84 00000011 D012          MOVB      XAR0,#18              ; [CPU_ALU] |63| 
      85 00000012 E203          MOV32     *+XAR4[AR0],R0H       ; [CPU_FPU] |63| 
         00000013 0094 
      86                      .dwpsn  file "../sources/dlog_4ch_f.c",line 64,column 2,is_stmt,isa 0
      87 00000014 D014          MOVB      XAR0,#20              ; [CPU_ALU] |64| 
      88 00000015 2B94          MOV       *+XAR4[AR0],#0        ; [CPU_ALU] |64| 
      89                      .dwpsn  file "../sources/dlog_4ch_f.c",line 65,column 2,is_stmt,isa 0
      90 00000016 D015          MOVB      XAR0,#21              ; [CPU_ALU] |65| 
      91 00000017 2B94          MOV       *+XAR4[AR0],#0        ; [CPU_ALU] |65| 
      92                      .dwpsn  file "../sources/dlog_4ch_f.c",line 66,column 2,is_stmt,isa 0
      93 00000018 D016          MOVB      XAR0,#22              ; [CPU_ALU] |66| 
      94 00000019 2B94          MOV       *+XAR4[AR0],#0        ; [CPU_ALU] |66| 
      95                      .dwpsn  file "../sources/dlog_4ch_f.c",line 67,column 2,is_stmt,isa 0
      96 0000001a D017          MOVB      XAR0,#23              ; [CPU_ALU] |67| 
      97 0000001b 2B94          MOV       *+XAR4[AR0],#0        ; [CPU_ALU] |67| 
      98                      .dwpsn  file "../sources/dlog_4ch_f.c",line 68,column 2,is_stmt,isa 0
      99 0000001c D018          MOVB      XAR0,#24              ; [CPU_ALU] |68| 
     100 0000001d 2B94          MOV       *+XAR4[AR0],#0        ; [CPU_ALU] |68| 
     101              $C$DW$4 .dwtag  DW_TAG_TI_branch
     102                      .dwattr $C$DW$4, DW_AT_low_pc(0x00)
     103                      .dwattr $C$DW$4, DW_AT_TI_return
     104              
     105 0000001e 0006          LRETR     ; [CPU_ALU] 
     106                      ; return occurs ; [] 
     107                      .dwattr $C$DW$1, DW_AT_TI_end_file("../sources/dlog_4ch_f.c")
     108                      .dwattr $C$DW$1, DW_AT_TI_end_line(0x45)
TMS320C2000 Assembler PC v22.6.2 Sat Dec 27 15:00:17 2025

Copyright (c) 1996-2018 Texas Instruments Incorporated
dlog_4ch_f.asm                                                       PAGE    3

     109                      .dwattr $C$DW$1, DW_AT_TI_end_column(0x01)
     110                      .dwendentry
     111                      .dwendtag $C$DW$1
     112              
     113 00000000               .sect   ".text:DLOG_4CH_F_FUNC"
     114                      .clink
     115                      .global ||DLOG_4CH_F_FUNC||
     116              
     117              $C$DW$5 .dwtag  DW_TAG_subprogram
     118                      .dwattr $C$DW$5, DW_AT_name("DLOG_4CH_F_FUNC")
     119                      .dwattr $C$DW$5, DW_AT_low_pc(||DLOG_4CH_F_FUNC||)
     120                      .dwattr $C$DW$5, DW_AT_high_pc(0x00)
     121                      .dwattr $C$DW$5, DW_AT_linkage_name("DLOG_4CH_F_FUNC")
     122                      .dwattr $C$DW$5, DW_AT_external
     123                      .dwattr $C$DW$5, DW_AT_decl_file("../sources/dlog_4ch_f.c")
     124                      .dwattr $C$DW$5, DW_AT_decl_line(0x48)
     125                      .dwattr $C$DW$5, DW_AT_decl_column(0x06)
     126                      .dwattr $C$DW$5, DW_AT_TI_max_frame_size(-6)
     127                      .dwpsn  file "../sources/dlog_4ch_f.c",line 73,column 1,is_stmt,address ||DLOG_4CH_F_FUNC||,isa 0
     128              
     129                      .dwfde $C$DW$CIE, ||DLOG_4CH_F_FUNC||
     130              $C$DW$6 .dwtag  DW_TAG_formal_parameter
     131                      .dwattr $C$DW$6, DW_AT_name("v")
     132                      .dwattr $C$DW$6, DW_AT_type(*$C$DW$T$25)
     133                      .dwattr $C$DW$6, DW_AT_location[DW_OP_reg12]
     134              
     135              
     136              ;***************************************************************
     137              ;* FNAME: DLOG_4CH_F_FUNC               FR SIZE:   4           *
     138              ;*                                                             *
     139              ;* FUNCTION ENVIRONMENT                                        *
     140              ;*                                                             *
     141              ;* FUNCTION PROPERTIES                                         *
     142              ;*                            2 Parameter,  0 Auto,  2 SOE     *
     143              ;***************************************************************
     144              
     145              ||DLOG_4CH_F_FUNC||:
     146              ;* R0    assigned to $O$C1
     147              ;* AL    assigned to $O$C2
     148              ;* AL    assigned to $O$v4
     149              ;* AR4   assigned to v
     150              $C$DW$7 .dwtag  DW_TAG_variable
     151                      .dwattr $C$DW$7, DW_AT_name("v")
     152                      .dwattr $C$DW$7, DW_AT_type(*$C$DW$T$26)
     153                      .dwattr $C$DW$7, DW_AT_location[DW_OP_reg12]
     154              
     155                      .dwcfi  cfa_offset, -2
     156                      .dwcfi  save_reg_to_mem, 26, 0
     157 00000000 B2BD          MOVL      *SP++,XAR1            ; [CPU_ALU] 
     158                      .dwcfi  save_reg_to_mem, 7, 2
     159                      .dwcfi  cfa_offset, -4
     160 00000001 FE02          ADDB      SP,#2                 ; [CPU_ARAU] 
     161                      .dwcfi  cfa_offset, -6
     162                      .dwpsn  file "../sources/dlog_4ch_f.c",line 74,column 2,is_stmt,isa 0
     163 00000002 D014          MOVB      XAR0,#20              ; [CPU_ALU] |74| 
TMS320C2000 Assembler PC v22.6.2 Sat Dec 27 15:00:17 2025

Copyright (c) 1996-2018 Texas Instruments Incorporated
dlog_4ch_f.asm                                                       PAGE    4

     164 00000003 9294          MOV       AL,*+XAR4[AR0]        ; [CPU_ALU] |74| 
     165 00000004 5201          CMPB      AL,#1                 ; [CPU_ALU] |74| 
     166 00000005 6143          B         ||$C$L2||,EQ          ; [CPU_ALU] |74| 
     167                      ; branchcc occurs ; [] |74| 
     168 00000006 5202          CMPB      AL,#2                 ; [CPU_ALU] |74| 
     169 00000007 6055          B         ||$C$L3||,NEQ         ; [CPU_ALU] |74| 
     170                      ; branchcc occurs ; [] |74| 
     171                      .dwpsn  file "../sources/dlog_4ch_f.c",line 86,column 13,is_stmt,isa 0
     172 00000008 D016          MOVB      XAR0,#22              ; [CPU_ALU] |86| 
     173 00000009 9294          MOV       AL,*+XAR4[AR0]        ; [CPU_ALU] |86| 
     174                      .dwpsn  file "../sources/dlog_4ch_f.c",line 88,column 13,is_stmt,isa 0
     175 0000000a D015          MOVB      XAR0,#21              ; [CPU_ALU] |88| 
     176                      .dwpsn  file "../sources/dlog_4ch_f.c",line 86,column 13,is_stmt,isa 0
     177 0000000b 9C01          ADDB      AL,#1                 ; [CPU_ALU] |86| 
     178                      .dwpsn  file "../sources/dlog_4ch_f.c",line 88,column 13,is_stmt,isa 0
     179 0000000c 5494          CMP       AL,*+XAR4[AR0]        ; [CPU_ALU] |88| 
     180 0000000d 6038          B         ||$C$L1||,NEQ         ; [CPU_ALU] |88| 
     181                      ; branchcc occurs ; [] |88| 
     182                      .dwpsn  file "../sources/dlog_4ch_f.c",line 90,column 17,is_stmt,isa 0
     183 0000000e D016          MOVB      XAR0,#22              ; [CPU_ALU] |90| 
     184 0000000f 3B01          SETC      SXM                   ; [CPU_ALU] 
     185                      .dwpsn  file "../sources/dlog_4ch_f.c",line 91,column 17,is_stmt,isa 0
     186 00000010 83C4          MOVL      XAR5,*+XAR4[0]        ; [CPU_ALU] |91| 
     187                      .dwpsn  file "../sources/dlog_4ch_f.c",line 90,column 17,is_stmt,isa 0
     188 00000011 2B94          MOV       *+XAR4[AR0],#0        ; [CPU_ALU] |90| 
     189                      .dwpsn  file "../sources/dlog_4ch_f.c",line 91,column 17,is_stmt,isa 0
     190 00000012 D018          MOVB      XAR0,#24              ; [CPU_ALU] |91| 
     191 00000013 5603          MOV       ACC,*+XAR4[AR0] << 1  ; [CPU_ALU] |91| 
         00000014 0194 
     192 00000015 C4C5          MOVL      XAR6,*+XAR5[0]        ; [CPU_ALU] |91| 
     193 00000016 D008          MOVB      XAR0,#8               ; [CPU_ALU] |91| 
     194 00000017 0794          ADDL      ACC,*+XAR4[AR0]       ; [CPU_ALU] |91| 
     195 00000018 83A9          MOVL      XAR5,ACC              ; [CPU_ALU] |91| 
     196 00000019 C2C5          MOVL      *+XAR5[0],XAR6        ; [CPU_ALU] |91| 
     197                      .dwpsn  file "../sources/dlog_4ch_f.c",line 92,column 17,is_stmt,isa 0
     198 0000001a 83D4          MOVL      XAR5,*+XAR4[2]        ; [CPU_ALU] |92| 
     199 0000001b D018          MOVB      XAR0,#24              ; [CPU_ALU] |92| 
     200 0000001c 5603          MOV       ACC,*+XAR4[AR0] << 1  ; [CPU_ALU] |92| 
         0000001d 0194 
     201 0000001e C4C5          MOVL      XAR6,*+XAR5[0]        ; [CPU_ALU] |92| 
     202 0000001f D00A          MOVB      XAR0,#10              ; [CPU_ALU] |92| 
     203 00000020 0794          ADDL      ACC,*+XAR4[AR0]       ; [CPU_ALU] |92| 
     204 00000021 83A9          MOVL      XAR5,ACC              ; [CPU_ALU] |92| 
     205 00000022 C2C5          MOVL      *+XAR5[0],XAR6        ; [CPU_ALU] |92| 
     206                      .dwpsn  file "../sources/dlog_4ch_f.c",line 93,column 17,is_stmt,isa 0
     207 00000023 83E4          MOVL      XAR5,*+XAR4[4]        ; [CPU_ALU] |93| 
     208 00000024 D018          MOVB      XAR0,#24              ; [CPU_ALU] |93| 
     209 00000025 5603          MOV       ACC,*+XAR4[AR0] << 1  ; [CPU_ALU] |93| 
         00000026 0194 
     210 00000027 C4C5          MOVL      XAR6,*+XAR5[0]        ; [CPU_ALU] |93| 
     211 00000028 D00C          MOVB      XAR0,#12              ; [CPU_ALU] |93| 
     212 00000029 0794          ADDL      ACC,*+XAR4[AR0]       ; [CPU_ALU] |93| 
     213 0000002a 83A9          MOVL      XAR5,ACC              ; [CPU_ALU] |93| 
     214 0000002b C2C5          MOVL      *+XAR5[0],XAR6        ; [CPU_ALU] |93| 
     215                      .dwpsn  file "../sources/dlog_4ch_f.c",line 94,column 17,is_stmt,isa 0
TMS320C2000 Assembler PC v22.6.2 Sat Dec 27 15:00:17 2025

Copyright (c) 1996-2018 Texas Instruments Incorporated
dlog_4ch_f.asm                                                       PAGE    5

     216 0000002c 83F4          MOVL      XAR5,*+XAR4[6]        ; [CPU_ALU] |94| 
     217 0000002d D018          MOVB      XAR0,#24              ; [CPU_ALU] |94| 
     218 0000002e 5603          MOV       ACC,*+XAR4[AR0] << 1  ; [CPU_ALU] |94| 
         0000002f 0194 
     219 00000030 D00E          MOVB      XAR0,#14              ; [CPU_ALU] |94| 
     220 00000031 C4C5          MOVL      XAR6,*+XAR5[0]        ; [CPU_ALU] |94| 
     221 00000032 0794          ADDL      ACC,*+XAR4[AR0]       ; [CPU_ALU] |94| 
     222 00000033 83A9          MOVL      XAR5,ACC              ; [CPU_ALU] |94| 
     223                      .dwpsn  file "../sources/dlog_4ch_f.c",line 97,column 17,is_stmt,isa 0
     224 00000034 D018          MOVB      XAR0,#24              ; [CPU_ALU] |97| 
     225                      .dwpsn  file "../sources/dlog_4ch_f.c",line 94,column 17,is_stmt,isa 0
     226 00000035 C2C5          MOVL      *+XAR5[0],XAR6        ; [CPU_ALU] |94| 
     227                      .dwpsn  file "../sources/dlog_4ch_f.c",line 97,column 17,is_stmt,isa 0
     228 00000036 9294          MOV       AL,*+XAR4[AR0]        ; [CPU_ALU] |97| 
     229 00000037 D017          MOVB      XAR0,#23              ; [CPU_ALU] |97| 
     230 00000038 9C01          ADDB      AL,#1                 ; [CPU_ALU] |97| 
     231 00000039 5494          CMP       AL,*+XAR4[AR0]        ; [CPU_ALU] |97| 
     232 0000003a 56B0          MOVB      XAR0,#24,NEQ          ; [CPU_ALU] 
         0000003b 18A0 
     233 0000003c 562A          MOV       *+XAR4[AR0],AL,NEQ    ; [CPU_ALU] 
         0000003d 0094 
     234 0000003e 601E          B         ||$C$L3||,NEQ         ; [CPU_ALU] 
     235                      ; branchcc occurs ; [] 
     236                      .dwpsn  file "../sources/dlog_4ch_f.c",line 99,column 21,is_stmt,isa 0
     237 0000003f D118          MOVB      XAR1,#24              ; [CPU_ALU] |99| 
     238                      .dwpsn  file "../sources/dlog_4ch_f.c",line 100,column 21,is_stmt,isa 0
     239 00000040 D014          MOVB      XAR0,#20              ; [CPU_ALU] |100| 
     240                      .dwpsn  file "../sources/dlog_4ch_f.c",line 99,column 21,is_stmt,isa 0
     241 00000041 2B9C          MOV       *+XAR4[AR1],#0        ; [CPU_ALU] |99| 
     242                      .dwpsn  file "../sources/dlog_4ch_f.c",line 100,column 21,is_stmt,isa 0
     243 00000042 56BF          MOVB      *+XAR4[AR0],#1,UNC    ; [CPU_ALU] |100| 
         00000043 0194 
     244 00000044 6F18          B         ||$C$L3||,UNC         ; [CPU_ALU] |100| 
     245                      ; branch occurs ; [] |100| 
     246 00000045       ||$C$L1||:    
     247 00000045 D016          MOVB      XAR0,#22              ; [CPU_ALU] 
     248 00000046 9694          MOV       *+XAR4[AR0],AL        ; [CPU_ALU] 
     249 00000047 6F15          B         ||$C$L3||,UNC         ; [CPU_ALU] 
     250                      ; branch occurs ; [] 
     251 00000048       ||$C$L2||:    
     252                      .dwpsn  file "../sources/dlog_4ch_f.c",line 77,column 13,is_stmt,isa 0
     253 00000048 83C4          MOVL      XAR5,*+XAR4[0]        ; [CPU_ALU] |77| 
     254 00000049 D012          MOVB      XAR0,#18              ; [CPU_ALU] |77| 
     255 0000004a E2AF          MOV32     R0H,*+XAR4[AR0]       ; [CPU_FPU] |77| 
         0000004b 0094 
     256 0000004c E2AF          MOV32     R1H,*+XAR5[0]         ; [CPU_FPU] |77| 
         0000004d 01C5 
     257 0000004e E694          CMPF32    R1H,R0H               ; [CPU_FPU] |77| 
         0000004f 0001 
     258 00000050 AD14          MOVST0    ZF, NF                ; [CPU_FPU] |77| 
     259 00000051 650B          B         ||$C$L3||,LEQ         ; [CPU_ALU] |77| 
     260                      ; branchcc occurs ; [] |77| 
     261 00000052 D010          MOVB      XAR0,#16              ; [CPU_ALU] |77| 
     262 00000053 E2AF          MOV32     R1H,*+XAR4[AR0]       ; [CPU_FPU] |77| 
         00000054 0194 
TMS320C2000 Assembler PC v22.6.2 Sat Dec 27 15:00:17 2025

Copyright (c) 1996-2018 Texas Instruments Incorporated
dlog_4ch_f.asm                                                       PAGE    6

     263 00000055 E694          CMPF32    R1H,R0H               ; [CPU_FPU] |77| 
         00000056 0001 
     264 00000057 AD14          MOVST0    ZF, NF                ; [CPU_FPU] |77| 
     265                      .dwpsn  file "../sources/dlog_4ch_f.c",line 81,column 17,is_stmt,isa 0
     266 00000058 56B4          MOVB      XAR0,#20,LT           ; [CPU_ALU] |81| 
         00000059 14A0 
     267 0000005a 56B4          MOVB      *+XAR4[AR0],#2,LT     ; [CPU_ALU] |81| 
         0000005b 0294 
     268 0000005c       ||$C$L3||:    
     269                      .dwpsn  file "../sources/dlog_4ch_f.c",line 106,column 2,is_stmt,isa 0
     270 0000005c 83C4          MOVL      XAR5,*+XAR4[0]        ; [CPU_ALU] |106| 
     271 0000005d D010          MOVB      XAR0,#16              ; [CPU_ALU] |106| 
     272 0000005e 06C5          MOVL      ACC,*+XAR5[0]         ; [CPU_ALU] |106| 
     273 0000005f FE82          SUBB      SP,#2                 ; [CPU_ARAU] 
     274                      .dwcfi  cfa_offset, -4
     275 00000060 1E94          MOVL      *+XAR4[AR0],ACC       ; [CPU_ALU] |106| 
     276 00000061 8BBE          MOVL      XAR1,*--SP            ; [CPU_ALU] 
     277                      .dwcfi  cfa_offset, -2
     278                      .dwcfi  restore_reg, 7
     279              $C$DW$8 .dwtag  DW_TAG_TI_branch
     280                      .dwattr $C$DW$8, DW_AT_low_pc(0x00)
     281                      .dwattr $C$DW$8, DW_AT_TI_return
     282              
     283 00000062 0006          LRETR     ; [CPU_ALU] 
     284                      ; return occurs ; [] 
     285                      .dwattr $C$DW$5, DW_AT_TI_end_file("../sources/dlog_4ch_f.c")
     286                      .dwattr $C$DW$5, DW_AT_TI_end_line(0x6b)
     287                      .dwattr $C$DW$5, DW_AT_TI_end_column(0x01)
     288                      .dwendentry
     289                      .dwendtag $C$DW$5
     290              
     291              
     292              ;***************************************************************
     293              ;* BUILD ATTRIBUTES                                            *
     294              ;***************************************************************
     295                      .battr "c28xabi", Tag_File, 1, Tag_float_args(0)
     296                      .battr "c28xabi", Tag_File, 1, Tag_double_args(0)
     297                      .dwattr $C$DW$CU, DW_AT_language(DW_LANG_C)
     298              
     299              ;***************************************************************
     300              ;* DWARF CIE ENTRIES                                           *
     301              ;***************************************************************
     302              
     303              $C$DW$CIE       .dwcie 26
     304                      .dwcfi  cfa_register, 20
     305                      .dwcfi  cfa_offset, 0
     306                      .dwcfi  same_value, 28
     307                      .dwcfi  same_value, 6
     308                      .dwcfi  same_value, 7
     309                      .dwcfi  same_value, 8
     310                      .dwcfi  same_value, 9
     311                      .dwcfi  same_value, 10
     312                      .dwcfi  same_value, 11
     313                      .dwcfi  same_value, 59
     314                      .dwcfi  same_value, 63
TMS320C2000 Assembler PC v22.6.2 Sat Dec 27 15:00:17 2025

Copyright (c) 1996-2018 Texas Instruments Incorporated
dlog_4ch_f.asm                                                       PAGE    7

     315                      .dwcfi  same_value, 67
     316                      .dwcfi  same_value, 71
     317                      .dwendentry
     318                      .dwendtag $C$DW$CU
     319              
     320              
     321              ;***************************************************************
     322              ;* TYPE INFORMATION                                            *
     323              ;***************************************************************
     324              
     325              $C$DW$TU$23     .dwtag  DW_TAG_type_unit
     326                      .dwmtype  $C$DW$T$23
     327              
     328              $C$DW$T$23      .dwtag  DW_TAG_structure_type
     329                      .dwattr $C$DW$T$23, DW_AT_byte_size(0x1a)
     330              $C$DW$9 .dwtag  DW_TAG_member
     331                      .dwattr $C$DW$9, DW_AT_type(*$C$DW$T$20)
     332                      .dwattr $C$DW$9, DW_AT_name("input_ptr1")
     333                      .dwattr $C$DW$9, DW_AT_accessibility(DW_ACCESS_public)
     334                      .dwattr $C$DW$9, DW_AT_decl_file("D:/TI/c2000/C2000Ware_MotorControl_SDK_5_04_00_00/libraries/utiliti
     335                      .dwattr $C$DW$9, DW_AT_decl_line(0x3c)
     336                      .dwattr $C$DW$9, DW_AT_decl_column(0x0d)
     337              
     338              $C$DW$10        .dwtag  DW_TAG_member
     339                      .dwattr $C$DW$10, DW_AT_type(*$C$DW$T$20)
     340                      .dwattr $C$DW$10, DW_AT_name("input_ptr2")
     341                      .dwattr $C$DW$10, DW_AT_data_member_location[DW_OP_plus_uconst 0x2]
     342                      .dwattr $C$DW$10, DW_AT_accessibility(DW_ACCESS_public)
     343                      .dwattr $C$DW$10, DW_AT_decl_file("D:/TI/c2000/C2000Ware_MotorControl_SDK_5_04_00_00/libraries/utilit
     344                      .dwattr $C$DW$10, DW_AT_decl_line(0x3d)
     345                      .dwattr $C$DW$10, DW_AT_decl_column(0x0d)
     346              
     347              $C$DW$11        .dwtag  DW_TAG_member
     348                      .dwattr $C$DW$11, DW_AT_type(*$C$DW$T$20)
     349                      .dwattr $C$DW$11, DW_AT_name("input_ptr3")
     350                      .dwattr $C$DW$11, DW_AT_data_member_location[DW_OP_plus_uconst 0x4]
     351                      .dwattr $C$DW$11, DW_AT_accessibility(DW_ACCESS_public)
     352                      .dwattr $C$DW$11, DW_AT_decl_file("D:/TI/c2000/C2000Ware_MotorControl_SDK_5_04_00_00/libraries/utilit
     353                      .dwattr $C$DW$11, DW_AT_decl_line(0x3e)
     354                      .dwattr $C$DW$11, DW_AT_decl_column(0x0d)
     355              
     356              $C$DW$12        .dwtag  DW_TAG_member
     357                      .dwattr $C$DW$12, DW_AT_type(*$C$DW$T$20)
     358                      .dwattr $C$DW$12, DW_AT_name("input_ptr4")
     359                      .dwattr $C$DW$12, DW_AT_data_member_location[DW_OP_plus_uconst 0x6]
     360                      .dwattr $C$DW$12, DW_AT_accessibility(DW_ACCESS_public)
     361                      .dwattr $C$DW$12, DW_AT_decl_file("D:/TI/c2000/C2000Ware_MotorControl_SDK_5_04_00_00/libraries/utilit
     362                      .dwattr $C$DW$12, DW_AT_decl_line(0x3f)
     363                      .dwattr $C$DW$12, DW_AT_decl_column(0x0d)
     364              
     365              $C$DW$13        .dwtag  DW_TAG_member
     366                      .dwattr $C$DW$13, DW_AT_type(*$C$DW$T$20)
     367                      .dwattr $C$DW$13, DW_AT_name("output_ptr1")
     368                      .dwattr $C$DW$13, DW_AT_data_member_location[DW_OP_plus_uconst 0x8]
     369                      .dwattr $C$DW$13, DW_AT_accessibility(DW_ACCESS_public)
TMS320C2000 Assembler PC v22.6.2 Sat Dec 27 15:00:17 2025

Copyright (c) 1996-2018 Texas Instruments Incorporated
dlog_4ch_f.asm                                                       PAGE    8

     370                      .dwattr $C$DW$13, DW_AT_decl_file("D:/TI/c2000/C2000Ware_MotorControl_SDK_5_04_00_00/libraries/utilit
     371                      .dwattr $C$DW$13, DW_AT_decl_line(0x40)
     372                      .dwattr $C$DW$13, DW_AT_decl_column(0x0d)
     373              
     374              $C$DW$14        .dwtag  DW_TAG_member
     375                      .dwattr $C$DW$14, DW_AT_type(*$C$DW$T$20)
     376                      .dwattr $C$DW$14, DW_AT_name("output_ptr2")
     377                      .dwattr $C$DW$14, DW_AT_data_member_location[DW_OP_plus_uconst 0xa]
     378                      .dwattr $C$DW$14, DW_AT_accessibility(DW_ACCESS_public)
     379                      .dwattr $C$DW$14, DW_AT_decl_file("D:/TI/c2000/C2000Ware_MotorControl_SDK_5_04_00_00/libraries/utilit
     380                      .dwattr $C$DW$14, DW_AT_decl_line(0x41)
     381                      .dwattr $C$DW$14, DW_AT_decl_column(0x0d)
     382              
     383              $C$DW$15        .dwtag  DW_TAG_member
     384                      .dwattr $C$DW$15, DW_AT_type(*$C$DW$T$20)
     385                      .dwattr $C$DW$15, DW_AT_name("output_ptr3")
     386                      .dwattr $C$DW$15, DW_AT_data_member_location[DW_OP_plus_uconst 0xc]
     387                      .dwattr $C$DW$15, DW_AT_accessibility(DW_ACCESS_public)
     388                      .dwattr $C$DW$15, DW_AT_decl_file("D:/TI/c2000/C2000Ware_MotorControl_SDK_5_04_00_00/libraries/utilit
     389                      .dwattr $C$DW$15, DW_AT_decl_line(0x42)
     390                      .dwattr $C$DW$15, DW_AT_decl_column(0x0d)
     391              
     392              $C$DW$16        .dwtag  DW_TAG_member
     393                      .dwattr $C$DW$16, DW_AT_type(*$C$DW$T$20)
     394                      .dwattr $C$DW$16, DW_AT_name("output_ptr4")
     395                      .dwattr $C$DW$16, DW_AT_data_member_location[DW_OP_plus_uconst 0xe]
     396                      .dwattr $C$DW$16, DW_AT_accessibility(DW_ACCESS_public)
     397                      .dwattr $C$DW$16, DW_AT_decl_file("D:/TI/c2000/C2000Ware_MotorControl_SDK_5_04_00_00/libraries/utilit
     398                      .dwattr $C$DW$16, DW_AT_decl_line(0x43)
     399                      .dwattr $C$DW$16, DW_AT_decl_column(0x0d)
     400              
     401              $C$DW$17        .dwtag  DW_TAG_member
     402                      .dwattr $C$DW$17, DW_AT_type(*$C$DW$T$19)
     403                      .dwattr $C$DW$17, DW_AT_name("prev_value")
     404                      .dwattr $C$DW$17, DW_AT_data_member_location[DW_OP_plus_uconst 0x10]
     405                      .dwattr $C$DW$17, DW_AT_accessibility(DW_ACCESS_public)
     406                      .dwattr $C$DW$17, DW_AT_decl_file("D:/TI/c2000/C2000Ware_MotorControl_SDK_5_04_00_00/libraries/utilit
     407                      .dwattr $C$DW$17, DW_AT_decl_line(0x44)
     408                      .dwattr $C$DW$17, DW_AT_decl_column(0x0c)
     409              
     410              $C$DW$18        .dwtag  DW_TAG_member
     411                      .dwattr $C$DW$18, DW_AT_type(*$C$DW$T$19)
     412                      .dwattr $C$DW$18, DW_AT_name("trig_value")
     413                      .dwattr $C$DW$18, DW_AT_data_member_location[DW_OP_plus_uconst 0x12]
     414                      .dwattr $C$DW$18, DW_AT_accessibility(DW_ACCESS_public)
     415                      .dwattr $C$DW$18, DW_AT_decl_file("D:/TI/c2000/C2000Ware_MotorControl_SDK_5_04_00_00/libraries/utilit
     416                      .dwattr $C$DW$18, DW_AT_decl_line(0x45)
     417                      .dwattr $C$DW$18, DW_AT_decl_column(0x0c)
     418              
     419              $C$DW$19        .dwtag  DW_TAG_member
     420                      .dwattr $C$DW$19, DW_AT_type(*$C$DW$T$22)
     421                      .dwattr $C$DW$19, DW_AT_name("status")
     422                      .dwattr $C$DW$19, DW_AT_data_member_location[DW_OP_plus_uconst 0x14]
     423                      .dwattr $C$DW$19, DW_AT_accessibility(DW_ACCESS_public)
     424                      .dwattr $C$DW$19, DW_AT_decl_file("D:/TI/c2000/C2000Ware_MotorControl_SDK_5_04_00_00/libraries/utilit
TMS320C2000 Assembler PC v22.6.2 Sat Dec 27 15:00:17 2025

Copyright (c) 1996-2018 Texas Instruments Incorporated
dlog_4ch_f.asm                                                       PAGE    9

     425                      .dwattr $C$DW$19, DW_AT_decl_line(0x46)
     426                      .dwattr $C$DW$19, DW_AT_decl_column(0x0a)
     427              
     428              $C$DW$20        .dwtag  DW_TAG_member
     429                      .dwattr $C$DW$20, DW_AT_type(*$C$DW$T$22)
     430                      .dwattr $C$DW$20, DW_AT_name("pre_scalar")
     431                      .dwattr $C$DW$20, DW_AT_data_member_location[DW_OP_plus_uconst 0x15]
     432                      .dwattr $C$DW$20, DW_AT_accessibility(DW_ACCESS_public)
     433                      .dwattr $C$DW$20, DW_AT_decl_file("D:/TI/c2000/C2000Ware_MotorControl_SDK_5_04_00_00/libraries/utilit
     434                      .dwattr $C$DW$20, DW_AT_decl_line(0x47)
     435                      .dwattr $C$DW$20, DW_AT_decl_column(0x0a)
     436              
     437              $C$DW$21        .dwtag  DW_TAG_member
     438                      .dwattr $C$DW$21, DW_AT_type(*$C$DW$T$22)
     439                      .dwattr $C$DW$21, DW_AT_name("skip_count")
     440                      .dwattr $C$DW$21, DW_AT_data_member_location[DW_OP_plus_uconst 0x16]
     441                      .dwattr $C$DW$21, DW_AT_accessibility(DW_ACCESS_public)
     442                      .dwattr $C$DW$21, DW_AT_decl_file("D:/TI/c2000/C2000Ware_MotorControl_SDK_5_04_00_00/libraries/utilit
     443                      .dwattr $C$DW$21, DW_AT_decl_line(0x48)
     444                      .dwattr $C$DW$21, DW_AT_decl_column(0x0a)
     445              
     446              $C$DW$22        .dwtag  DW_TAG_member
     447                      .dwattr $C$DW$22, DW_AT_type(*$C$DW$T$22)
     448                      .dwattr $C$DW$22, DW_AT_name("size")
     449                      .dwattr $C$DW$22, DW_AT_data_member_location[DW_OP_plus_uconst 0x17]
     450                      .dwattr $C$DW$22, DW_AT_accessibility(DW_ACCESS_public)
     451                      .dwattr $C$DW$22, DW_AT_decl_file("D:/TI/c2000/C2000Ware_MotorControl_SDK_5_04_00_00/libraries/utilit
     452                      .dwattr $C$DW$22, DW_AT_decl_line(0x49)
     453                      .dwattr $C$DW$22, DW_AT_decl_column(0x0a)
     454              
     455              $C$DW$23        .dwtag  DW_TAG_member
     456                      .dwattr $C$DW$23, DW_AT_type(*$C$DW$T$22)
     457                      .dwattr $C$DW$23, DW_AT_name("count")
     458                      .dwattr $C$DW$23, DW_AT_data_member_location[DW_OP_plus_uconst 0x18]
     459                      .dwattr $C$DW$23, DW_AT_accessibility(DW_ACCESS_public)
     460                      .dwattr $C$DW$23, DW_AT_decl_file("D:/TI/c2000/C2000Ware_MotorControl_SDK_5_04_00_00/libraries/utilit
     461                      .dwattr $C$DW$23, DW_AT_decl_line(0x4a)
     462                      .dwattr $C$DW$23, DW_AT_decl_column(0x0a)
     463              
     464                      .dwattr $C$DW$T$23, DW_AT_decl_file("D:/TI/c2000/C2000Ware_MotorControl_SDK_5_04_00_00/libraries/util
     465                      .dwattr $C$DW$T$23, DW_AT_decl_line(0x3b)
     466                      .dwattr $C$DW$T$23, DW_AT_decl_column(0x0f)
     467                      .dwendtag $C$DW$T$23
     468              
     469                      .dwendtag $C$DW$TU$23
     470              
     471              
     472              $C$DW$TU$24     .dwtag  DW_TAG_type_unit
     473                      .dwmtype  $C$DW$T$24
     474              $C$DW$T$24      .dwtag  DW_TAG_typedef
     475                      .dwattr $C$DW$T$24, DW_AT_name("DLOG_4CH_F")
     476                      .dwattr $C$DW$T$24, DW_AT_type(*$C$DW$T$23)
     477                      .dwattr $C$DW$T$24, DW_AT_decl_file("D:/TI/c2000/C2000Ware_MotorControl_SDK_5_04_00_00/libraries/util
     478                      .dwattr $C$DW$T$24, DW_AT_decl_line(0x4b)
     479                      .dwattr $C$DW$T$24, DW_AT_decl_column(0x02)
TMS320C2000 Assembler PC v22.6.2 Sat Dec 27 15:00:17 2025

Copyright (c) 1996-2018 Texas Instruments Incorporated
dlog_4ch_f.asm                                                       PAGE   10

     480              
     481                      .dwendtag $C$DW$TU$24
     482              
     483              
     484              $C$DW$TU$25     .dwtag  DW_TAG_type_unit
     485                      .dwmtype  $C$DW$T$25
     486              $C$DW$T$25      .dwtag  DW_TAG_pointer_type
     487                      .dwattr $C$DW$T$25, DW_AT_type(*$C$DW$T$24)
     488                      .dwattr $C$DW$T$25, DW_AT_address_class(0x20)
     489              
     490                      .dwendtag $C$DW$TU$25
     491              
     492              
     493              $C$DW$TU$26     .dwtag  DW_TAG_type_unit
     494                      .dwmtype  $C$DW$T$26
     495              $C$DW$24        .dwtag  DW_TAG_TI_far_type
     496                      .dwattr $C$DW$24, DW_AT_type(*$C$DW$T$25)
     497              
     498              $C$DW$T$26      .dwtag  DW_TAG_const_type
     499                      .dwattr $C$DW$T$26, DW_AT_type(*$C$DW$24)
     500              
     501                      .dwendtag $C$DW$TU$26
     502              
     503              
     504              $C$DW$TU$2      .dwtag  DW_TAG_type_unit
     505                      .dwmtype  $C$DW$T$2
     506              $C$DW$T$2       .dwtag  DW_TAG_unspecified_type
     507                      .dwattr $C$DW$T$2, DW_AT_name("void")
     508              
     509                      .dwendtag $C$DW$TU$2
     510              
     511              
     512              $C$DW$TU$4      .dwtag  DW_TAG_type_unit
     513                      .dwmtype  $C$DW$T$4
     514              $C$DW$T$4       .dwtag  DW_TAG_base_type
     515                      .dwattr $C$DW$T$4, DW_AT_encoding(DW_ATE_boolean)
     516                      .dwattr $C$DW$T$4, DW_AT_name("bool")
     517                      .dwattr $C$DW$T$4, DW_AT_byte_size(0x01)
     518              
     519                      .dwendtag $C$DW$TU$4
     520              
     521              
     522              $C$DW$TU$5      .dwtag  DW_TAG_type_unit
     523                      .dwmtype  $C$DW$T$5
     524              $C$DW$T$5       .dwtag  DW_TAG_base_type
     525                      .dwattr $C$DW$T$5, DW_AT_encoding(DW_ATE_signed_char)
     526                      .dwattr $C$DW$T$5, DW_AT_name("signed char")
     527                      .dwattr $C$DW$T$5, DW_AT_byte_size(0x01)
     528              
     529                      .dwendtag $C$DW$TU$5
     530              
     531              
     532              $C$DW$TU$6      .dwtag  DW_TAG_type_unit
     533                      .dwmtype  $C$DW$T$6
     534              $C$DW$T$6       .dwtag  DW_TAG_base_type
TMS320C2000 Assembler PC v22.6.2 Sat Dec 27 15:00:17 2025

Copyright (c) 1996-2018 Texas Instruments Incorporated
dlog_4ch_f.asm                                                       PAGE   11

     535                      .dwattr $C$DW$T$6, DW_AT_encoding(DW_ATE_unsigned_char)
     536                      .dwattr $C$DW$T$6, DW_AT_name("unsigned char")
     537                      .dwattr $C$DW$T$6, DW_AT_byte_size(0x01)
     538              
     539                      .dwendtag $C$DW$TU$6
     540              
     541              
     542              $C$DW$TU$7      .dwtag  DW_TAG_type_unit
     543                      .dwmtype  $C$DW$T$7
     544              $C$DW$T$7       .dwtag  DW_TAG_base_type
     545                      .dwattr $C$DW$T$7, DW_AT_encoding(DW_ATE_signed_char)
     546                      .dwattr $C$DW$T$7, DW_AT_name("wchar_t")
     547                      .dwattr $C$DW$T$7, DW_AT_byte_size(0x02)
     548              
     549                      .dwendtag $C$DW$TU$7
     550              
     551              
     552              $C$DW$TU$8      .dwtag  DW_TAG_type_unit
     553                      .dwmtype  $C$DW$T$8
     554              $C$DW$T$8       .dwtag  DW_TAG_base_type
     555                      .dwattr $C$DW$T$8, DW_AT_encoding(DW_ATE_signed)
     556                      .dwattr $C$DW$T$8, DW_AT_name("short")
     557                      .dwattr $C$DW$T$8, DW_AT_byte_size(0x01)
     558              
     559                      .dwendtag $C$DW$TU$8
     560              
     561              
     562              $C$DW$TU$9      .dwtag  DW_TAG_type_unit
     563                      .dwmtype  $C$DW$T$9
     564              $C$DW$T$9       .dwtag  DW_TAG_base_type
     565                      .dwattr $C$DW$T$9, DW_AT_encoding(DW_ATE_unsigned)
     566                      .dwattr $C$DW$T$9, DW_AT_name("unsigned short")
     567                      .dwattr $C$DW$T$9, DW_AT_byte_size(0x01)
     568              
     569                      .dwendtag $C$DW$TU$9
     570              
     571              
     572              $C$DW$TU$10     .dwtag  DW_TAG_type_unit
     573                      .dwmtype  $C$DW$T$10
     574              $C$DW$T$10      .dwtag  DW_TAG_base_type
     575                      .dwattr $C$DW$T$10, DW_AT_encoding(DW_ATE_signed)
     576                      .dwattr $C$DW$T$10, DW_AT_name("int")
     577                      .dwattr $C$DW$T$10, DW_AT_byte_size(0x01)
     578              
     579                      .dwendtag $C$DW$TU$10
     580              
     581              
     582              $C$DW$TU$21     .dwtag  DW_TAG_type_unit
     583                      .dwmtype  $C$DW$T$21
     584              $C$DW$T$21      .dwtag  DW_TAG_typedef
     585                      .dwattr $C$DW$T$21, DW_AT_name("__int16_t")
     586                      .dwattr $C$DW$T$21, DW_AT_type(*$C$DW$T$10)
     587                      .dwattr $C$DW$T$21, DW_AT_decl_file("D:/TI/ccs/tools/compiler/ti-cgt-c2000_22.6.2.LTS/include/machine
     588                      .dwattr $C$DW$T$21, DW_AT_decl_line(0x40)
     589                      .dwattr $C$DW$T$21, DW_AT_decl_column(0x1d)
TMS320C2000 Assembler PC v22.6.2 Sat Dec 27 15:00:17 2025

Copyright (c) 1996-2018 Texas Instruments Incorporated
dlog_4ch_f.asm                                                       PAGE   12

     590              
     591                      .dwendtag $C$DW$TU$21
     592              
     593              
     594              $C$DW$TU$22     .dwtag  DW_TAG_type_unit
     595                      .dwmtype  $C$DW$T$22
     596              $C$DW$T$22      .dwtag  DW_TAG_typedef
     597                      .dwattr $C$DW$T$22, DW_AT_name("int16_t")
     598                      .dwattr $C$DW$T$22, DW_AT_type(*$C$DW$T$21)
     599                      .dwattr $C$DW$T$22, DW_AT_decl_file("D:/TI/ccs/tools/compiler/ti-cgt-c2000_22.6.2.LTS/include/sys/_st
     600                      .dwattr $C$DW$T$22, DW_AT_decl_line(0x2b)
     601                      .dwattr $C$DW$T$22, DW_AT_decl_column(0x14)
     602              
     603                      .dwendtag $C$DW$TU$22
     604              
     605              
     606              $C$DW$TU$11     .dwtag  DW_TAG_type_unit
     607                      .dwmtype  $C$DW$T$11
     608              $C$DW$T$11      .dwtag  DW_TAG_base_type
     609                      .dwattr $C$DW$T$11, DW_AT_encoding(DW_ATE_unsigned)
     610                      .dwattr $C$DW$T$11, DW_AT_name("unsigned int")
     611                      .dwattr $C$DW$T$11, DW_AT_byte_size(0x01)
     612              
     613                      .dwendtag $C$DW$TU$11
     614              
     615              
     616              $C$DW$TU$12     .dwtag  DW_TAG_type_unit
     617                      .dwmtype  $C$DW$T$12
     618              $C$DW$T$12      .dwtag  DW_TAG_base_type
     619                      .dwattr $C$DW$T$12, DW_AT_encoding(DW_ATE_signed)
     620                      .dwattr $C$DW$T$12, DW_AT_name("long")
     621                      .dwattr $C$DW$T$12, DW_AT_byte_size(0x02)
     622              
     623                      .dwendtag $C$DW$TU$12
     624              
     625              
     626              $C$DW$TU$13     .dwtag  DW_TAG_type_unit
     627                      .dwmtype  $C$DW$T$13
     628              $C$DW$T$13      .dwtag  DW_TAG_base_type
     629                      .dwattr $C$DW$T$13, DW_AT_encoding(DW_ATE_unsigned)
     630                      .dwattr $C$DW$T$13, DW_AT_name("unsigned long")
     631                      .dwattr $C$DW$T$13, DW_AT_byte_size(0x02)
     632              
     633                      .dwendtag $C$DW$TU$13
     634              
     635              
     636              $C$DW$TU$14     .dwtag  DW_TAG_type_unit
     637                      .dwmtype  $C$DW$T$14
     638              $C$DW$T$14      .dwtag  DW_TAG_base_type
     639                      .dwattr $C$DW$T$14, DW_AT_encoding(DW_ATE_signed)
     640                      .dwattr $C$DW$T$14, DW_AT_name("long long")
     641                      .dwattr $C$DW$T$14, DW_AT_byte_size(0x04)
     642              
     643                      .dwendtag $C$DW$TU$14
     644              
TMS320C2000 Assembler PC v22.6.2 Sat Dec 27 15:00:17 2025

Copyright (c) 1996-2018 Texas Instruments Incorporated
dlog_4ch_f.asm                                                       PAGE   13

     645              
     646              $C$DW$TU$15     .dwtag  DW_TAG_type_unit
     647                      .dwmtype  $C$DW$T$15
     648              $C$DW$T$15      .dwtag  DW_TAG_base_type
     649                      .dwattr $C$DW$T$15, DW_AT_encoding(DW_ATE_unsigned)
     650                      .dwattr $C$DW$T$15, DW_AT_name("unsigned long long")
     651                      .dwattr $C$DW$T$15, DW_AT_byte_size(0x04)
     652              
     653                      .dwendtag $C$DW$TU$15
     654              
     655              
     656              $C$DW$TU$16     .dwtag  DW_TAG_type_unit
     657                      .dwmtype  $C$DW$T$16
     658              $C$DW$T$16      .dwtag  DW_TAG_base_type
     659                      .dwattr $C$DW$T$16, DW_AT_encoding(DW_ATE_float)
     660                      .dwattr $C$DW$T$16, DW_AT_name("float")
     661                      .dwattr $C$DW$T$16, DW_AT_byte_size(0x02)
     662              
     663                      .dwendtag $C$DW$TU$16
     664              
     665              
     666              $C$DW$TU$19     .dwtag  DW_TAG_type_unit
     667                      .dwmtype  $C$DW$T$19
     668              $C$DW$T$19      .dwtag  DW_TAG_typedef
     669                      .dwattr $C$DW$T$19, DW_AT_name("float32_t")
     670                      .dwattr $C$DW$T$19, DW_AT_type(*$C$DW$T$16)
     671                      .dwattr $C$DW$T$19, DW_AT_decl_file("D:\TI\c2000\C2000Ware_MotorControl_SDK_5_04_00_00\c2000ware\driv
     672                      .dwattr $C$DW$T$19, DW_AT_decl_line(0x66)
     673                      .dwattr $C$DW$T$19, DW_AT_decl_column(0x17)
     674              
     675                      .dwendtag $C$DW$TU$19
     676              
     677              
     678              $C$DW$TU$20     .dwtag  DW_TAG_type_unit
     679                      .dwmtype  $C$DW$T$20
     680              $C$DW$T$20      .dwtag  DW_TAG_pointer_type
     681                      .dwattr $C$DW$T$20, DW_AT_type(*$C$DW$T$19)
     682                      .dwattr $C$DW$T$20, DW_AT_address_class(0x20)
     683              
     684                      .dwendtag $C$DW$TU$20
     685              
     686              
     687              $C$DW$TU$17     .dwtag  DW_TAG_type_unit
     688                      .dwmtype  $C$DW$T$17
     689              $C$DW$T$17      .dwtag  DW_TAG_base_type
     690                      .dwattr $C$DW$T$17, DW_AT_encoding(DW_ATE_float)
     691                      .dwattr $C$DW$T$17, DW_AT_name("double")
     692                      .dwattr $C$DW$T$17, DW_AT_byte_size(0x04)
     693              
     694                      .dwendtag $C$DW$TU$17
     695              
     696              
     697              $C$DW$TU$18     .dwtag  DW_TAG_type_unit
     698                      .dwmtype  $C$DW$T$18
     699              $C$DW$T$18      .dwtag  DW_TAG_base_type
TMS320C2000 Assembler PC v22.6.2 Sat Dec 27 15:00:17 2025

Copyright (c) 1996-2018 Texas Instruments Incorporated
dlog_4ch_f.asm                                                       PAGE   14

     700                      .dwattr $C$DW$T$18, DW_AT_encoding(DW_ATE_float)
     701                      .dwattr $C$DW$T$18, DW_AT_name("long double")
     702                      .dwattr $C$DW$T$18, DW_AT_byte_size(0x04)
     703              
     704                      .dwendtag $C$DW$TU$18
     705              

No Assembly Errors, No Assembly Warnings
