TMS320C2000 Assembler PC v22.6.2 Sat Dec 27 15:00:19 2025

Copyright (c) 1996-2018 Texas Instruments Incorporated
cputimer.asm                                                         PAGE    1

       1              ;***************************************************************
       2              ;* TMS320C2000 G3 C/C++ Codegen                               PC v22.6.2.LTS *
       3              ;* Date/Time created: Sat Dec 27 15:00:18 2025                 *
       4              ;***************************************************************
       5                      .compiler_opts --abi=eabi --cla_support=cla1 --diag_wrap=off --float_support=fpu32 --hll_source=on --
       6                      .asg    XAR2, FP
       7              
       8              $C$DW$CU        .dwtag  DW_TAG_compile_unit
       9                      .dwattr $C$DW$CU, DW_AT_name("../src_driver/cputimer.c")
      10                      .dwattr $C$DW$CU, DW_AT_producer("TI TMS320C2000 G3 C/C++ Codegen PC v22.6.2.LTS Copyright (c) 1996-2
      11                      .dwattr $C$DW$CU, DW_AT_TI_version(0x01)
      12                      .dwattr $C$DW$CU, DW_AT_comp_dir("C:\Users\JUNLI\workspace_ccstheia\dual_axis_servo_drive_fcl_qep_f28
      13              ;       D:\TI\ccs\tools\compiler\ti-cgt-c2000_22.6.2.LTS\bin\opt2000.exe C:\\Users\\JUNLI\\AppData\\Local\\Te
      14              ;       D:\TI\ccs\tools\compiler\ti-cgt-c2000_22.6.2.LTS\bin\acia2000.exe -@C:\\Users\\JUNLI\\AppData\\Local\
      15 00000000               .sect   ".text:CPUTimer_setEmulationMode"
      16                      .clink
      17                      .global ||CPUTimer_setEmulationMode||
      18              
      19              $C$DW$1 .dwtag  DW_TAG_subprogram
      20                      .dwattr $C$DW$1, DW_AT_name("CPUTimer_setEmulationMode")
      21                      .dwattr $C$DW$1, DW_AT_low_pc(||CPUTimer_setEmulationMode||)
      22                      .dwattr $C$DW$1, DW_AT_high_pc(0x00)
      23                      .dwattr $C$DW$1, DW_AT_linkage_name("CPUTimer_setEmulationMode")
      24                      .dwattr $C$DW$1, DW_AT_external
      25                      .dwattr $C$DW$1, DW_AT_decl_file("../src_driver/cputimer.c")
      26                      .dwattr $C$DW$1, DW_AT_decl_line(0x32)
      27                      .dwattr $C$DW$1, DW_AT_decl_column(0x06)
      28                      .dwattr $C$DW$1, DW_AT_TI_max_frame_size(-2)
      29                      .dwpsn  file "../src_driver/cputimer.c",line 51,column 1,is_stmt,address ||CPUTimer_setEmulationMode|
      30              
      31                      .dwfde $C$DW$CIE, ||CPUTimer_setEmulationMode||
      32              $C$DW$2 .dwtag  DW_TAG_formal_parameter
      33                      .dwattr $C$DW$2, DW_AT_name("base")
      34                      .dwattr $C$DW$2, DW_AT_type(*$C$DW$T$23)
      35                      .dwattr $C$DW$2, DW_AT_location[DW_OP_reg0]
      36              
      37              $C$DW$3 .dwtag  DW_TAG_formal_parameter
      38                      .dwattr $C$DW$3, DW_AT_name("mode")
      39                      .dwattr $C$DW$3, DW_AT_type(*$C$DW$T$20)
      40                      .dwattr $C$DW$3, DW_AT_location[DW_OP_reg12]
      41              
      42              
      43              ;***************************************************************
      44              ;* FNAME: CPUTimer_setEmulationMode     FR SIZE:   0           *
      45              ;*                                                             *
      46              ;* FUNCTION ENVIRONMENT                                        *
      47              ;*                                                             *
      48              ;* FUNCTION PROPERTIES                                         *
      49              ;*                            0 Parameter,  0 Auto,  0 SOE     *
      50              ;***************************************************************
      51              
      52              ||CPUTimer_setEmulationMode||:
      53              ;* AR5   assigned to base
      54              $C$DW$4 .dwtag  DW_TAG_variable
      55                      .dwattr $C$DW$4, DW_AT_name("base")
TMS320C2000 Assembler PC v22.6.2 Sat Dec 27 15:00:19 2025

Copyright (c) 1996-2018 Texas Instruments Incorporated
cputimer.asm                                                         PAGE    2

      56                      .dwattr $C$DW$4, DW_AT_type(*$C$DW$T$31)
      57                      .dwattr $C$DW$4, DW_AT_location[DW_OP_reg14]
      58              
      59              ;* AR4   assigned to mode
      60              $C$DW$5 .dwtag  DW_TAG_variable
      61                      .dwattr $C$DW$5, DW_AT_name("mode")
      62                      .dwattr $C$DW$5, DW_AT_type(*$C$DW$T$21)
      63                      .dwattr $C$DW$5, DW_AT_location[DW_OP_reg12]
      64              
      65                      .dwcfi  cfa_offset, -2
      66                      .dwcfi  save_reg_to_mem, 26, 0
      67 00000000 83A9          MOVL      XAR5,ACC              ; [CPU_ALU] |51| 
      68                      .dwpsn  file "../src_driver/cputimer.c",line 56,column 7,is_stmt,isa 0
      69 00000001 CCE5          AND       AL,*+XAR5[4],#0xf3ff  ; [CPU_ALU] |56| 
         00000002 F3FF 
      70 00000003 CAA4          OR        AL,AR4                ; [CPU_ALU] |56| 
      71 00000004 96E5          MOV       *+XAR5[4],AL          ; [CPU_ALU] |56| 
      72              $C$DW$6 .dwtag  DW_TAG_TI_branch
      73                      .dwattr $C$DW$6, DW_AT_low_pc(0x00)
      74                      .dwattr $C$DW$6, DW_AT_TI_return
      75              
      76 00000005 0006          LRETR     ; [CPU_ALU] 
      77                      ; return occurs ; [] 
      78                      .dwattr $C$DW$1, DW_AT_TI_end_file("../src_driver/cputimer.c")
      79                      .dwattr $C$DW$1, DW_AT_TI_end_line(0x3c)
      80                      .dwattr $C$DW$1, DW_AT_TI_end_column(0x01)
      81                      .dwendentry
      82                      .dwendtag $C$DW$1
      83              
      84              
      85              ;***************************************************************
      86              ;* BUILD ATTRIBUTES                                            *
      87              ;***************************************************************
      88                      .battr "c28xabi", Tag_File, 1, Tag_float_args(0)
      89                      .battr "c28xabi", Tag_File, 1, Tag_double_args(0)
      90                      .dwattr $C$DW$CU, DW_AT_language(DW_LANG_C)
      91              
      92              ;***************************************************************
      93              ;* DWARF CIE ENTRIES                                           *
      94              ;***************************************************************
      95              
      96              $C$DW$CIE       .dwcie 26
      97                      .dwcfi  cfa_register, 20
      98                      .dwcfi  cfa_offset, 0
      99                      .dwcfi  same_value, 28
     100                      .dwcfi  same_value, 6
     101                      .dwcfi  same_value, 7
     102                      .dwcfi  same_value, 8
     103                      .dwcfi  same_value, 9
     104                      .dwcfi  same_value, 10
     105                      .dwcfi  same_value, 11
     106                      .dwcfi  same_value, 59
     107                      .dwcfi  same_value, 63
     108                      .dwcfi  same_value, 67
     109                      .dwcfi  same_value, 71
TMS320C2000 Assembler PC v22.6.2 Sat Dec 27 15:00:19 2025

Copyright (c) 1996-2018 Texas Instruments Incorporated
cputimer.asm                                                         PAGE    3

     110                      .dwendentry
     111                      .dwendtag $C$DW$CU
     112              
     113              
     114              ;***************************************************************
     115              ;* TYPE INFORMATION                                            *
     116              ;***************************************************************
     117              
     118              $C$DW$TU$19     .dwtag  DW_TAG_type_unit
     119                      .dwmtype  $C$DW$T$19
     120              
     121              $C$DW$T$19      .dwtag  DW_TAG_enumeration_type
     122                      .dwattr $C$DW$T$19, DW_AT_byte_size(0x01)
     123              $C$DW$7 .dwtag  DW_TAG_enumerator
     124                      .dwattr $C$DW$7, DW_AT_name("CPUTIMER_EMULATIONMODE_STOPAFTERNEXTDECREMENT")
     125                      .dwattr $C$DW$7, DW_AT_const_value(0x00)
     126                      .dwattr $C$DW$7, DW_AT_decl_file("D:/TI/c2000/C2000Ware_MotorControl_SDK_5_04_00_00/c2000ware/driverl
     127                      .dwattr $C$DW$7, DW_AT_decl_line(0x58)
     128                      .dwattr $C$DW$7, DW_AT_decl_column(0x03)
     129              
     130              $C$DW$8 .dwtag  DW_TAG_enumerator
     131                      .dwattr $C$DW$8, DW_AT_name("CPUTIMER_EMULATIONMODE_STOPATZERO")
     132                      .dwattr $C$DW$8, DW_AT_const_value(0x400)
     133                      .dwattr $C$DW$8, DW_AT_decl_file("D:/TI/c2000/C2000Ware_MotorControl_SDK_5_04_00_00/c2000ware/driverl
     134                      .dwattr $C$DW$8, DW_AT_decl_line(0x5a)
     135                      .dwattr $C$DW$8, DW_AT_decl_column(0x03)
     136              
     137              $C$DW$9 .dwtag  DW_TAG_enumerator
     138                      .dwattr $C$DW$9, DW_AT_name("CPUTIMER_EMULATIONMODE_RUNFREE")
     139                      .dwattr $C$DW$9, DW_AT_const_value(0x800)
     140                      .dwattr $C$DW$9, DW_AT_decl_file("D:/TI/c2000/C2000Ware_MotorControl_SDK_5_04_00_00/c2000ware/driverl
     141                      .dwattr $C$DW$9, DW_AT_decl_line(0x5c)
     142                      .dwattr $C$DW$9, DW_AT_decl_column(0x03)
     143              
     144                      .dwattr $C$DW$T$19, DW_AT_decl_file("D:/TI/c2000/C2000Ware_MotorControl_SDK_5_04_00_00/c2000ware/driv
     145                      .dwattr $C$DW$T$19, DW_AT_decl_line(0x56)
     146                      .dwattr $C$DW$T$19, DW_AT_decl_column(0x01)
     147                      .dwendtag $C$DW$T$19
     148              
     149                      .dwendtag $C$DW$TU$19
     150              
     151              
     152              $C$DW$TU$20     .dwtag  DW_TAG_type_unit
     153                      .dwmtype  $C$DW$T$20
     154              $C$DW$T$20      .dwtag  DW_TAG_typedef
     155                      .dwattr $C$DW$T$20, DW_AT_name("CPUTimer_EmulationMode")
     156                      .dwattr $C$DW$T$20, DW_AT_type(*$C$DW$T$19)
     157                      .dwattr $C$DW$T$20, DW_AT_decl_file("D:/TI/c2000/C2000Ware_MotorControl_SDK_5_04_00_00/c2000ware/driv
     158                      .dwattr $C$DW$T$20, DW_AT_decl_line(0x5d)
     159                      .dwattr $C$DW$T$20, DW_AT_decl_column(0x02)
     160              
     161                      .dwendtag $C$DW$TU$20
     162              
     163              
     164              $C$DW$TU$21     .dwtag  DW_TAG_type_unit
TMS320C2000 Assembler PC v22.6.2 Sat Dec 27 15:00:19 2025

Copyright (c) 1996-2018 Texas Instruments Incorporated
cputimer.asm                                                         PAGE    4

     165                      .dwmtype  $C$DW$T$21
     166              $C$DW$10        .dwtag  DW_TAG_TI_far_type
     167                      .dwattr $C$DW$10, DW_AT_type(*$C$DW$T$20)
     168              
     169              $C$DW$T$21      .dwtag  DW_TAG_const_type
     170                      .dwattr $C$DW$T$21, DW_AT_type(*$C$DW$10)
     171              
     172                      .dwendtag $C$DW$TU$21
     173              
     174              
     175              $C$DW$TU$2      .dwtag  DW_TAG_type_unit
     176                      .dwmtype  $C$DW$T$2
     177              $C$DW$T$2       .dwtag  DW_TAG_unspecified_type
     178                      .dwattr $C$DW$T$2, DW_AT_name("void")
     179              
     180                      .dwendtag $C$DW$TU$2
     181              
     182              
     183              $C$DW$TU$4      .dwtag  DW_TAG_type_unit
     184                      .dwmtype  $C$DW$T$4
     185              $C$DW$T$4       .dwtag  DW_TAG_base_type
     186                      .dwattr $C$DW$T$4, DW_AT_encoding(DW_ATE_boolean)
     187                      .dwattr $C$DW$T$4, DW_AT_name("bool")
     188                      .dwattr $C$DW$T$4, DW_AT_byte_size(0x01)
     189              
     190                      .dwendtag $C$DW$TU$4
     191              
     192              
     193              $C$DW$TU$5      .dwtag  DW_TAG_type_unit
     194                      .dwmtype  $C$DW$T$5
     195              $C$DW$T$5       .dwtag  DW_TAG_base_type
     196                      .dwattr $C$DW$T$5, DW_AT_encoding(DW_ATE_signed_char)
     197                      .dwattr $C$DW$T$5, DW_AT_name("signed char")
     198                      .dwattr $C$DW$T$5, DW_AT_byte_size(0x01)
     199              
     200                      .dwendtag $C$DW$TU$5
     201              
     202              
     203              $C$DW$TU$6      .dwtag  DW_TAG_type_unit
     204                      .dwmtype  $C$DW$T$6
     205              $C$DW$T$6       .dwtag  DW_TAG_base_type
     206                      .dwattr $C$DW$T$6, DW_AT_encoding(DW_ATE_unsigned_char)
     207                      .dwattr $C$DW$T$6, DW_AT_name("unsigned char")
     208                      .dwattr $C$DW$T$6, DW_AT_byte_size(0x01)
     209              
     210                      .dwendtag $C$DW$TU$6
     211              
     212              
     213              $C$DW$TU$7      .dwtag  DW_TAG_type_unit
     214                      .dwmtype  $C$DW$T$7
     215              $C$DW$T$7       .dwtag  DW_TAG_base_type
     216                      .dwattr $C$DW$T$7, DW_AT_encoding(DW_ATE_signed_char)
     217                      .dwattr $C$DW$T$7, DW_AT_name("wchar_t")
     218                      .dwattr $C$DW$T$7, DW_AT_byte_size(0x02)
     219              
TMS320C2000 Assembler PC v22.6.2 Sat Dec 27 15:00:19 2025

Copyright (c) 1996-2018 Texas Instruments Incorporated
cputimer.asm                                                         PAGE    5

     220                      .dwendtag $C$DW$TU$7
     221              
     222              
     223              $C$DW$TU$8      .dwtag  DW_TAG_type_unit
     224                      .dwmtype  $C$DW$T$8
     225              $C$DW$T$8       .dwtag  DW_TAG_base_type
     226                      .dwattr $C$DW$T$8, DW_AT_encoding(DW_ATE_signed)
     227                      .dwattr $C$DW$T$8, DW_AT_name("short")
     228                      .dwattr $C$DW$T$8, DW_AT_byte_size(0x01)
     229              
     230                      .dwendtag $C$DW$TU$8
     231              
     232              
     233              $C$DW$TU$9      .dwtag  DW_TAG_type_unit
     234                      .dwmtype  $C$DW$T$9
     235              $C$DW$T$9       .dwtag  DW_TAG_base_type
     236                      .dwattr $C$DW$T$9, DW_AT_encoding(DW_ATE_unsigned)
     237                      .dwattr $C$DW$T$9, DW_AT_name("unsigned short")
     238                      .dwattr $C$DW$T$9, DW_AT_byte_size(0x01)
     239              
     240                      .dwendtag $C$DW$TU$9
     241              
     242              
     243              $C$DW$TU$10     .dwtag  DW_TAG_type_unit
     244                      .dwmtype  $C$DW$T$10
     245              $C$DW$T$10      .dwtag  DW_TAG_base_type
     246                      .dwattr $C$DW$T$10, DW_AT_encoding(DW_ATE_signed)
     247                      .dwattr $C$DW$T$10, DW_AT_name("int")
     248                      .dwattr $C$DW$T$10, DW_AT_byte_size(0x01)
     249              
     250                      .dwendtag $C$DW$TU$10
     251              
     252              
     253              $C$DW$TU$11     .dwtag  DW_TAG_type_unit
     254                      .dwmtype  $C$DW$T$11
     255              $C$DW$T$11      .dwtag  DW_TAG_base_type
     256                      .dwattr $C$DW$T$11, DW_AT_encoding(DW_ATE_unsigned)
     257                      .dwattr $C$DW$T$11, DW_AT_name("unsigned int")
     258                      .dwattr $C$DW$T$11, DW_AT_byte_size(0x01)
     259              
     260                      .dwendtag $C$DW$TU$11
     261              
     262              
     263              $C$DW$TU$28     .dwtag  DW_TAG_type_unit
     264                      .dwmtype  $C$DW$T$28
     265              $C$DW$T$28      .dwtag  DW_TAG_typedef
     266                      .dwattr $C$DW$T$28, DW_AT_name("__uint16_t")
     267                      .dwattr $C$DW$T$28, DW_AT_type(*$C$DW$T$11)
     268                      .dwattr $C$DW$T$28, DW_AT_decl_file("D:/TI/ccs/tools/compiler/ti-cgt-c2000_22.6.2.LTS/include/machine
     269                      .dwattr $C$DW$T$28, DW_AT_decl_line(0x41)
     270                      .dwattr $C$DW$T$28, DW_AT_decl_column(0x1c)
     271              
     272                      .dwendtag $C$DW$TU$28
     273              
     274              
TMS320C2000 Assembler PC v22.6.2 Sat Dec 27 15:00:19 2025

Copyright (c) 1996-2018 Texas Instruments Incorporated
cputimer.asm                                                         PAGE    6

     275              $C$DW$TU$29     .dwtag  DW_TAG_type_unit
     276                      .dwmtype  $C$DW$T$29
     277              $C$DW$T$29      .dwtag  DW_TAG_typedef
     278                      .dwattr $C$DW$T$29, DW_AT_name("uint16_t")
     279                      .dwattr $C$DW$T$29, DW_AT_type(*$C$DW$T$28)
     280                      .dwattr $C$DW$T$29, DW_AT_decl_file("D:/TI/ccs/tools/compiler/ti-cgt-c2000_22.6.2.LTS/include/sys/_st
     281                      .dwattr $C$DW$T$29, DW_AT_decl_line(0x41)
     282                      .dwattr $C$DW$T$29, DW_AT_decl_column(0x15)
     283              
     284                      .dwendtag $C$DW$TU$29
     285              
     286              
     287              $C$DW$TU$12     .dwtag  DW_TAG_type_unit
     288                      .dwmtype  $C$DW$T$12
     289              $C$DW$T$12      .dwtag  DW_TAG_base_type
     290                      .dwattr $C$DW$T$12, DW_AT_encoding(DW_ATE_signed)
     291                      .dwattr $C$DW$T$12, DW_AT_name("long")
     292                      .dwattr $C$DW$T$12, DW_AT_byte_size(0x02)
     293              
     294                      .dwendtag $C$DW$TU$12
     295              
     296              
     297              $C$DW$TU$13     .dwtag  DW_TAG_type_unit
     298                      .dwmtype  $C$DW$T$13
     299              $C$DW$T$13      .dwtag  DW_TAG_base_type
     300                      .dwattr $C$DW$T$13, DW_AT_encoding(DW_ATE_unsigned)
     301                      .dwattr $C$DW$T$13, DW_AT_name("unsigned long")
     302                      .dwattr $C$DW$T$13, DW_AT_byte_size(0x02)
     303              
     304                      .dwendtag $C$DW$TU$13
     305              
     306              
     307              $C$DW$TU$22     .dwtag  DW_TAG_type_unit
     308                      .dwmtype  $C$DW$T$22
     309              $C$DW$T$22      .dwtag  DW_TAG_typedef
     310                      .dwattr $C$DW$T$22, DW_AT_name("__uint32_t")
     311                      .dwattr $C$DW$T$22, DW_AT_type(*$C$DW$T$13)
     312                      .dwattr $C$DW$T$22, DW_AT_decl_file("D:/TI/ccs/tools/compiler/ti-cgt-c2000_22.6.2.LTS/include/machine
     313                      .dwattr $C$DW$T$22, DW_AT_decl_line(0x43)
     314                      .dwattr $C$DW$T$22, DW_AT_decl_column(0x1c)
     315              
     316                      .dwendtag $C$DW$TU$22
     317              
     318              
     319              $C$DW$TU$23     .dwtag  DW_TAG_type_unit
     320                      .dwmtype  $C$DW$T$23
     321              $C$DW$T$23      .dwtag  DW_TAG_typedef
     322                      .dwattr $C$DW$T$23, DW_AT_name("uint32_t")
     323                      .dwattr $C$DW$T$23, DW_AT_type(*$C$DW$T$22)
     324                      .dwattr $C$DW$T$23, DW_AT_decl_file("D:/TI/ccs/tools/compiler/ti-cgt-c2000_22.6.2.LTS/include/sys/_st
     325                      .dwattr $C$DW$T$23, DW_AT_decl_line(0x46)
     326                      .dwattr $C$DW$T$23, DW_AT_decl_column(0x15)
     327              
     328                      .dwendtag $C$DW$TU$23
     329              
TMS320C2000 Assembler PC v22.6.2 Sat Dec 27 15:00:19 2025

Copyright (c) 1996-2018 Texas Instruments Incorporated
cputimer.asm                                                         PAGE    7

     330              
     331              $C$DW$TU$31     .dwtag  DW_TAG_type_unit
     332                      .dwmtype  $C$DW$T$31
     333              $C$DW$11        .dwtag  DW_TAG_TI_far_type
     334                      .dwattr $C$DW$11, DW_AT_type(*$C$DW$T$23)
     335              
     336              $C$DW$T$31      .dwtag  DW_TAG_const_type
     337                      .dwattr $C$DW$T$31, DW_AT_type(*$C$DW$11)
     338              
     339                      .dwendtag $C$DW$TU$31
     340              
     341              
     342              $C$DW$TU$14     .dwtag  DW_TAG_type_unit
     343                      .dwmtype  $C$DW$T$14
     344              $C$DW$T$14      .dwtag  DW_TAG_base_type
     345                      .dwattr $C$DW$T$14, DW_AT_encoding(DW_ATE_signed)
     346                      .dwattr $C$DW$T$14, DW_AT_name("long long")
     347                      .dwattr $C$DW$T$14, DW_AT_byte_size(0x04)
     348              
     349                      .dwendtag $C$DW$TU$14
     350              
     351              
     352              $C$DW$TU$15     .dwtag  DW_TAG_type_unit
     353                      .dwmtype  $C$DW$T$15
     354              $C$DW$T$15      .dwtag  DW_TAG_base_type
     355                      .dwattr $C$DW$T$15, DW_AT_encoding(DW_ATE_unsigned)
     356                      .dwattr $C$DW$T$15, DW_AT_name("unsigned long long")
     357                      .dwattr $C$DW$T$15, DW_AT_byte_size(0x04)
     358              
     359                      .dwendtag $C$DW$TU$15
     360              
     361              
     362              $C$DW$TU$16     .dwtag  DW_TAG_type_unit
     363                      .dwmtype  $C$DW$T$16
     364              $C$DW$T$16      .dwtag  DW_TAG_base_type
     365                      .dwattr $C$DW$T$16, DW_AT_encoding(DW_ATE_float)
     366                      .dwattr $C$DW$T$16, DW_AT_name("float")
     367                      .dwattr $C$DW$T$16, DW_AT_byte_size(0x02)
     368              
     369                      .dwendtag $C$DW$TU$16
     370              
     371              
     372              $C$DW$TU$17     .dwtag  DW_TAG_type_unit
     373                      .dwmtype  $C$DW$T$17
     374              $C$DW$T$17      .dwtag  DW_TAG_base_type
     375                      .dwattr $C$DW$T$17, DW_AT_encoding(DW_ATE_float)
     376                      .dwattr $C$DW$T$17, DW_AT_name("double")
     377                      .dwattr $C$DW$T$17, DW_AT_byte_size(0x04)
     378              
     379                      .dwendtag $C$DW$TU$17
     380              
     381              
     382              $C$DW$TU$18     .dwtag  DW_TAG_type_unit
     383                      .dwmtype  $C$DW$T$18
     384              $C$DW$T$18      .dwtag  DW_TAG_base_type
TMS320C2000 Assembler PC v22.6.2 Sat Dec 27 15:00:19 2025

Copyright (c) 1996-2018 Texas Instruments Incorporated
cputimer.asm                                                         PAGE    8

     385                      .dwattr $C$DW$T$18, DW_AT_encoding(DW_ATE_float)
     386                      .dwattr $C$DW$T$18, DW_AT_name("long double")
     387                      .dwattr $C$DW$T$18, DW_AT_byte_size(0x04)
     388              
     389                      .dwendtag $C$DW$TU$18
     390              

No Assembly Errors, No Assembly Warnings
