TMS320C2000 Assembler PC v22.6.2 Sat Dec 27 15:00:19 2025

Copyright (c) 1996-2018 Texas Instruments Incorporated
flash.asm                                                            PAGE    1

       1              ;***************************************************************
       2              ;* TMS320C2000 G3 C/C++ Codegen                               PC v22.6.2.LTS *
       3              ;* Date/Time created: Sat Dec 27 15:00:19 2025                 *
       4              ;***************************************************************
       5                      .compiler_opts --abi=eabi --cla_support=cla1 --diag_wrap=off --float_support=fpu32 --hll_source=on --
       6                      .asg    XAR2, FP
       7              
       8              $C$DW$CU        .dwtag  DW_TAG_compile_unit
       9                      .dwattr $C$DW$CU, DW_AT_name("../src_driver/flash.c")
      10                      .dwattr $C$DW$CU, DW_AT_producer("TI TMS320C2000 G3 C/C++ Codegen PC v22.6.2.LTS Copyright (c) 1996-2
      11                      .dwattr $C$DW$CU, DW_AT_TI_version(0x01)
      12                      .dwattr $C$DW$CU, DW_AT_comp_dir("C:\Users\JUNLI\workspace_ccstheia\dual_axis_servo_drive_fcl_qep_f28
      13              
      14              $C$DW$1 .dwtag  DW_TAG_subprogram
      15                      .dwattr $C$DW$1, DW_AT_name("__eallow")
      16                      .dwattr $C$DW$1, DW_AT_linkage_name("__eallow")
      17                      .dwattr $C$DW$1, DW_AT_declaration
      18                      .dwattr $C$DW$1, DW_AT_external
      19                      .dwendtag $C$DW$1
      20              
      21              
      22              $C$DW$2 .dwtag  DW_TAG_subprogram
      23                      .dwattr $C$DW$2, DW_AT_name("__edis")
      24                      .dwattr $C$DW$2, DW_AT_linkage_name("__edis")
      25                      .dwattr $C$DW$2, DW_AT_declaration
      26                      .dwattr $C$DW$2, DW_AT_external
      27                      .dwendtag $C$DW$2
      28              
      29              ;       D:\TI\ccs\tools\compiler\ti-cgt-c2000_22.6.2.LTS\bin\opt2000.exe C:\\Users\\JUNLI\\AppData\\Local\\Te
      30              ;       D:\TI\ccs\tools\compiler\ti-cgt-c2000_22.6.2.LTS\bin\acia2000.exe -@C:\\Users\\JUNLI\\AppData\\Local\
      31 00000000               .sect   ".TI.ramfunc:Flash_wakeFromLPM"
      32                      .clink
      33                      .global ||Flash_wakeFromLPM||
      34              
      35              $C$DW$3 .dwtag  DW_TAG_subprogram
      36                      .dwattr $C$DW$3, DW_AT_name("Flash_wakeFromLPM")
      37                      .dwattr $C$DW$3, DW_AT_low_pc(||Flash_wakeFromLPM||)
      38                      .dwattr $C$DW$3, DW_AT_high_pc(0x00)
      39                      .dwattr $C$DW$3, DW_AT_linkage_name("Flash_wakeFromLPM")
      40                      .dwattr $C$DW$3, DW_AT_external
      41                      .dwattr $C$DW$3, DW_AT_decl_file("../src_driver/flash.c")
      42                      .dwattr $C$DW$3, DW_AT_decl_line(0x9f)
      43                      .dwattr $C$DW$3, DW_AT_decl_column(0x01)
      44                      .dwattr $C$DW$3, DW_AT_TI_max_frame_size(-2)
      45                      .dwpsn  file "../src_driver/flash.c",line 160,column 1,is_stmt,address ||Flash_wakeFromLPM||,isa 0
      46              
      47                      .dwfde $C$DW$CIE, ||Flash_wakeFromLPM||
      48              $C$DW$4 .dwtag  DW_TAG_formal_parameter
      49                      .dwattr $C$DW$4, DW_AT_name("ctrlBase")
      50                      .dwattr $C$DW$4, DW_AT_type(*$C$DW$T$26)
      51                      .dwattr $C$DW$4, DW_AT_location[DW_OP_reg0]
      52              
      53              
      54              ;***************************************************************
      55              ;* FNAME: Flash_wakeFromLPM             FR SIZE:   0           *
TMS320C2000 Assembler PC v22.6.2 Sat Dec 27 15:00:19 2025

Copyright (c) 1996-2018 Texas Instruments Incorporated
flash.asm                                                            PAGE    2

      56              ;*                                                             *
      57              ;* FUNCTION ENVIRONMENT                                        *
      58              ;*                                                             *
      59              ;* FUNCTION PROPERTIES                                         *
      60              ;*                            0 Parameter,  0 Auto,  0 SOE     *
      61              ;***************************************************************
      62              
      63              ||Flash_wakeFromLPM||:
      64              ;* AR4   assigned to ctrlBase
      65              $C$DW$5 .dwtag  DW_TAG_variable
      66                      .dwattr $C$DW$5, DW_AT_name("ctrlBase")
      67                      .dwattr $C$DW$5, DW_AT_type(*$C$DW$T$40)
      68                      .dwattr $C$DW$5, DW_AT_location[DW_OP_reg12]
      69              
      70                      .dwcfi  cfa_offset, -2
      71                      .dwcfi  save_reg_to_mem, 26, 0
      72 00000000 8AA9          MOVL      XAR4,ACC              ; [CPU_ALU] |160| 
      73                      .dwpsn  file "D:/TI/c2000/C2000Ware_MotorControl_SDK_5_04_00_00/c2000ware/driverlib/f2837xd/driverlib
      74 00000001 7622          EALLOW    ; [CPU_ALU] |350| 
      75                      .dwpsn  file "D:/TI/c2000/C2000Ware_MotorControl_SDK_5_04_00_00/c2000ware/driverlib/f2837xd/driverlib
      76 00000002 D020          MOVB      XAR0,#32              ; [CPU_ALU] |355| 
      77 00000003 0694          MOVL      ACC,*+XAR4[AR0]       ; [CPU_ALU] |355| 
      78 00000004 D020          MOVB      XAR0,#32              ; [CPU_ALU] |355| 
      79 00000005 9100          ANDB      AH,#0                 ; [CPU_ALU] |355| 
      80 00000006 5003          ORB       AL,#0x03              ; [CPU_ALU] |355| 
      81 00000007 1E94          MOVL      *+XAR4[AR0],ACC       ; [CPU_ALU] |355| 
      82                      .dwpsn  file "D:/TI/c2000/C2000Ware_MotorControl_SDK_5_04_00_00/c2000ware/driverlib/f2837xd/driverlib
      83 00000008 D024          MOVB      XAR0,#36              ; [CPU_ALU] |393| 
      84 00000009 0694          MOVL      ACC,*+XAR4[AR0]       ; [CPU_ALU] |393| 
      85 0000000a D024          MOVB      XAR0,#36              ; [CPU_ALU] |393| 
      86 0000000b 5001          ORB       AL,#0x01              ; [CPU_ALU] |393| 
      87 0000000c 1E94          MOVL      *+XAR4[AR0],ACC       ; [CPU_ALU] |393| 
      88                      .dwpsn  file "D:/TI/c2000/C2000Ware_MotorControl_SDK_5_04_00_00/c2000ware/driverlib/f2837xd/driverlib
      89 0000000d 761A          EDIS      ; [CPU_ALU] |396| 
      90              $C$DW$6 .dwtag  DW_TAG_TI_branch
      91                      .dwattr $C$DW$6, DW_AT_low_pc(0x00)
      92                      .dwattr $C$DW$6, DW_AT_TI_return
      93              
      94 0000000e 0006          LRETR     ; [CPU_ALU] 
      95                      ; return occurs ; [] 
      96                      .dwattr $C$DW$3, DW_AT_TI_end_file("../src_driver/flash.c")
      97                      .dwattr $C$DW$3, DW_AT_TI_end_line(0xaf)
      98                      .dwattr $C$DW$3, DW_AT_TI_end_column(0x01)
      99                      .dwendentry
     100                      .dwendtag $C$DW$3
     101              
     102 00000000               .sect   ".TI.ramfunc:Flash_powerDown"
     103                      .clink
     104                      .global ||Flash_powerDown||
     105              
     106              $C$DW$7 .dwtag  DW_TAG_subprogram
     107                      .dwattr $C$DW$7, DW_AT_name("Flash_powerDown")
     108                      .dwattr $C$DW$7, DW_AT_low_pc(||Flash_powerDown||)
     109                      .dwattr $C$DW$7, DW_AT_high_pc(0x00)
     110                      .dwattr $C$DW$7, DW_AT_linkage_name("Flash_powerDown")
TMS320C2000 Assembler PC v22.6.2 Sat Dec 27 15:00:19 2025

Copyright (c) 1996-2018 Texas Instruments Incorporated
flash.asm                                                            PAGE    3

     111                      .dwattr $C$DW$7, DW_AT_external
     112                      .dwattr $C$DW$7, DW_AT_decl_file("../src_driver/flash.c")
     113                      .dwattr $C$DW$7, DW_AT_decl_line(0x7f)
     114                      .dwattr $C$DW$7, DW_AT_decl_column(0x01)
     115                      .dwattr $C$DW$7, DW_AT_TI_max_frame_size(-2)
     116                      .dwpsn  file "../src_driver/flash.c",line 128,column 1,is_stmt,address ||Flash_powerDown||,isa 0
     117              
     118                      .dwfde $C$DW$CIE, ||Flash_powerDown||
     119              $C$DW$8 .dwtag  DW_TAG_formal_parameter
     120                      .dwattr $C$DW$8, DW_AT_name("ctrlBase")
     121                      .dwattr $C$DW$8, DW_AT_type(*$C$DW$T$26)
     122                      .dwattr $C$DW$8, DW_AT_location[DW_OP_reg0]
     123              
     124              
     125              ;***************************************************************
     126              ;* FNAME: Flash_powerDown               FR SIZE:   0           *
     127              ;*                                                             *
     128              ;* FUNCTION ENVIRONMENT                                        *
     129              ;*                                                             *
     130              ;* FUNCTION PROPERTIES                                         *
     131              ;*                            0 Parameter,  0 Auto,  0 SOE     *
     132              ;***************************************************************
     133              
     134              ||Flash_powerDown||:
     135              ;* AR4   assigned to ctrlBase
     136              $C$DW$9 .dwtag  DW_TAG_variable
     137                      .dwattr $C$DW$9, DW_AT_name("ctrlBase")
     138                      .dwattr $C$DW$9, DW_AT_type(*$C$DW$T$40)
     139                      .dwattr $C$DW$9, DW_AT_location[DW_OP_reg12]
     140              
     141                      .dwcfi  cfa_offset, -2
     142                      .dwcfi  save_reg_to_mem, 26, 0
     143 00000000 8AA9          MOVL      XAR4,ACC              ; [CPU_ALU] |128| 
     144                      .dwpsn  file "D:/TI/c2000/C2000Ware_MotorControl_SDK_5_04_00_00/c2000ware/driverlib/f2837xd/driverlib
     145 00000001 7622          EALLOW    ; [CPU_ALU] |604| 
     146                      .dwpsn  file "D:/TI/c2000/C2000Ware_MotorControl_SDK_5_04_00_00/c2000ware/driverlib/f2837xd/driverlib
     147 00000002 D01E          MOVB      XAR0,#30              ; [CPU_ALU] |609| 
     148 00000003 0694          MOVL      ACC,*+XAR4[AR0]       ; [CPU_ALU] |609| 
     149 00000004 18A9          AND       AL,#65280             ; [CPU_ALU] |609| 
         00000005 FF00 
     150 00000006 D01E          MOVB      XAR0,#30              ; [CPU_FPU] |609| 
     151 00000007 5014          ORB       AL,#0x14              ; [CPU_ALU] |609| 
     152 00000008 1E94          MOVL      *+XAR4[AR0],ACC       ; [CPU_ALU] |609| 
     153                      .dwpsn  file "D:/TI/c2000/C2000Ware_MotorControl_SDK_5_04_00_00/c2000ware/driverlib/f2837xd/driverlib
     154 00000009 D020          MOVB      XAR0,#32              ; [CPU_ALU] |355| 
     155 0000000a 0694          MOVL      ACC,*+XAR4[AR0]       ; [CPU_ALU] |355| 
     156 0000000b D020          MOVB      XAR0,#32              ; [CPU_ALU] |355| 
     157 0000000c 18A9          AND       AL,#65532             ; [CPU_ALU] |355| 
         0000000d FFFC 
     158 0000000e 9100          ANDB      AH,#0                 ; [CPU_ALU] |355| 
     159 0000000f 1E94          MOVL      *+XAR4[AR0],ACC       ; [CPU_ALU] |355| 
     160                      .dwpsn  file "D:/TI/c2000/C2000Ware_MotorControl_SDK_5_04_00_00/c2000ware/driverlib/f2837xd/driverlib
     161 00000010 D024          MOVB      XAR0,#36              ; [CPU_ALU] |393| 
     162 00000011 0694          MOVL      ACC,*+XAR4[AR0]       ; [CPU_ALU] |393| 
     163 00000012 D024          MOVB      XAR0,#36              ; [CPU_ALU] |393| 
TMS320C2000 Assembler PC v22.6.2 Sat Dec 27 15:00:19 2025

Copyright (c) 1996-2018 Texas Instruments Incorporated
flash.asm                                                            PAGE    4

     164 00000013 18A9          AND       AL,#65534             ; [CPU_ALU] |393| 
         00000014 FFFE 
     165 00000015 1E94          MOVL      *+XAR4[AR0],ACC       ; [CPU_ALU] |393| 
     166                      .dwpsn  file "D:/TI/c2000/C2000Ware_MotorControl_SDK_5_04_00_00/c2000ware/driverlib/f2837xd/driverlib
     167 00000016 761A          EDIS      ; [CPU_ALU] |396| 
     168              $C$DW$10        .dwtag  DW_TAG_TI_branch
     169                      .dwattr $C$DW$10, DW_AT_low_pc(0x00)
     170                      .dwattr $C$DW$10, DW_AT_TI_return
     171              
     172 00000017 0006          LRETR     ; [CPU_ALU] 
     173                      ; return occurs ; [] 
     174                      .dwattr $C$DW$7, DW_AT_TI_end_file("../src_driver/flash.c")
     175                      .dwattr $C$DW$7, DW_AT_TI_end_line(0x94)
     176                      .dwattr $C$DW$7, DW_AT_TI_end_column(0x01)
     177                      .dwendentry
     178                      .dwendtag $C$DW$7
     179              
     180 00000000               .sect   ".TI.ramfunc:Flash_initModule"
     181                      .clink
     182                      .global ||Flash_initModule||
     183              
     184              $C$DW$11        .dwtag  DW_TAG_subprogram
     185                      .dwattr $C$DW$11, DW_AT_name("Flash_initModule")
     186                      .dwattr $C$DW$11, DW_AT_low_pc(||Flash_initModule||)
     187                      .dwattr $C$DW$11, DW_AT_high_pc(0x00)
     188                      .dwattr $C$DW$11, DW_AT_linkage_name("Flash_initModule")
     189                      .dwattr $C$DW$11, DW_AT_external
     190                      .dwattr $C$DW$11, DW_AT_decl_file("../src_driver/flash.c")
     191                      .dwattr $C$DW$11, DW_AT_decl_line(0x3c)
     192                      .dwattr $C$DW$11, DW_AT_decl_column(0x01)
     193                      .dwattr $C$DW$11, DW_AT_TI_max_frame_size(-2)
     194                      .dwpsn  file "../src_driver/flash.c",line 61,column 1,is_stmt,address ||Flash_initModule||,isa 0
     195              
     196                      .dwfde $C$DW$CIE, ||Flash_initModule||
     197              $C$DW$12        .dwtag  DW_TAG_formal_parameter
     198                      .dwattr $C$DW$12, DW_AT_name("ctrlBase")
     199                      .dwattr $C$DW$12, DW_AT_type(*$C$DW$T$26)
     200                      .dwattr $C$DW$12, DW_AT_location[DW_OP_reg0]
     201              
     202              $C$DW$13        .dwtag  DW_TAG_formal_parameter
     203                      .dwattr $C$DW$13, DW_AT_name("eccBase")
     204                      .dwattr $C$DW$13, DW_AT_type(*$C$DW$T$26)
     205                      .dwattr $C$DW$13, DW_AT_location[DW_OP_breg20 -4]
     206              
     207              $C$DW$14        .dwtag  DW_TAG_formal_parameter
     208                      .dwattr $C$DW$14, DW_AT_name("waitstates")
     209                      .dwattr $C$DW$14, DW_AT_type(*$C$DW$T$28)
     210                      .dwattr $C$DW$14, DW_AT_location[DW_OP_reg12]
     211              
     212              
     213              ;***************************************************************
     214              ;* FNAME: Flash_initModule              FR SIZE:   0           *
     215              ;*                                                             *
     216              ;* FUNCTION ENVIRONMENT                                        *
     217              ;*                                                             *
TMS320C2000 Assembler PC v22.6.2 Sat Dec 27 15:00:19 2025

Copyright (c) 1996-2018 Texas Instruments Incorporated
flash.asm                                                            PAGE    5

     218              ;* FUNCTION PROPERTIES                                         *
     219              ;*                            0 Parameter,  0 Auto,  0 SOE     *
     220              ;***************************************************************
     221              
     222              ||Flash_initModule||:
     223              ;* AR5   assigned to ctrlBase
     224              $C$DW$15        .dwtag  DW_TAG_variable
     225                      .dwattr $C$DW$15, DW_AT_name("ctrlBase")
     226                      .dwattr $C$DW$15, DW_AT_type(*$C$DW$T$40)
     227                      .dwattr $C$DW$15, DW_AT_location[DW_OP_reg14]
     228              
     229              ;* AR6   assigned to eccBase
     230              $C$DW$16        .dwtag  DW_TAG_variable
     231                      .dwattr $C$DW$16, DW_AT_name("eccBase")
     232                      .dwattr $C$DW$16, DW_AT_type(*$C$DW$T$40)
     233                      .dwattr $C$DW$16, DW_AT_location[DW_OP_reg16]
     234              
     235              ;* AR4   assigned to waitstates
     236              $C$DW$17        .dwtag  DW_TAG_variable
     237                      .dwattr $C$DW$17, DW_AT_name("waitstates")
     238                      .dwattr $C$DW$17, DW_AT_type(*$C$DW$T$36)
     239                      .dwattr $C$DW$17, DW_AT_location[DW_OP_reg12]
     240              
     241                      .dwcfi  cfa_offset, -2
     242                      .dwcfi  save_reg_to_mem, 26, 0
     243 00000000 83A9          MOVL      XAR5,ACC              ; [CPU_ALU] |61| 
     244 00000001 C444          MOVL      XAR6,*-SP[4]          ; [CPU_ALU] |61| 
     245                      .dwpsn  file "D:/TI/c2000/C2000Ware_MotorControl_SDK_5_04_00_00/c2000ware/driverlib/f2837xd/driverlib
     246 00000002 7622          EALLOW    ; [CPU_ALU] |604| 
     247                      .dwpsn  file "D:/TI/c2000/C2000Ware_MotorControl_SDK_5_04_00_00/c2000ware/driverlib/f2837xd/driverlib
     248 00000003 D01E          MOVB      XAR0,#30              ; [CPU_ALU] |609| 
     249 00000004 0695          MOVL      ACC,*+XAR5[AR0]       ; [CPU_ALU] |609| 
     250 00000005 18A9          AND       AL,#65280             ; [CPU_ALU] |609| 
         00000006 FF00 
     251 00000007 D01E          MOVB      XAR0,#30              ; [CPU_FPU] |609| 
     252 00000008 5014          ORB       AL,#0x14              ; [CPU_ALU] |609| 
     253 00000009 1E95          MOVL      *+XAR5[AR0],ACC       ; [CPU_ALU] |609| 
     254                      .dwpsn  file "D:/TI/c2000/C2000Ware_MotorControl_SDK_5_04_00_00/c2000ware/driverlib/f2837xd/driverlib
     255 0000000a D020          MOVB      XAR0,#32              ; [CPU_ALU] |355| 
     256 0000000b 0695          MOVL      ACC,*+XAR5[AR0]       ; [CPU_ALU] |355| 
     257 0000000c D020          MOVB      XAR0,#32              ; [CPU_ALU] |355| 
     258 0000000d 9100          ANDB      AH,#0                 ; [CPU_ALU] |355| 
     259 0000000e 5003          ORB       AL,#0x03              ; [CPU_ALU] |355| 
     260 0000000f 1E95          MOVL      *+XAR5[AR0],ACC       ; [CPU_ALU] |355| 
     261                      .dwpsn  file "D:/TI/c2000/C2000Ware_MotorControl_SDK_5_04_00_00/c2000ware/driverlib/f2837xd/driverlib
     262 00000010 D024          MOVB      XAR0,#36              ; [CPU_ALU] |393| 
     263 00000011 0695          MOVL      ACC,*+XAR5[AR0]       ; [CPU_ALU] |393| 
     264 00000012 D024          MOVB      XAR0,#36              ; [CPU_ALU] |393| 
     265 00000013 5001          ORB       AL,#0x01              ; [CPU_ALU] |393| 
     266 00000014 1E95          MOVL      *+XAR5[AR0],ACC       ; [CPU_ALU] |393| 
     267                      .dwpsn  file "D:/TI/c2000/C2000Ware_MotorControl_SDK_5_04_00_00/c2000ware/driverlib/f2837xd/driverlib
     268 00000015 A0A9          MOVL      ACC,XAR5              ; [CPU_ALU] |514| 
     269 00000016 FF17          ADD       ACC,#3 << 7           ; [CPU_ALU] |514| 
         00000017 0003 
     270 00000018 1EA7          MOVL      XAR7,ACC              ; [CPU_ALU] |514| 
TMS320C2000 Assembler PC v22.6.2 Sat Dec 27 15:00:19 2025

Copyright (c) 1996-2018 Texas Instruments Incorporated
flash.asm                                                            PAGE    6

     271 00000019 06C7          MOVL      ACC,*+XAR7[0]         ; [CPU_ALU] |514| 
     272 0000001a 18A9          AND       AL,#65533             ; [CPU_ALU] |514| 
         0000001b FFFD 
     273 0000001c 1EC7          MOVL      *+XAR7[0],ACC         ; [CPU_ALU] |514| 
     274                      .dwpsn  file "D:/TI/c2000/C2000Ware_MotorControl_SDK_5_04_00_00/c2000ware/driverlib/f2837xd/driverlib
     275 0000001d A0A9          MOVL      ACC,XAR5              ; [CPU_ALU] |454| 
     276 0000001e FF17          ADD       ACC,#3 << 7           ; [CPU_ALU] |454| 
         0000001f 0003 
     277 00000020 1EA7          MOVL      XAR7,ACC              ; [CPU_ALU] |454| 
     278 00000021 2901          CLRC      SXM                   ; [CPU_ALU] 
     279 00000022 06C7          MOVL      ACC,*+XAR7[0]         ; [CPU_ALU] |454| 
     280 00000023 18A9          AND       AL,#65534             ; [CPU_ALU] |454| 
         00000024 FFFE 
     281 00000025 1EC7          MOVL      *+XAR7[0],ACC         ; [CPU_ALU] |454| 
     282                      .dwpsn  file "D:/TI/c2000/C2000Ware_MotorControl_SDK_5_04_00_00/c2000ware/driverlib/f2837xd/driverlib
     283 00000026 5603          MOV       ACC,AR4 << 8          ; [CPU_ALU] |308| 
         00000027 08A4 
     284 00000028 A3C5          MOVL      P,*+XAR5[0]           ; [CPU_ALU] |308| 
     285 00000029 18AB          AND       PL,#61695             ; [CPU_ALU] |308| 
         0000002a F0FF 
     286 0000002b CBAA          OR        AH,PH                 ; [CPU_ALU] |308| 
     287 0000002c CAAB          OR        AL,PL                 ; [CPU_ALU] |308| 
     288 0000002d 1EC5          MOVL      *+XAR5[0],ACC         ; [CPU_ALU] |308| 
     289                      .dwpsn  file "D:/TI/c2000/C2000Ware_MotorControl_SDK_5_04_00_00/c2000ware/driverlib/f2837xd/driverlib
     290 0000002e A0A9          MOVL      ACC,XAR5              ; [CPU_ALU] |484| 
     291 0000002f FF17          ADD       ACC,#3 << 7           ; [CPU_ALU] |484| 
         00000030 0003 
     292 00000031 8AA9          MOVL      XAR4,ACC              ; [CPU_ALU] |484| 
     293 00000032 0202          MOVB      ACC,#2                ; [CPU_ALU] |484| 
     294 00000033 98C4          OR        *+XAR4[0],AL          ; [CPU_ALU] |484| 
     295 00000034 99CC          OR        *+XAR4[1],AH          ; [CPU_ALU] |484| 
     296                      .dwpsn  file "D:/TI/c2000/C2000Ware_MotorControl_SDK_5_04_00_00/c2000ware/driverlib/f2837xd/driverlib
     297 00000035 A0A9          MOVL      ACC,XAR5              ; [CPU_ALU] |424| 
     298 00000036 FF17          ADD       ACC,#3 << 7           ; [CPU_ALU] |424| 
         00000037 0003 
     299 00000038 83A9          MOVL      XAR5,ACC              ; [CPU_ALU] |424| 
     300 00000039 0201          MOVB      ACC,#1                ; [CPU_ALU] |424| 
     301 0000003a 98C5          OR        *+XAR5[0],AL          ; [CPU_ALU] |424| 
     302 0000003b 99CD          OR        *+XAR5[1],AH          ; [CPU_ALU] |424| 
     303                      .dwpsn  file "D:/TI/c2000/C2000Ware_MotorControl_SDK_5_04_00_00/c2000ware/driverlib/f2837xd/driverlib
     304 0000003c 06C6          MOVL      ACC,*+XAR6[0]         ; [CPU_ALU] |544| 
     305 0000003d 18A9          AND       AL,#65528             ; [CPU_ALU] |544| 
         0000003e FFF8 
     306 0000003f 500A          ORB       AL,#0x0a              ; [CPU_ALU] |544| 
     307 00000040 1EC6          MOVL      *+XAR6[0],ACC         ; [CPU_ALU] |544| 
     308                      .dwpsn  file "D:/TI/c2000/C2000Ware_MotorControl_SDK_5_04_00_00/c2000ware/driverlib/f2837xd/driverlib
     309 00000041 761A          EDIS      ; [CPU_ALU] |547| 
     310 00000042 F607   RPT #7 || NOP
         00000043 7700 
     311 00000044 FF69          SPM       #0                    ; [CPU_ALU] 
     312              $C$DW$18        .dwtag  DW_TAG_TI_branch
     313                      .dwattr $C$DW$18, DW_AT_low_pc(0x00)
     314                      .dwattr $C$DW$18, DW_AT_TI_return
     315              
     316 00000045 0006          LRETR     ; [CPU_ALU] 
TMS320C2000 Assembler PC v22.6.2 Sat Dec 27 15:00:19 2025

Copyright (c) 1996-2018 Texas Instruments Incorporated
flash.asm                                                            PAGE    7

     317                      ; return occurs ; [] 
     318                      .dwattr $C$DW$11, DW_AT_TI_end_file("../src_driver/flash.c")
     319                      .dwattr $C$DW$11, DW_AT_TI_end_line(0x74)
     320                      .dwattr $C$DW$11, DW_AT_TI_end_column(0x01)
     321                      .dwendentry
     322                      .dwendtag $C$DW$11
     323              
     324              
     325              ;***************************************************************
     326              ;* BUILD ATTRIBUTES                                            *
     327              ;***************************************************************
     328                      .battr "c28xabi", Tag_File, 1, Tag_float_args(0)
     329                      .battr "c28xabi", Tag_File, 1, Tag_double_args(0)
     330                      .dwattr $C$DW$CU, DW_AT_language(DW_LANG_C)
     331              
     332              ;***************************************************************
     333              ;* DWARF CIE ENTRIES                                           *
     334              ;***************************************************************
     335              
     336              $C$DW$CIE       .dwcie 26
     337                      .dwcfi  cfa_register, 20
     338                      .dwcfi  cfa_offset, 0
     339                      .dwcfi  same_value, 28
     340                      .dwcfi  same_value, 6
     341                      .dwcfi  same_value, 7
     342                      .dwcfi  same_value, 8
     343                      .dwcfi  same_value, 9
     344                      .dwcfi  same_value, 10
     345                      .dwcfi  same_value, 11
     346                      .dwcfi  same_value, 59
     347                      .dwcfi  same_value, 63
     348                      .dwcfi  same_value, 67
     349                      .dwcfi  same_value, 71
     350                      .dwendentry
     351                      .dwendtag $C$DW$CU
     352              
     353              
     354              ;***************************************************************
     355              ;* TYPE INFORMATION                                            *
     356              ;***************************************************************
     357              
     358              $C$DW$TU$19     .dwtag  DW_TAG_type_unit
     359                      .dwmtype  $C$DW$T$19
     360              
     361              $C$DW$T$19      .dwtag  DW_TAG_enumeration_type
     362                      .dwattr $C$DW$T$19, DW_AT_byte_size(0x01)
     363              $C$DW$19        .dwtag  DW_TAG_enumerator
     364                      .dwattr $C$DW$19, DW_AT_name("FLASH_BANK")
     365                      .dwattr $C$DW$19, DW_AT_const_value(0x00)
     366                      .dwattr $C$DW$19, DW_AT_decl_file("D:/TI/c2000/C2000Ware_MotorControl_SDK_5_04_00_00/c2000ware/driver
     367                      .dwattr $C$DW$19, DW_AT_decl_line(0x5c)
     368                      .dwattr $C$DW$19, DW_AT_decl_column(0x05)
     369              
     370                      .dwattr $C$DW$T$19, DW_AT_decl_file("D:/TI/c2000/C2000Ware_MotorControl_SDK_5_04_00_00/c2000ware/driv
     371                      .dwattr $C$DW$T$19, DW_AT_decl_line(0x5b)
TMS320C2000 Assembler PC v22.6.2 Sat Dec 27 15:00:19 2025

Copyright (c) 1996-2018 Texas Instruments Incorporated
flash.asm                                                            PAGE    8

     372                      .dwattr $C$DW$T$19, DW_AT_decl_column(0x01)
     373                      .dwendtag $C$DW$T$19
     374              
     375                      .dwendtag $C$DW$TU$19
     376              
     377              
     378              $C$DW$TU$20     .dwtag  DW_TAG_type_unit
     379                      .dwmtype  $C$DW$T$20
     380              $C$DW$T$20      .dwtag  DW_TAG_typedef
     381                      .dwattr $C$DW$T$20, DW_AT_name("Flash_BankNumber")
     382                      .dwattr $C$DW$T$20, DW_AT_type(*$C$DW$T$19)
     383                      .dwattr $C$DW$T$20, DW_AT_decl_file("D:/TI/c2000/C2000Ware_MotorControl_SDK_5_04_00_00/c2000ware/driv
     384                      .dwattr $C$DW$T$20, DW_AT_decl_line(0x5d)
     385                      .dwattr $C$DW$T$20, DW_AT_decl_column(0x03)
     386              
     387                      .dwendtag $C$DW$TU$20
     388              
     389              
     390              $C$DW$TU$21     .dwtag  DW_TAG_type_unit
     391                      .dwmtype  $C$DW$T$21
     392              
     393              $C$DW$T$21      .dwtag  DW_TAG_enumeration_type
     394                      .dwattr $C$DW$T$21, DW_AT_byte_size(0x01)
     395              $C$DW$20        .dwtag  DW_TAG_enumerator
     396                      .dwattr $C$DW$20, DW_AT_name("FLASH_BANK_PWR_SLEEP")
     397                      .dwattr $C$DW$20, DW_AT_const_value(0x00)
     398                      .dwattr $C$DW$20, DW_AT_decl_file("D:/TI/c2000/C2000Ware_MotorControl_SDK_5_04_00_00/c2000ware/driver
     399                      .dwattr $C$DW$20, DW_AT_decl_line(0x73)
     400                      .dwattr $C$DW$20, DW_AT_decl_column(0x05)
     401              
     402              $C$DW$21        .dwtag  DW_TAG_enumerator
     403                      .dwattr $C$DW$21, DW_AT_name("FLASH_BANK_PWR_STANDBY")
     404                      .dwattr $C$DW$21, DW_AT_const_value(0x01)
     405                      .dwattr $C$DW$21, DW_AT_decl_file("D:/TI/c2000/C2000Ware_MotorControl_SDK_5_04_00_00/c2000ware/driver
     406                      .dwattr $C$DW$21, DW_AT_decl_line(0x74)
     407                      .dwattr $C$DW$21, DW_AT_decl_column(0x05)
     408              
     409              $C$DW$22        .dwtag  DW_TAG_enumerator
     410                      .dwattr $C$DW$22, DW_AT_name("FLASH_BANK_PWR_ACTIVE")
     411                      .dwattr $C$DW$22, DW_AT_const_value(0x03)
     412                      .dwattr $C$DW$22, DW_AT_decl_file("D:/TI/c2000/C2000Ware_MotorControl_SDK_5_04_00_00/c2000ware/driver
     413                      .dwattr $C$DW$22, DW_AT_decl_line(0x75)
     414                      .dwattr $C$DW$22, DW_AT_decl_column(0x05)
     415              
     416                      .dwattr $C$DW$T$21, DW_AT_decl_file("D:/TI/c2000/C2000Ware_MotorControl_SDK_5_04_00_00/c2000ware/driv
     417                      .dwattr $C$DW$T$21, DW_AT_decl_line(0x72)
     418                      .dwattr $C$DW$T$21, DW_AT_decl_column(0x01)
     419                      .dwendtag $C$DW$T$21
     420              
     421                      .dwendtag $C$DW$TU$21
     422              
     423              
     424              $C$DW$TU$22     .dwtag  DW_TAG_type_unit
     425                      .dwmtype  $C$DW$T$22
     426              $C$DW$T$22      .dwtag  DW_TAG_typedef
TMS320C2000 Assembler PC v22.6.2 Sat Dec 27 15:00:19 2025

Copyright (c) 1996-2018 Texas Instruments Incorporated
flash.asm                                                            PAGE    9

     427                      .dwattr $C$DW$T$22, DW_AT_name("Flash_BankPowerMode")
     428                      .dwattr $C$DW$T$22, DW_AT_type(*$C$DW$T$21)
     429                      .dwattr $C$DW$T$22, DW_AT_decl_file("D:/TI/c2000/C2000Ware_MotorControl_SDK_5_04_00_00/c2000ware/driv
     430                      .dwattr $C$DW$T$22, DW_AT_decl_line(0x76)
     431                      .dwattr $C$DW$T$22, DW_AT_decl_column(0x03)
     432              
     433                      .dwendtag $C$DW$TU$22
     434              
     435              
     436              $C$DW$TU$23     .dwtag  DW_TAG_type_unit
     437                      .dwmtype  $C$DW$T$23
     438              
     439              $C$DW$T$23      .dwtag  DW_TAG_enumeration_type
     440                      .dwattr $C$DW$T$23, DW_AT_byte_size(0x01)
     441              $C$DW$23        .dwtag  DW_TAG_enumerator
     442                      .dwattr $C$DW$23, DW_AT_name("FLASH_PUMP_PWR_SLEEP")
     443                      .dwattr $C$DW$23, DW_AT_const_value(0x00)
     444                      .dwattr $C$DW$23, DW_AT_decl_file("D:/TI/c2000/C2000Ware_MotorControl_SDK_5_04_00_00/c2000ware/driver
     445                      .dwattr $C$DW$23, DW_AT_decl_line(0x80)
     446                      .dwattr $C$DW$23, DW_AT_decl_column(0x05)
     447              
     448              $C$DW$24        .dwtag  DW_TAG_enumerator
     449                      .dwattr $C$DW$24, DW_AT_name("FLASH_PUMP_PWR_ACTIVE")
     450                      .dwattr $C$DW$24, DW_AT_const_value(0x01)
     451                      .dwattr $C$DW$24, DW_AT_decl_file("D:/TI/c2000/C2000Ware_MotorControl_SDK_5_04_00_00/c2000ware/driver
     452                      .dwattr $C$DW$24, DW_AT_decl_line(0x81)
     453                      .dwattr $C$DW$24, DW_AT_decl_column(0x05)
     454              
     455                      .dwattr $C$DW$T$23, DW_AT_decl_file("D:/TI/c2000/C2000Ware_MotorControl_SDK_5_04_00_00/c2000ware/driv
     456                      .dwattr $C$DW$T$23, DW_AT_decl_line(0x7f)
     457                      .dwattr $C$DW$T$23, DW_AT_decl_column(0x01)
     458                      .dwendtag $C$DW$T$23
     459              
     460                      .dwendtag $C$DW$TU$23
     461              
     462              
     463              $C$DW$TU$24     .dwtag  DW_TAG_type_unit
     464                      .dwmtype  $C$DW$T$24
     465              $C$DW$T$24      .dwtag  DW_TAG_typedef
     466                      .dwattr $C$DW$T$24, DW_AT_name("Flash_PumpPowerMode")
     467                      .dwattr $C$DW$T$24, DW_AT_type(*$C$DW$T$23)
     468                      .dwattr $C$DW$T$24, DW_AT_decl_file("D:/TI/c2000/C2000Ware_MotorControl_SDK_5_04_00_00/c2000ware/driv
     469                      .dwattr $C$DW$T$24, DW_AT_decl_line(0x82)
     470                      .dwattr $C$DW$T$24, DW_AT_decl_column(0x03)
     471              
     472                      .dwendtag $C$DW$TU$24
     473              
     474              
     475              $C$DW$TU$2      .dwtag  DW_TAG_type_unit
     476                      .dwmtype  $C$DW$T$2
     477              $C$DW$T$2       .dwtag  DW_TAG_unspecified_type
     478                      .dwattr $C$DW$T$2, DW_AT_name("void")
     479              
     480                      .dwendtag $C$DW$TU$2
     481              
TMS320C2000 Assembler PC v22.6.2 Sat Dec 27 15:00:19 2025

Copyright (c) 1996-2018 Texas Instruments Incorporated
flash.asm                                                            PAGE   10

     482              
     483              $C$DW$TU$4      .dwtag  DW_TAG_type_unit
     484                      .dwmtype  $C$DW$T$4
     485              $C$DW$T$4       .dwtag  DW_TAG_base_type
     486                      .dwattr $C$DW$T$4, DW_AT_encoding(DW_ATE_boolean)
     487                      .dwattr $C$DW$T$4, DW_AT_name("bool")
     488                      .dwattr $C$DW$T$4, DW_AT_byte_size(0x01)
     489              
     490                      .dwendtag $C$DW$TU$4
     491              
     492              
     493              $C$DW$TU$5      .dwtag  DW_TAG_type_unit
     494                      .dwmtype  $C$DW$T$5
     495              $C$DW$T$5       .dwtag  DW_TAG_base_type
     496                      .dwattr $C$DW$T$5, DW_AT_encoding(DW_ATE_signed_char)
     497                      .dwattr $C$DW$T$5, DW_AT_name("signed char")
     498                      .dwattr $C$DW$T$5, DW_AT_byte_size(0x01)
     499              
     500                      .dwendtag $C$DW$TU$5
     501              
     502              
     503              $C$DW$TU$6      .dwtag  DW_TAG_type_unit
     504                      .dwmtype  $C$DW$T$6
     505              $C$DW$T$6       .dwtag  DW_TAG_base_type
     506                      .dwattr $C$DW$T$6, DW_AT_encoding(DW_ATE_unsigned_char)
     507                      .dwattr $C$DW$T$6, DW_AT_name("unsigned char")
     508                      .dwattr $C$DW$T$6, DW_AT_byte_size(0x01)
     509              
     510                      .dwendtag $C$DW$TU$6
     511              
     512              
     513              $C$DW$TU$7      .dwtag  DW_TAG_type_unit
     514                      .dwmtype  $C$DW$T$7
     515              $C$DW$T$7       .dwtag  DW_TAG_base_type
     516                      .dwattr $C$DW$T$7, DW_AT_encoding(DW_ATE_signed_char)
     517                      .dwattr $C$DW$T$7, DW_AT_name("wchar_t")
     518                      .dwattr $C$DW$T$7, DW_AT_byte_size(0x02)
     519              
     520                      .dwendtag $C$DW$TU$7
     521              
     522              
     523              $C$DW$TU$8      .dwtag  DW_TAG_type_unit
     524                      .dwmtype  $C$DW$T$8
     525              $C$DW$T$8       .dwtag  DW_TAG_base_type
     526                      .dwattr $C$DW$T$8, DW_AT_encoding(DW_ATE_signed)
     527                      .dwattr $C$DW$T$8, DW_AT_name("short")
     528                      .dwattr $C$DW$T$8, DW_AT_byte_size(0x01)
     529              
     530                      .dwendtag $C$DW$TU$8
     531              
     532              
     533              $C$DW$TU$9      .dwtag  DW_TAG_type_unit
     534                      .dwmtype  $C$DW$T$9
     535              $C$DW$T$9       .dwtag  DW_TAG_base_type
     536                      .dwattr $C$DW$T$9, DW_AT_encoding(DW_ATE_unsigned)
TMS320C2000 Assembler PC v22.6.2 Sat Dec 27 15:00:19 2025

Copyright (c) 1996-2018 Texas Instruments Incorporated
flash.asm                                                            PAGE   11

     537                      .dwattr $C$DW$T$9, DW_AT_name("unsigned short")
     538                      .dwattr $C$DW$T$9, DW_AT_byte_size(0x01)
     539              
     540                      .dwendtag $C$DW$TU$9
     541              
     542              
     543              $C$DW$TU$10     .dwtag  DW_TAG_type_unit
     544                      .dwmtype  $C$DW$T$10
     545              $C$DW$T$10      .dwtag  DW_TAG_base_type
     546                      .dwattr $C$DW$T$10, DW_AT_encoding(DW_ATE_signed)
     547                      .dwattr $C$DW$T$10, DW_AT_name("int")
     548                      .dwattr $C$DW$T$10, DW_AT_byte_size(0x01)
     549              
     550                      .dwendtag $C$DW$TU$10
     551              
     552              
     553              $C$DW$TU$11     .dwtag  DW_TAG_type_unit
     554                      .dwmtype  $C$DW$T$11
     555              $C$DW$T$11      .dwtag  DW_TAG_base_type
     556                      .dwattr $C$DW$T$11, DW_AT_encoding(DW_ATE_unsigned)
     557                      .dwattr $C$DW$T$11, DW_AT_name("unsigned int")
     558                      .dwattr $C$DW$T$11, DW_AT_byte_size(0x01)
     559              
     560                      .dwendtag $C$DW$TU$11
     561              
     562              
     563              $C$DW$TU$27     .dwtag  DW_TAG_type_unit
     564                      .dwmtype  $C$DW$T$27
     565              $C$DW$T$27      .dwtag  DW_TAG_typedef
     566                      .dwattr $C$DW$T$27, DW_AT_name("__uint16_t")
     567                      .dwattr $C$DW$T$27, DW_AT_type(*$C$DW$T$11)
     568                      .dwattr $C$DW$T$27, DW_AT_decl_file("D:/TI/ccs/tools/compiler/ti-cgt-c2000_22.6.2.LTS/include/machine
     569                      .dwattr $C$DW$T$27, DW_AT_decl_line(0x41)
     570                      .dwattr $C$DW$T$27, DW_AT_decl_column(0x1c)
     571              
     572                      .dwendtag $C$DW$TU$27
     573              
     574              
     575              $C$DW$TU$28     .dwtag  DW_TAG_type_unit
     576                      .dwmtype  $C$DW$T$28
     577              $C$DW$T$28      .dwtag  DW_TAG_typedef
     578                      .dwattr $C$DW$T$28, DW_AT_name("uint16_t")
     579                      .dwattr $C$DW$T$28, DW_AT_type(*$C$DW$T$27)
     580                      .dwattr $C$DW$T$28, DW_AT_decl_file("D:/TI/ccs/tools/compiler/ti-cgt-c2000_22.6.2.LTS/include/sys/_st
     581                      .dwattr $C$DW$T$28, DW_AT_decl_line(0x41)
     582                      .dwattr $C$DW$T$28, DW_AT_decl_column(0x15)
     583              
     584                      .dwendtag $C$DW$TU$28
     585              
     586              
     587              $C$DW$TU$36     .dwtag  DW_TAG_type_unit
     588                      .dwmtype  $C$DW$T$36
     589              $C$DW$25        .dwtag  DW_TAG_TI_far_type
     590                      .dwattr $C$DW$25, DW_AT_type(*$C$DW$T$28)
     591              
TMS320C2000 Assembler PC v22.6.2 Sat Dec 27 15:00:19 2025

Copyright (c) 1996-2018 Texas Instruments Incorporated
flash.asm                                                            PAGE   12

     592              $C$DW$T$36      .dwtag  DW_TAG_const_type
     593                      .dwattr $C$DW$T$36, DW_AT_type(*$C$DW$25)
     594              
     595                      .dwendtag $C$DW$TU$36
     596              
     597              
     598              $C$DW$TU$12     .dwtag  DW_TAG_type_unit
     599                      .dwmtype  $C$DW$T$12
     600              $C$DW$T$12      .dwtag  DW_TAG_base_type
     601                      .dwattr $C$DW$T$12, DW_AT_encoding(DW_ATE_signed)
     602                      .dwattr $C$DW$T$12, DW_AT_name("long")
     603                      .dwattr $C$DW$T$12, DW_AT_byte_size(0x02)
     604              
     605                      .dwendtag $C$DW$TU$12
     606              
     607              
     608              $C$DW$TU$13     .dwtag  DW_TAG_type_unit
     609                      .dwmtype  $C$DW$T$13
     610              $C$DW$T$13      .dwtag  DW_TAG_base_type
     611                      .dwattr $C$DW$T$13, DW_AT_encoding(DW_ATE_unsigned)
     612                      .dwattr $C$DW$T$13, DW_AT_name("unsigned long")
     613                      .dwattr $C$DW$T$13, DW_AT_byte_size(0x02)
     614              
     615                      .dwendtag $C$DW$TU$13
     616              
     617              
     618              $C$DW$TU$25     .dwtag  DW_TAG_type_unit
     619                      .dwmtype  $C$DW$T$25
     620              $C$DW$T$25      .dwtag  DW_TAG_typedef
     621                      .dwattr $C$DW$T$25, DW_AT_name("__uint32_t")
     622                      .dwattr $C$DW$T$25, DW_AT_type(*$C$DW$T$13)
     623                      .dwattr $C$DW$T$25, DW_AT_decl_file("D:/TI/ccs/tools/compiler/ti-cgt-c2000_22.6.2.LTS/include/machine
     624                      .dwattr $C$DW$T$25, DW_AT_decl_line(0x43)
     625                      .dwattr $C$DW$T$25, DW_AT_decl_column(0x1c)
     626              
     627                      .dwendtag $C$DW$TU$25
     628              
     629              
     630              $C$DW$TU$26     .dwtag  DW_TAG_type_unit
     631                      .dwmtype  $C$DW$T$26
     632              $C$DW$T$26      .dwtag  DW_TAG_typedef
     633                      .dwattr $C$DW$T$26, DW_AT_name("uint32_t")
     634                      .dwattr $C$DW$T$26, DW_AT_type(*$C$DW$T$25)
     635                      .dwattr $C$DW$T$26, DW_AT_decl_file("D:/TI/ccs/tools/compiler/ti-cgt-c2000_22.6.2.LTS/include/sys/_st
     636                      .dwattr $C$DW$T$26, DW_AT_decl_line(0x46)
     637                      .dwattr $C$DW$T$26, DW_AT_decl_column(0x15)
     638              
     639                      .dwendtag $C$DW$TU$26
     640              
     641              
     642              $C$DW$TU$40     .dwtag  DW_TAG_type_unit
     643                      .dwmtype  $C$DW$T$40
     644              $C$DW$26        .dwtag  DW_TAG_TI_far_type
     645                      .dwattr $C$DW$26, DW_AT_type(*$C$DW$T$26)
     646              
TMS320C2000 Assembler PC v22.6.2 Sat Dec 27 15:00:19 2025

Copyright (c) 1996-2018 Texas Instruments Incorporated
flash.asm                                                            PAGE   13

     647              $C$DW$T$40      .dwtag  DW_TAG_const_type
     648                      .dwattr $C$DW$T$40, DW_AT_type(*$C$DW$26)
     649              
     650                      .dwendtag $C$DW$TU$40
     651              
     652              
     653              $C$DW$TU$14     .dwtag  DW_TAG_type_unit
     654                      .dwmtype  $C$DW$T$14
     655              $C$DW$T$14      .dwtag  DW_TAG_base_type
     656                      .dwattr $C$DW$T$14, DW_AT_encoding(DW_ATE_signed)
     657                      .dwattr $C$DW$T$14, DW_AT_name("long long")
     658                      .dwattr $C$DW$T$14, DW_AT_byte_size(0x04)
     659              
     660                      .dwendtag $C$DW$TU$14
     661              
     662              
     663              $C$DW$TU$15     .dwtag  DW_TAG_type_unit
     664                      .dwmtype  $C$DW$T$15
     665              $C$DW$T$15      .dwtag  DW_TAG_base_type
     666                      .dwattr $C$DW$T$15, DW_AT_encoding(DW_ATE_unsigned)
     667                      .dwattr $C$DW$T$15, DW_AT_name("unsigned long long")
     668                      .dwattr $C$DW$T$15, DW_AT_byte_size(0x04)
     669              
     670                      .dwendtag $C$DW$TU$15
     671              
     672              
     673              $C$DW$TU$16     .dwtag  DW_TAG_type_unit
     674                      .dwmtype  $C$DW$T$16
     675              $C$DW$T$16      .dwtag  DW_TAG_base_type
     676                      .dwattr $C$DW$T$16, DW_AT_encoding(DW_ATE_float)
     677                      .dwattr $C$DW$T$16, DW_AT_name("float")
     678                      .dwattr $C$DW$T$16, DW_AT_byte_size(0x02)
     679              
     680                      .dwendtag $C$DW$TU$16
     681              
     682              
     683              $C$DW$TU$17     .dwtag  DW_TAG_type_unit
     684                      .dwmtype  $C$DW$T$17
     685              $C$DW$T$17      .dwtag  DW_TAG_base_type
     686                      .dwattr $C$DW$T$17, DW_AT_encoding(DW_ATE_float)
     687                      .dwattr $C$DW$T$17, DW_AT_name("double")
     688                      .dwattr $C$DW$T$17, DW_AT_byte_size(0x04)
     689              
     690                      .dwendtag $C$DW$TU$17
     691              
     692              
     693              $C$DW$TU$18     .dwtag  DW_TAG_type_unit
     694                      .dwmtype  $C$DW$T$18
     695              $C$DW$T$18      .dwtag  DW_TAG_base_type
     696                      .dwattr $C$DW$T$18, DW_AT_encoding(DW_ATE_float)
     697                      .dwattr $C$DW$T$18, DW_AT_name("long double")
     698                      .dwattr $C$DW$T$18, DW_AT_byte_size(0x04)
     699              
     700                      .dwendtag $C$DW$TU$18
     701              
TMS320C2000 Assembler PC v22.6.2 Sat Dec 27 15:00:19 2025

Copyright (c) 1996-2018 Texas Instruments Incorporated
flash.asm                                                            PAGE   14


No Assembly Errors, No Assembly Warnings
