TMS320C2000 Assembler PC v22.6.2 Sat Dec 27 15:00:19 2025

Copyright (c) 1996-2018 Texas Instruments Incorporated
interrupt.asm                                                        PAGE    1

       1              ;***************************************************************
       2              ;* TMS320C2000 G3 C/C++ Codegen                               PC v22.6.2.LTS *
       3              ;* Date/Time created: Sat Dec 27 15:00:19 2025                 *
       4              ;***************************************************************
       5                      .compiler_opts --abi=eabi --cla_support=cla1 --diag_wrap=off --float_support=fpu32 --hll_source=on --
       6                      .asg    XAR2, FP
       7              
       8              $C$DW$CU        .dwtag  DW_TAG_compile_unit
       9                      .dwattr $C$DW$CU, DW_AT_name("../src_driver/interrupt.c")
      10                      .dwattr $C$DW$CU, DW_AT_producer("TI TMS320C2000 G3 C/C++ Codegen PC v22.6.2.LTS Copyright (c) 1996-2
      11                      .dwattr $C$DW$CU, DW_AT_TI_version(0x01)
      12                      .dwattr $C$DW$CU, DW_AT_comp_dir("C:\Users\JUNLI\workspace_ccstheia\dual_axis_servo_drive_fcl_qep_f28
      13              
      14              $C$DW$1 .dwtag  DW_TAG_subprogram
      15                      .dwattr $C$DW$1, DW_AT_name("__enable_interrupts")
      16                      .dwattr $C$DW$1, DW_AT_linkage_name("__enable_interrupts")
      17                      .dwattr $C$DW$1, DW_AT_type(*$C$DW$T$11)
      18                      .dwattr $C$DW$1, DW_AT_declaration
      19                      .dwattr $C$DW$1, DW_AT_external
      20                      .dwendtag $C$DW$1
      21              
      22              
      23              $C$DW$2 .dwtag  DW_TAG_subprogram
      24                      .dwattr $C$DW$2, DW_AT_name("__disable_interrupts")
      25                      .dwattr $C$DW$2, DW_AT_linkage_name("__disable_interrupts")
      26                      .dwattr $C$DW$2, DW_AT_type(*$C$DW$T$11)
      27                      .dwattr $C$DW$2, DW_AT_declaration
      28                      .dwattr $C$DW$2, DW_AT_external
      29                      .dwendtag $C$DW$2
      30              
      31              
      32              $C$DW$3 .dwtag  DW_TAG_subprogram
      33                      .dwattr $C$DW$3, DW_AT_name("__eallow")
      34                      .dwattr $C$DW$3, DW_AT_linkage_name("__eallow")
      35                      .dwattr $C$DW$3, DW_AT_declaration
      36                      .dwattr $C$DW$3, DW_AT_external
      37                      .dwendtag $C$DW$3
      38              
      39              
      40              $C$DW$4 .dwtag  DW_TAG_subprogram
      41                      .dwattr $C$DW$4, DW_AT_name("__edis")
      42                      .dwattr $C$DW$4, DW_AT_linkage_name("__edis")
      43                      .dwattr $C$DW$4, DW_AT_declaration
      44                      .dwattr $C$DW$4, DW_AT_external
      45                      .dwendtag $C$DW$4
      46              
      47              ;       D:\TI\ccs\tools\compiler\ti-cgt-c2000_22.6.2.LTS\bin\opt2000.exe C:\\Users\\JUNLI\\AppData\\Local\\Te
      48              ;       D:\TI\ccs\tools\compiler\ti-cgt-c2000_22.6.2.LTS\bin\acia2000.exe -@C:\\Users\\JUNLI\\AppData\\Local\
      49 00000000               .sect   ".text:Interrupt_nmiHandler"
      50                      .retain
      51                      .retainrefs
      52                      .global ||Interrupt_nmiHandler||
      53              
      54              $C$DW$5 .dwtag  DW_TAG_subprogram
      55                      .dwattr $C$DW$5, DW_AT_name("Interrupt_nmiHandler")
TMS320C2000 Assembler PC v22.6.2 Sat Dec 27 15:00:19 2025

Copyright (c) 1996-2018 Texas Instruments Incorporated
interrupt.asm                                                        PAGE    2

      56                      .dwattr $C$DW$5, DW_AT_low_pc(||Interrupt_nmiHandler||)
      57                      .dwattr $C$DW$5, DW_AT_high_pc(0x00)
      58                      .dwattr $C$DW$5, DW_AT_linkage_name("Interrupt_nmiHandler")
      59                      .dwattr $C$DW$5, DW_AT_external
      60                      .dwattr $C$DW$5, DW_AT_decl_file("../src_driver/interrupt.c")
      61                      .dwattr $C$DW$5, DW_AT_decl_line(0xee)
      62                      .dwattr $C$DW$5, DW_AT_decl_column(0x12)
      63                      .dwattr $C$DW$5, DW_AT_TI_interrupt
      64                      .dwattr $C$DW$5, DW_AT_TI_max_frame_size(-6)
      65                      .dwpsn  file "../src_driver/interrupt.c",line 239,column 1,is_stmt,address ||Interrupt_nmiHandler||,i
      66              
      67                      .dwfde $C$DW$CIE, ||Interrupt_nmiHandler||
      68              
      69              ;***************************************************************
      70              ;* FNAME: Interrupt_nmiHandler          FR SIZE:   4           *
      71              ;*                                                             *
      72              ;* FUNCTION ENVIRONMENT                                        *
      73              ;*                                                             *
      74              ;* FUNCTION PROPERTIES                                         *
      75              ;*                            0 Parameter,  0 Auto,  4 SOE     *
      76              ;***************************************************************
      77              
      78 00000000       ||Interrupt_nmiHandler||:
      79                      .dwcfi  cfa_offset, -2
      80                      .dwcfi  save_reg_to_mem, 26, 0
      81 00000000 761B          ASP       ; [CPU_ALU] 
      82 00000001 FFF0          PUSH      RB                    ; [CPU_FPU] 
      83                      .dwcfi  save_reg_to_mem, 74, 4
      84                      .dwcfi  cfa_offset, -4
      85 00000002 E200          MOV32     *SP++,STF             ; [CPU_FPU] 
         00000003 00BD 
      86                      .dwcfi  save_reg_to_mem, 40, 6
      87                      .dwcfi  cfa_offset, -6
      88 00000004 E630          SETFLG    RNDF32=1, RNDF64=1    ; [CPU_FPU] 
         00000005 0600 
      89 00000006 2942          CLRC      PAGE0,OVM             ; [CPU_ALU] 
      90 00000007 5616          CLRC      AMODE                 ; [CPU_ALU] 
      91 00000008 7625   ESTOP0
      92 00000009       ||$C$L1||:    
      93                      .dwpsn  file "../src_driver/interrupt.c",line 249,column 5,is_stmt,isa 0
      94 00000009 6F00          B         ||$C$L1||,UNC         ; [CPU_ALU] |249| 
      95                      ; branch occurs ; [] |249| 
      96                      .dwattr $C$DW$5, DW_AT_TI_end_file("../src_driver/interrupt.c")
      97                      .dwattr $C$DW$5, DW_AT_TI_end_line(0xfa)
      98                      .dwattr $C$DW$5, DW_AT_TI_end_column(0x01)
      99                      .dwendentry
     100                      .dwendtag $C$DW$5
     101              
     102 00000000               .sect   ".text:Interrupt_initVectorTable"
     103                      .clink
     104                      .global ||Interrupt_initVectorTable||
     105              
     106              $C$DW$6 .dwtag  DW_TAG_subprogram
     107                      .dwattr $C$DW$6, DW_AT_name("Interrupt_initVectorTable")
     108                      .dwattr $C$DW$6, DW_AT_low_pc(||Interrupt_initVectorTable||)
TMS320C2000 Assembler PC v22.6.2 Sat Dec 27 15:00:19 2025

Copyright (c) 1996-2018 Texas Instruments Incorporated
interrupt.asm                                                        PAGE    3

     109                      .dwattr $C$DW$6, DW_AT_high_pc(0x00)
     110                      .dwattr $C$DW$6, DW_AT_linkage_name("Interrupt_initVectorTable")
     111                      .dwattr $C$DW$6, DW_AT_external
     112                      .dwattr $C$DW$6, DW_AT_decl_file("../src_driver/interrupt.c")
     113                      .dwattr $C$DW$6, DW_AT_decl_line(0x102)
     114                      .dwattr $C$DW$6, DW_AT_decl_column(0x01)
     115                      .dwattr $C$DW$6, DW_AT_TI_max_frame_size(-2)
     116                      .dwpsn  file "../src_driver/interrupt.c",line 259,column 1,is_stmt,address ||Interrupt_initVectorTabl
     117              
     118                      .dwfde $C$DW$CIE, ||Interrupt_initVectorTable||
     119              
     120              ;***************************************************************
     121              ;* FNAME: Interrupt_initVectorTable     FR SIZE:   0           *
     122              ;*                                                             *
     123              ;* FUNCTION ENVIRONMENT                                        *
     124              ;*                                                             *
     125              ;* FUNCTION PROPERTIES                                         *
     126              ;*                            0 Parameter,  0 Auto,  0 SOE     *
     127              ;***************************************************************
     128              
     129 00000000       ||Interrupt_initVectorTable||:
     130              ;* AR4   assigned to $O$K6
     131              ;* AL    assigned to $O$U10
     132                      .dwcfi  cfa_offset, -2
     133                      .dwcfi  save_reg_to_mem, 26, 0
     134              ; Peeled loop iterations for unrolled loop:
     135                      .dwpsn  file "../src_driver/interrupt.c",line 262,column 5,is_stmt,isa 0
     136 00000000 7622          EALLOW    ; [CPU_ALU] |262| 
     137 00000001 BE6D          MOVB      XAR6,#109             ; [CPU_ALU] 
     138 00000002 28A9          MOV       AL,#3334              ; [CPU_ALU] 
         00000003 0D06 
     139 00000004 8F00!         MOVL      XAR4,#||Interrupt_defaultHandler|| ; [CPU_ARAU] 
         00000005 0000 
     140                      .dwpsn  file "../src_driver/interrupt.c",line 268,column 17,is_stmt,isa 0
     141 00000006 B509          RPTB      ||$C$L3||,AR6         ; [CPU_ALU] |268| 
         00000007 00A6 
     142                      ; repeat block starts ; [] 
     143 00000008       ||$C$L2||:    
     144                      .dwpsn  file "../src_driver/interrupt.c",line 270,column 9,is_stmt,isa 0
     145 00000008 80A9          MOVZ      AR7,AL                ; [CPU_ALU] |270| 
     146 00000009 9C02          ADDB      AL,#2                 ; [CPU_ALU] |270| 
     147 0000000a 5DA9          MOVZ      AR5,AL                ; [CPU_ALU] |270| 
     148                      .dwpsn  file "../src_driver/interrupt.c",line 268,column 27,is_stmt,isa 0
     149 0000000b 9C02          ADDB      AL,#2                 ; [CPU_ALU] |268| 
     150                      .dwpsn  file "../src_driver/interrupt.c",line 270,column 9,is_stmt,isa 0
     151 0000000c A8C7          MOVL      *+XAR7[0],XAR4        ; [CPU_FPU] |270| 
     152 0000000d A8C5          MOVL      *+XAR5[0],XAR4        ; [CPU_FPU] |270| 
     153 0000000e 7700          NOP       ; [CPU_ALU] 
     154 0000000f 7700          NOP       ; [CPU_ALU] 
     155 00000010 7700          NOP       ; [CPU_ALU] 
     156                      ; repeat block ends ; [] 
     157 00000011       ||$C$L3||:    
     158 00000011 80A9          MOVZ      AR7,AL                ; [CPU_ALU] |270| 
     159                      .dwpsn  file "../src_driver/interrupt.c",line 277,column 5,is_stmt,isa 0
     160 00000012 7680!         MOVL      XAR6,#||Interrupt_nmiHandler|| ; [CPU_ARAU] |277| 
TMS320C2000 Assembler PC v22.6.2 Sat Dec 27 15:00:19 2025

Copyright (c) 1996-2018 Texas Instruments Incorporated
interrupt.asm                                                        PAGE    4

         00000013 0000 
     161                      .dwpsn  file "../src_driver/interrupt.c",line 279,column 5,is_stmt,isa 0
     162 00000014 8F40!         MOVL      XAR5,#||Interrupt_illegalOperationHandler|| ; [CPU_ARAU] |279| 
         00000015 0000 
     163                      .dwpsn  file "../src_driver/interrupt.c",line 270,column 9,is_stmt,isa 0
     164 00000016 A8C7          MOVL      *+XAR7[0],XAR4        ; [CPU_ALU] |270| 
     165                      .dwpsn  file "../src_driver/interrupt.c",line 277,column 5,is_stmt,isa 0
     166 00000017 BDA6          MOV32     *(0:0x0d24),XAR6      ; [CPU_FPU] |277| 
         00000018 0D24 
     167                      .dwpsn  file "../src_driver/interrupt.c",line 279,column 5,is_stmt,isa 0
     168 00000019 BDA5          MOV32     *(0:0x0d26),XAR5      ; [CPU_FPU] |279| 
         0000001a 0D26 
     169                      .dwpsn  file "../src_driver/interrupt.c",line 282,column 5,is_stmt,isa 0
     170 0000001b 761A          EDIS      ; [CPU_ALU] |282| 
     171              $C$DW$7 .dwtag  DW_TAG_TI_branch
     172                      .dwattr $C$DW$7, DW_AT_low_pc(0x00)
     173                      .dwattr $C$DW$7, DW_AT_TI_return
     174              
     175 0000001c 0006          LRETR     ; [CPU_ALU] 
     176                      ; return occurs ; [] 
     177                      .dwattr $C$DW$6, DW_AT_TI_end_file("../src_driver/interrupt.c")
     178                      .dwattr $C$DW$6, DW_AT_TI_end_line(0x11b)
     179                      .dwattr $C$DW$6, DW_AT_TI_end_column(0x01)
     180                      .dwendentry
     181                      .dwendtag $C$DW$6
     182              
     183 00000000               .sect   ".text:Interrupt_initModule"
     184                      .clink
     185                      .global ||Interrupt_initModule||
     186              
     187              $C$DW$8 .dwtag  DW_TAG_subprogram
     188                      .dwattr $C$DW$8, DW_AT_name("Interrupt_initModule")
     189                      .dwattr $C$DW$8, DW_AT_low_pc(||Interrupt_initModule||)
     190                      .dwattr $C$DW$8, DW_AT_high_pc(0x00)
     191                      .dwattr $C$DW$8, DW_AT_linkage_name("Interrupt_initModule")
     192                      .dwattr $C$DW$8, DW_AT_external
     193                      .dwattr $C$DW$8, DW_AT_decl_file("../src_driver/interrupt.c")
     194                      .dwattr $C$DW$8, DW_AT_decl_line(0x7b)
     195                      .dwattr $C$DW$8, DW_AT_decl_column(0x01)
     196                      .dwattr $C$DW$8, DW_AT_TI_max_frame_size(-2)
     197                      .dwpsn  file "../src_driver/interrupt.c",line 124,column 1,is_stmt,address ||Interrupt_initModule||,i
     198              
     199                      .dwfde $C$DW$CIE, ||Interrupt_initModule||
     200              
     201              ;***************************************************************
     202              ;* FNAME: Interrupt_initModule          FR SIZE:   0           *
     203              ;*                                                             *
     204              ;* FUNCTION ENVIRONMENT                                        *
     205              ;*                                                             *
     206              ;* FUNCTION PROPERTIES                                         *
     207              ;*                            0 Parameter,  0 Auto,  0 SOE     *
     208              ;***************************************************************
     209              
     210 00000000       ||Interrupt_initModule||:
     211                      .dwcfi  cfa_offset, -2
TMS320C2000 Assembler PC v22.6.2 Sat Dec 27 15:00:19 2025

Copyright (c) 1996-2018 Texas Instruments Incorporated
interrupt.asm                                                        PAGE    5

     212                      .dwcfi  save_reg_to_mem, 26, 0
     213                      .dwpsn  file "D:/TI/c2000/C2000Ware_MotorControl_SDK_5_04_00_00/c2000ware/driverlib/f2837xd/driverlib
     214 00000000 7608          PUSH      ST1                   ; [CPU_ALU] |218| 
     215 00000001 3B30          SETC      INTM, DBGM            ; [CPU_ALU] |218| 
     216 00000002 92BE          MOV       AL,*--SP              ; [CPU_ALU] |218| 
     217                      .dwpsn  file "../src_driver/interrupt.c",line 129,column 5,is_stmt,isa 0
     218 00000003 7626          AND       IER,#0x0000           ; [CPU_ALU] |129| 
         00000004 0000 
     219                      .dwpsn  file "../src_driver/interrupt.c",line 130,column 5,is_stmt,isa 0
     220 00000005 762F          AND       IFR,#0x0000           ; [CPU_ALU] |130| 
         00000006 0000 
     221                      .dwpsn  file "../src_driver/interrupt.c",line 136,column 5,is_stmt,isa 0
     222 00000007 BE00          MOVB      XAR6,#0               ; [CPU_ALU] |136| 
     223                      .dwpsn  file "../src_driver/interrupt.c",line 135,column 5,is_stmt,isa 0
     224 00000008 9A00          MOVB      AL,#0                 ; [CPU_ALU] |135| 
     225                      .dwpsn  file "../src_driver/interrupt.c",line 137,column 5,is_stmt,isa 0
     226 00000009 9B00          MOVB      AH,#0                 ; [CPU_ALU] |137| 
     227                      .dwpsn  file "../src_driver/interrupt.c",line 135,column 5,is_stmt,isa 0
     228 0000000a F4A9          MOV       *(0:0x0ce2),AL        ; [CPU_ALU] |135| 
         0000000b 0CE2 
     229                      .dwpsn  file "../src_driver/interrupt.c",line 136,column 5,is_stmt,isa 0
     230 0000000c F4A6          MOV       *(0:0x0ce4),AR6       ; [CPU_ALU] |136| 
         0000000d 0CE4 
     231                      .dwpsn  file "../src_driver/interrupt.c",line 159,column 5,is_stmt,isa 0
     232 0000000e B600          MOVB      XAR7,#0               ; [CPU_ALU] |159| 
     233                      .dwpsn  file "../src_driver/interrupt.c",line 137,column 5,is_stmt,isa 0
     234 0000000f F4A8          MOV       *(0:0x0ce6),AH        ; [CPU_ALU] |137| 
         00000010 0CE6 
     235                      .dwpsn  file "../src_driver/interrupt.c",line 138,column 5,is_stmt,isa 0
     236 00000011 F4A9          MOV       *(0:0x0ce8),AL        ; [CPU_ALU] |138| 
         00000012 0CE8 
     237                      .dwpsn  file "../src_driver/interrupt.c",line 139,column 5,is_stmt,isa 0
     238 00000013 F4A8          MOV       *(0:0x0cea),AH        ; [CPU_ALU] |139| 
         00000014 0CEA 
     239                      .dwpsn  file "../src_driver/interrupt.c",line 140,column 5,is_stmt,isa 0
     240 00000015 F4A6          MOV       *(0:0x0cec),AR6       ; [CPU_ALU] |140| 
         00000016 0CEC 
     241                      .dwpsn  file "../src_driver/interrupt.c",line 141,column 5,is_stmt,isa 0
     242 00000017 F4A9          MOV       *(0:0x0cee),AL        ; [CPU_ALU] |141| 
         00000018 0CEE 
     243                      .dwpsn  file "../src_driver/interrupt.c",line 142,column 5,is_stmt,isa 0
     244 00000019 F4A8          MOV       *(0:0x0cf0),AH        ; [CPU_ALU] |142| 
         0000001a 0CF0 
     245                      .dwpsn  file "../src_driver/interrupt.c",line 143,column 5,is_stmt,isa 0
     246 0000001b F4A9          MOV       *(0:0x0cf2),AL        ; [CPU_ALU] |143| 
         0000001c 0CF2 
     247                      .dwpsn  file "../src_driver/interrupt.c",line 144,column 5,is_stmt,isa 0
     248 0000001d F4A6          MOV       *(0:0x0cf4),AR6       ; [CPU_ALU] |144| 
         0000001e 0CF4 
     249                      .dwpsn  file "../src_driver/interrupt.c",line 145,column 5,is_stmt,isa 0
     250 0000001f F4A8          MOV       *(0:0x0cf6),AH        ; [CPU_ALU] |145| 
         00000020 0CF6 
     251                      .dwpsn  file "../src_driver/interrupt.c",line 146,column 5,is_stmt,isa 0
     252 00000021 F4A9          MOV       *(0:0x0cf8),AL        ; [CPU_ALU] |146| 
         00000022 0CF8 
TMS320C2000 Assembler PC v22.6.2 Sat Dec 27 15:00:19 2025

Copyright (c) 1996-2018 Texas Instruments Incorporated
interrupt.asm                                                        PAGE    6

     253                      .dwpsn  file "../src_driver/interrupt.c",line 151,column 5,is_stmt,isa 0
     254 00000023 F4A8          MOV       *(0:0x0ce3),AH        ; [CPU_ALU] |151| 
         00000024 0CE3 
     255                      .dwpsn  file "../src_driver/interrupt.c",line 152,column 5,is_stmt,isa 0
     256 00000025 F4A6          MOV       *(0:0x0ce5),AR6       ; [CPU_ALU] |152| 
         00000026 0CE5 
     257                      .dwpsn  file "../src_driver/interrupt.c",line 153,column 5,is_stmt,isa 0
     258 00000027 F4A9          MOV       *(0:0x0ce7),AL        ; [CPU_ALU] |153| 
         00000028 0CE7 
     259                      .dwpsn  file "../src_driver/interrupt.c",line 154,column 5,is_stmt,isa 0
     260 00000029 F4A8          MOV       *(0:0x0ce9),AH        ; [CPU_ALU] |154| 
         0000002a 0CE9 
     261                      .dwpsn  file "../src_driver/interrupt.c",line 155,column 5,is_stmt,isa 0
     262 0000002b F4A9          MOV       *(0:0x0ceb),AL        ; [CPU_ALU] |155| 
         0000002c 0CEB 
     263                      .dwpsn  file "../src_driver/interrupt.c",line 156,column 5,is_stmt,isa 0
     264 0000002d F4A6          MOV       *(0:0x0ced),AR6       ; [CPU_ALU] |156| 
         0000002e 0CED 
     265                      .dwpsn  file "../src_driver/interrupt.c",line 157,column 5,is_stmt,isa 0
     266 0000002f F4A8          MOV       *(0:0x0cef),AH        ; [CPU_ALU] |157| 
         00000030 0CEF 
     267                      .dwpsn  file "../src_driver/interrupt.c",line 158,column 5,is_stmt,isa 0
     268 00000031 F4A9          MOV       *(0:0x0cf1),AL        ; [CPU_ALU] |158| 
         00000032 0CF1 
     269                      .dwpsn  file "../src_driver/interrupt.c",line 159,column 5,is_stmt,isa 0
     270 00000033 F4A7          MOV       *(0:0x0cf3),AR7       ; [CPU_ALU] |159| 
         00000034 0CF3 
     271                      .dwpsn  file "../src_driver/interrupt.c",line 160,column 5,is_stmt,isa 0
     272 00000035 F4A6          MOV       *(0:0x0cf5),AR6       ; [CPU_ALU] |160| 
         00000036 0CF5 
     273                      .dwpsn  file "../src_driver/interrupt.c",line 161,column 5,is_stmt,isa 0
     274 00000037 F4A8          MOV       *(0:0x0cf7),AH        ; [CPU_ALU] |161| 
         00000038 0CF7 
     275                      .dwpsn  file "../src_driver/interrupt.c",line 162,column 5,is_stmt,isa 0
     276 00000039 F4A9          MOV       *(0:0x0cf9),AL        ; [CPU_ALU] |162| 
         0000003a 0CF9 
     277                      .dwpsn  file "../src_driver/interrupt.c",line 167,column 5,is_stmt,isa 0
     278 0000003b F5A9          MOV       AL,*(0:0x0ce0)        ; [CPU_ALU] |167| 
         0000003c 0CE0 
     279 0000003d 5001          ORB       AL,#0x01              ; [CPU_ALU] |167| 
     280 0000003e F4A9          MOV       *(0:0x0ce0),AL        ; [CPU_ALU] |167| 
         0000003f 0CE0 
     281              $C$DW$9 .dwtag  DW_TAG_TI_branch
     282                      .dwattr $C$DW$9, DW_AT_low_pc(0x00)
     283                      .dwattr $C$DW$9, DW_AT_TI_return
     284              
     285 00000040 0006          LRETR     ; [CPU_ALU] 
     286                      ; return occurs ; [] 
     287                      .dwattr $C$DW$8, DW_AT_TI_end_file("../src_driver/interrupt.c")
     288                      .dwattr $C$DW$8, DW_AT_TI_end_line(0xa9)
     289                      .dwattr $C$DW$8, DW_AT_TI_end_column(0x01)
     290                      .dwendentry
     291                      .dwendtag $C$DW$8
     292              
     293 00000000               .sect   ".text:Interrupt_illegalOperationHandler"
TMS320C2000 Assembler PC v22.6.2 Sat Dec 27 15:00:19 2025

Copyright (c) 1996-2018 Texas Instruments Incorporated
interrupt.asm                                                        PAGE    7

     294                      .retain
     295                      .retainrefs
     296                      .global ||Interrupt_illegalOperationHandler||
     297              
     298              $C$DW$10        .dwtag  DW_TAG_subprogram
     299                      .dwattr $C$DW$10, DW_AT_name("Interrupt_illegalOperationHandler")
     300                      .dwattr $C$DW$10, DW_AT_low_pc(||Interrupt_illegalOperationHandler||)
     301                      .dwattr $C$DW$10, DW_AT_high_pc(0x00)
     302                      .dwattr $C$DW$10, DW_AT_linkage_name("Interrupt_illegalOperationHandler")
     303                      .dwattr $C$DW$10, DW_AT_external
     304                      .dwattr $C$DW$10, DW_AT_decl_file("../src_driver/interrupt.c")
     305                      .dwattr $C$DW$10, DW_AT_decl_line(0xda)
     306                      .dwattr $C$DW$10, DW_AT_decl_column(0x12)
     307                      .dwattr $C$DW$10, DW_AT_TI_interrupt
     308                      .dwattr $C$DW$10, DW_AT_TI_max_frame_size(-6)
     309                      .dwpsn  file "../src_driver/interrupt.c",line 219,column 1,is_stmt,address ||Interrupt_illegalOperati
     310              
     311                      .dwfde $C$DW$CIE, ||Interrupt_illegalOperationHandler||
     312              
     313              ;***************************************************************
     314              ;* FNAME: Interrupt_illegalOperationHandler FR SIZE:   4           *
     315              ;*                                                             *
     316              ;* FUNCTION ENVIRONMENT                                        *
     317              ;*                                                             *
     318              ;* FUNCTION PROPERTIES                                         *
     319              ;*                            0 Parameter,  0 Auto,  4 SOE     *
     320              ;***************************************************************
     321              
     322 00000000       ||Interrupt_illegalOperationHandler||:
     323                      .dwcfi  cfa_offset, -2
     324                      .dwcfi  save_reg_to_mem, 26, 0
     325 00000000 761B          ASP       ; [CPU_ALU] 
     326 00000001 FFF0          PUSH      RB                    ; [CPU_FPU] 
     327                      .dwcfi  save_reg_to_mem, 74, 4
     328                      .dwcfi  cfa_offset, -4
     329 00000002 E200          MOV32     *SP++,STF             ; [CPU_FPU] 
         00000003 00BD 
     330                      .dwcfi  save_reg_to_mem, 40, 6
     331                      .dwcfi  cfa_offset, -6
     332 00000004 E630          SETFLG    RNDF32=1, RNDF64=1    ; [CPU_FPU] 
         00000005 0600 
     333 00000006 2942          CLRC      PAGE0,OVM             ; [CPU_ALU] 
     334 00000007 5616          CLRC      AMODE                 ; [CPU_ALU] 
     335 00000008 7625   ESTOP0
     336 00000009       ||$C$L4||:    
     337                      .dwpsn  file "../src_driver/interrupt.c",line 228,column 5,is_stmt,isa 0
     338 00000009 6F00          B         ||$C$L4||,UNC         ; [CPU_ALU] |228| 
     339                      ; branch occurs ; [] |228| 
     340                      .dwattr $C$DW$10, DW_AT_TI_end_file("../src_driver/interrupt.c")
     341                      .dwattr $C$DW$10, DW_AT_TI_end_line(0xe5)
     342                      .dwattr $C$DW$10, DW_AT_TI_end_column(0x01)
     343                      .dwendentry
     344                      .dwendtag $C$DW$10
     345              
     346 00000000               .sect   ".text:Interrupt_enable"
TMS320C2000 Assembler PC v22.6.2 Sat Dec 27 15:00:19 2025

Copyright (c) 1996-2018 Texas Instruments Incorporated
interrupt.asm                                                        PAGE    8

     347                      .clink
     348                      .global ||Interrupt_enable||
     349              
     350              $C$DW$11        .dwtag  DW_TAG_subprogram
     351                      .dwattr $C$DW$11, DW_AT_name("Interrupt_enable")
     352                      .dwattr $C$DW$11, DW_AT_low_pc(||Interrupt_enable||)
     353                      .dwattr $C$DW$11, DW_AT_high_pc(0x00)
     354                      .dwattr $C$DW$11, DW_AT_linkage_name("Interrupt_enable")
     355                      .dwattr $C$DW$11, DW_AT_external
     356                      .dwattr $C$DW$11, DW_AT_decl_file("../src_driver/interrupt.c")
     357                      .dwattr $C$DW$11, DW_AT_decl_line(0x123)
     358                      .dwattr $C$DW$11, DW_AT_decl_column(0x01)
     359                      .dwattr $C$DW$11, DW_AT_TI_max_frame_size(-2)
     360                      .dwpsn  file "../src_driver/interrupt.c",line 292,column 1,is_stmt,address ||Interrupt_enable||,isa 0
     361              
     362                      .dwfde $C$DW$CIE, ||Interrupt_enable||
     363              $C$DW$12        .dwtag  DW_TAG_formal_parameter
     364                      .dwattr $C$DW$12, DW_AT_name("interruptNumber")
     365                      .dwattr $C$DW$12, DW_AT_type(*$C$DW$T$26)
     366                      .dwattr $C$DW$12, DW_AT_location[DW_OP_reg0]
     367              
     368              
     369              ;***************************************************************
     370              ;* FNAME: Interrupt_enable              FR SIZE:   0           *
     371              ;*                                                             *
     372              ;* FUNCTION ENVIRONMENT                                        *
     373              ;*                                                             *
     374              ;* FUNCTION PROPERTIES                                         *
     375              ;*                            0 Parameter,  0 Auto,  0 SOE     *
     376              ;***************************************************************
     377              
     378              ||Interrupt_enable||:
     379              ;* AR6   assigned to $O$C1
     380              ;* PL    assigned to interruptNumber
     381              $C$DW$13        .dwtag  DW_TAG_variable
     382                      .dwattr $C$DW$13, DW_AT_name("interruptNumber")
     383                      .dwattr $C$DW$13, DW_AT_type(*$C$DW$T$38)
     384                      .dwattr $C$DW$13, DW_AT_location[DW_OP_reg2]
     385              
     386              ;* AR7   assigned to intsDisabled
     387              $C$DW$14        .dwtag  DW_TAG_variable
     388                      .dwattr $C$DW$14, DW_AT_name("intsDisabled")
     389                      .dwattr $C$DW$14, DW_AT_type(*$C$DW$T$39)
     390                      .dwattr $C$DW$14, DW_AT_location[DW_OP_reg18]
     391              
     392                      .dwcfi  cfa_offset, -2
     393                      .dwcfi  save_reg_to_mem, 26, 0
     394 00000000 FF5A          MOVL      P,ACC                 ; [CPU_ALU] |292| 
     395                      .dwpsn  file "D:/TI/c2000/C2000Ware_MotorControl_SDK_5_04_00_00/c2000ware/driverlib/f2837xd/driverlib
     396 00000001 7608          PUSH      ST1                   ; [CPU_ALU] |218| 
     397 00000002 3B30          SETC      INTM, DBGM            ; [CPU_ALU] |218| 
     398 00000003 92BE          MOV       AL,*--SP              ; [CPU_ALU] |218| 
     399 00000004 9001          ANDB      AL,#0x01              ; [CPU_ALU] |218| 
     400 00000005 93AA          MOV       AH,PH                 ; [CPU_FPU] |218| 
     401 00000006 80A9          MOVZ      AR7,AL                ; [CPU_ALU] |218| 
TMS320C2000 Assembler PC v22.6.2 Sat Dec 27 15:00:19 2025

Copyright (c) 1996-2018 Texas Instruments Incorporated
interrupt.asm                                                        PAGE    9

     402                      .dwpsn  file "../src_driver/interrupt.c",line 308,column 5,is_stmt,isa 0
     403 00000007 5320          CMPB      AH,#32                ; [CPU_ALU] |308| 
     404 00000008 670E          B         ||$C$L6||,HIS         ; [CPU_ALU] |308| 
     405                      ; branchcc occurs ; [] |308| 
     406                      .dwpsn  file "../src_driver/interrupt.c",line 327,column 9,is_stmt,isa 0
     407 00000009 9A00          MOVB      AL,#0                 ; [CPU_ALU] |327| 
     408 0000000a 530D          CMPB      AH,#13                ; [CPU_ALU] |327| 
     409 0000000b 6804          B         ||$C$L5||,LO          ; [CPU_ALU] |327| 
     410                      ; branchcc occurs ; [] |327| 
     411 0000000c 5310          CMPB      AH,#16                ; [CPU_ALU] |327| 
     412 0000000d 56B9          MOVB      AL,#1,LOS             ; [CPU_ALU] |327| 
         0000000e 01A9 
     413 0000000f       ||$C$L5||:    
     414 0000000f 9DFF          ADDB      AH,#-1                ; [CPU_ALU] |327| 
     415 00000010 2DA8          MOV       T,AH                  ; [CPU_ALU] |327| 
     416 00000011 FF66          LSL       AL,T                  ; [CPU_ALU] |327| 
     417 00000012 20A8          MOV       AH,IER                ; [CPU_ALU] |327| 
     418 00000013 CAA8          OR        AL,AH                 ; [CPU_ALU] |327| 
     419 00000014 23A9          MOV       IER,AL                ; [CPU_ALU] |327| 
     420                      .dwpsn  file "../src_driver/interrupt.c",line 339,column 5,is_stmt,isa 0
     421 00000015 6F1A          B         ||$C$L7||,UNC         ; [CPU_ALU] |339| 
     422                      ; branch occurs ; [] |339| 
     423 00000016       ||$C$L6||:    
     424 00000016 A9A9          MOVL      ACC,P                 ; [CPU_ALU] 
     425 00000017 2901          CLRC      SXM                   ; [CPU_ALU] 
     426                      .dwpsn  file "../src_driver/interrupt.c",line 313,column 9,is_stmt,isa 0
     427 00000018 FF47          SFR       ACC,8                 ; [CPU_ALU] |313| 
     428 00000019 90FF          ANDB      AL,#0xff              ; [CPU_ALU] |313| 
     429 0000001a 9CFF          ADDB      AL,#-1                ; [CPU_ALU] |313| 
     430 0000001b 88A9          MOVZ      AR6,AL                ; [CPU_ALU] |313| 
     431 0000001c 28A8          MOV       AH,#1649              ; [CPU_ALU] |313| 
         0000001d 0671 
     432 0000001e 95A6          ADD       AH,AR6                ; [CPU_ALU] |313| 
     433 0000001f 5603          MOV       ACC,AH << #1          ; [CPU_ALU] |313| 
         00000020 01A8 
     434 00000021 5CA9          MOVZ      AR4,AL                ; [CPU_ALU] |313| 
     435 00000022 92AB          MOV       AL,PL                 ; [CPU_ALU] |313| 
     436                      .dwpsn  file "../src_driver/interrupt.c",line 319,column 9,is_stmt,isa 0
     437 00000023 9B01          MOVB      AH,#1                 ; [CPU_ALU] |319| 
     438                      .dwpsn  file "../src_driver/interrupt.c",line 313,column 9,is_stmt,isa 0
     439 00000024 90FF          ANDB      AL,#0xff              ; [CPU_ALU] |313| 
     440 00000025 9CFF          ADDB      AL,#-1                ; [CPU_ALU] |313| 
     441 00000026 2DA9          MOV       T,AL                  ; [CPU_ALU] |313| 
     442 00000027 9A01          MOVB      AL,#1                 ; [CPU_ALU] |313| 
     443 00000028 FF66          LSL       AL,T                  ; [CPU_ALU] |313| 
     444                      .dwpsn  file "../src_driver/interrupt.c",line 319,column 9,is_stmt,isa 0
     445 00000029 2DA6          MOV       T,AR6                 ; [CPU_ALU] |319| 
     446                      .dwpsn  file "../src_driver/interrupt.c",line 313,column 9,is_stmt,isa 0
     447 0000002a 98C4          OR        *+XAR4[0],AL          ; [CPU_ALU] |313| 
     448                      .dwpsn  file "../src_driver/interrupt.c",line 319,column 9,is_stmt,isa 0
     449 0000002b FF67          LSL       AH,T                  ; [CPU_ALU] |319| 
     450 0000002c 20A9          MOV       AL,IER                ; [CPU_ALU] |319| 
     451 0000002d CBA9          OR        AH,AL                 ; [CPU_ALU] |319| 
     452 0000002e 23A8          MOV       IER,AH                ; [CPU_ALU] |319| 
     453 0000002f       ||$C$L7||:    
TMS320C2000 Assembler PC v22.6.2 Sat Dec 27 15:00:19 2025

Copyright (c) 1996-2018 Texas Instruments Incorporated
interrupt.asm                                                        PAGE   10

     454 0000002f 92A7          MOV       AL,AR7                ; [CPU_ALU] 
     455                      .dwpsn  file "../src_driver/interrupt.c",line 339,column 5,is_stmt,isa 0
     456 00000030 5201          CMPB      AL,#1                 ; [CPU_ALU] |339| 
     457 00000031 6104          B         ||$C$L8||,EQ          ; [CPU_ALU] |339| 
     458                      ; branchcc occurs ; [] |339| 
     459                      .dwpsn  file "D:/TI/c2000/C2000Ware_MotorControl_SDK_5_04_00_00/c2000ware/driverlib/f2837xd/driverlib
     460 00000032 7608          PUSH      ST1                   ; [CPU_ALU] |198| 
     461 00000033 2930          CLRC      INTM, DBGM            ; [CPU_ALU] |198| 
     462 00000034 92BE          MOV       AL,*--SP              ; [CPU_ALU] |198| 
     463              ||$C$L8||:    
     464              $C$DW$15        .dwtag  DW_TAG_TI_branch
     465                      .dwattr $C$DW$15, DW_AT_low_pc(0x00)
     466                      .dwattr $C$DW$15, DW_AT_TI_return
     467              
     468 00000035 0006          LRETR     ; [CPU_ALU] 
     469                      ; return occurs ; [] 
     470                      .dwattr $C$DW$11, DW_AT_TI_end_file("../src_driver/interrupt.c")
     471                      .dwattr $C$DW$11, DW_AT_TI_end_line(0x157)
     472                      .dwattr $C$DW$11, DW_AT_TI_end_column(0x01)
     473                      .dwendentry
     474                      .dwendtag $C$DW$11
     475              
     476 00000000               .sect   ".text:Interrupt_clearIFR"
     477                      .clink
     478              
     479              $C$DW$16        .dwtag  DW_TAG_subprogram
     480                      .dwattr $C$DW$16, DW_AT_name("Interrupt_clearIFR")
     481                      .dwattr $C$DW$16, DW_AT_low_pc(||Interrupt_clearIFR||)
     482                      .dwattr $C$DW$16, DW_AT_high_pc(0x00)
     483                      .dwattr $C$DW$16, DW_AT_linkage_name("Interrupt_clearIFR")
     484                      .dwattr $C$DW$16, DW_AT_decl_file("../src_driver/interrupt.c")
     485                      .dwattr $C$DW$16, DW_AT_decl_line(0x38)
     486                      .dwattr $C$DW$16, DW_AT_decl_column(0x0d)
     487                      .dwattr $C$DW$16, DW_AT_TI_max_frame_size(-2)
     488                      .dwpsn  file "../src_driver/interrupt.c",line 57,column 1,is_stmt,address ||Interrupt_clearIFR||,isa 
     489              
     490                      .dwfde $C$DW$CIE, ||Interrupt_clearIFR||
     491              $C$DW$17        .dwtag  DW_TAG_formal_parameter
     492                      .dwattr $C$DW$17, DW_AT_name("group")
     493                      .dwattr $C$DW$17, DW_AT_type(*$C$DW$T$22)
     494                      .dwattr $C$DW$17, DW_AT_location[DW_OP_reg0]
     495              
     496              
     497              ;***************************************************************
     498              ;* FNAME: Interrupt_clearIFR            FR SIZE:   0           *
     499              ;*                                                             *
     500              ;* FUNCTION ENVIRONMENT                                        *
     501              ;*                                                             *
     502              ;* FUNCTION PROPERTIES                                         *
     503              ;*                            0 Parameter,  0 Auto,  0 SOE     *
     504              ;***************************************************************
     505              
     506 00000000       ||Interrupt_clearIFR||:
     507                      .dwcfi  cfa_offset, -2
     508                      .dwcfi  save_reg_to_mem, 26, 0
TMS320C2000 Assembler PC v22.6.2 Sat Dec 27 15:00:19 2025

Copyright (c) 1996-2018 Texas Instruments Incorporated
interrupt.asm                                                        PAGE   11

     509                      .dwpsn  file "../src_driver/interrupt.c",line 58,column 5,is_stmt,isa 0
     510 00000000 5280          CMPB      AL,#128               ; [CPU_ALU] |58| 
     511 00000001 88A9          MOVZ      AR6,AL                ; [CPU_FPU] |58| 
     512 00000002 621C          B         ||$C$L10||,GT         ; [CPU_ALU] |58| 
     513                      ; branchcc occurs ; [] |58| 
     514 00000003 5280          CMPB      AL,#128               ; [CPU_ALU] |58| 
     515 00000004 6158          B         ||$C$L20||,EQ         ; [CPU_ALU] |58| 
     516                      ; branchcc occurs ; [] |58| 
     517 00000005 5208          CMPB      AL,#8                 ; [CPU_ALU] |58| 
     518 00000006 6211          B         ||$C$L9||,GT          ; [CPU_ALU] |58| 
     519                      ; branchcc occurs ; [] |58| 
     520 00000007 5208          CMPB      AL,#8                 ; [CPU_ALU] |58| 
     521 00000008 6160          B         ||$C$L24||,EQ         ; [CPU_ALU] |58| 
     522                      ; branchcc occurs ; [] |58| 
     523 00000009 80A6          MOVZ      AR7,AR6               ; [CPU_ALU] |58| 
     524 0000000a 2901          CLRC      SXM                   ; [CPU_ALU] 
     525 0000000b FF20          MOV       ACC,#32768            ; [CPU_ALU] |58| 
         0000000c 8000 
     526 0000000d 0FA7          CMPL      ACC,XAR7              ; [CPU_ALU] |58| 
     527 0000000e 6136          B         ||$C$L12||,EQ         ; [CPU_ALU] |58| 
     528                      ; branchcc occurs ; [] |58| 
     529 0000000f 92A6          MOV       AL,AR6                ; [CPU_ALU] 
     530 00000010 5201          CMPB      AL,#1                 ; [CPU_ALU] |58| 
     531 00000011 6160          B         ||$C$L27||,EQ         ; [CPU_ALU] |58| 
     532                      ; branchcc occurs ; [] |58| 
     533 00000012 5202          CMPB      AL,#2                 ; [CPU_ALU] |58| 
     534 00000013 615B          B         ||$C$L26||,EQ         ; [CPU_ALU] |58| 
     535                      ; branchcc occurs ; [] |58| 
     536 00000014 5204          CMPB      AL,#4                 ; [CPU_ALU] |58| 
     537 00000015 6156          B         ||$C$L25||,EQ         ; [CPU_ALU] |58| 
     538                      ; branchcc occurs ; [] |58| 
     539                      .dwcfi  remember_state
     540              $C$DW$18        .dwtag  DW_TAG_TI_branch
     541                      .dwattr $C$DW$18, DW_AT_low_pc(0x00)
     542                      .dwattr $C$DW$18, DW_AT_TI_return
     543              
     544 00000016 0006          LRETR     ; [CPU_ALU] 
     545                      ; return occurs ; [] 
     546                      .dwcfi  restore_state
     547 00000017       ||$C$L9||:    
     548 00000017 5210          CMPB      AL,#16                ; [CPU_ALU] |58| 
     549 00000018 614D          B         ||$C$L23||,EQ         ; [CPU_ALU] |58| 
     550                      ; branchcc occurs ; [] |58| 
     551 00000019 5220          CMPB      AL,#32                ; [CPU_ALU] |58| 
     552 0000001a 6148          B         ||$C$L22||,EQ         ; [CPU_ALU] |58| 
     553                      ; branchcc occurs ; [] |58| 
     554 0000001b 5240          CMPB      AL,#64                ; [CPU_ALU] |58| 
     555 0000001c 6143          B         ||$C$L21||,EQ         ; [CPU_ALU] |58| 
     556                      ; branchcc occurs ; [] |58| 
     557                      .dwcfi  remember_state
     558              $C$DW$19        .dwtag  DW_TAG_TI_branch
     559                      .dwattr $C$DW$19, DW_AT_low_pc(0x00)
     560                      .dwattr $C$DW$19, DW_AT_TI_return
     561              
     562 0000001d 0006          LRETR     ; [CPU_ALU] 
TMS320C2000 Assembler PC v22.6.2 Sat Dec 27 15:00:19 2025

Copyright (c) 1996-2018 Texas Instruments Incorporated
interrupt.asm                                                        PAGE   12

     563                      ; return occurs ; [] 
     564                      .dwcfi  restore_state
     565 0000001e       ||$C$L10||:    
     566 0000001e 1BA6          CMP       AR6,#2048             ; [CPU_ALU] |58| 
         0000001f 0800 
     567 00000020 6214          B         ||$C$L11||,GT         ; [CPU_ALU] |58| 
     568                      ; branchcc occurs ; [] |58| 
     569 00000021 1BA6          CMP       AR6,#2048             ; [CPU_ALU] |58| 
         00000022 0800 
     570 00000023 612D          B         ||$C$L16||,EQ         ; [CPU_ALU] |58| 
     571                      ; branchcc occurs ; [] |58| 
     572 00000024 80A6          MOVZ      AR7,AR6               ; [CPU_ALU] |58| 
     573 00000025 FF20          MOV       ACC,#256              ; [CPU_ALU] |58| 
         00000026 0100 
     574 00000027 0FA7          CMPL      ACC,XAR7              ; [CPU_ALU] |58| 
     575 00000028 6131          B         ||$C$L19||,EQ         ; [CPU_ALU] |58| 
     576                      ; branchcc occurs ; [] |58| 
     577 00000029 80A6          MOVZ      AR7,AR6               ; [CPU_ALU] |58| 
     578 0000002a FF20          MOV       ACC,#512              ; [CPU_ALU] |58| 
         0000002b 0200 
     579 0000002c 0FA7          CMPL      ACC,XAR7              ; [CPU_ALU] |58| 
     580 0000002d 6129          B         ||$C$L18||,EQ         ; [CPU_ALU] |58| 
     581                      ; branchcc occurs ; [] |58| 
     582 0000002e 88A6          MOVZ      AR6,AR6               ; [CPU_ALU] |58| 
     583 0000002f FF20          MOV       ACC,#1024             ; [CPU_ALU] |58| 
         00000030 0400 
     584 00000031 0FA6          CMPL      ACC,XAR6              ; [CPU_ALU] |58| 
     585 00000032 6121          B         ||$C$L17||,EQ         ; [CPU_ALU] |58| 
     586                      ; branchcc occurs ; [] |58| 
     587                      .dwcfi  remember_state
     588              $C$DW$20        .dwtag  DW_TAG_TI_branch
     589                      .dwattr $C$DW$20, DW_AT_low_pc(0x00)
     590                      .dwattr $C$DW$20, DW_AT_TI_return
     591              
     592 00000033 0006          LRETR     ; [CPU_ALU] 
     593                      ; return occurs ; [] 
     594                      .dwcfi  restore_state
     595 00000034       ||$C$L11||:    
     596 00000034 80A6          MOVZ      AR7,AR6               ; [CPU_ALU] |58| 
     597 00000035 FF20          MOV       ACC,#4096             ; [CPU_ALU] |58| 
         00000036 1000 
     598 00000037 0FA7          CMPL      ACC,XAR7              ; [CPU_ALU] |58| 
     599 00000038 6115          B         ||$C$L15||,EQ         ; [CPU_ALU] |58| 
     600                      ; branchcc occurs ; [] |58| 
     601 00000039 80A6          MOVZ      AR7,AR6               ; [CPU_ALU] |58| 
     602 0000003a FF20          MOV       ACC,#8192             ; [CPU_ALU] |58| 
         0000003b 2000 
     603 0000003c 0FA7          CMPL      ACC,XAR7              ; [CPU_ALU] |58| 
     604 0000003d 610D          B         ||$C$L14||,EQ         ; [CPU_ALU] |58| 
     605                      ; branchcc occurs ; [] |58| 
     606 0000003e 88A6          MOVZ      AR6,AR6               ; [CPU_ALU] |58| 
     607 0000003f FF20          MOV       ACC,#16384            ; [CPU_ALU] |58| 
         00000040 4000 
     608 00000041 0FA6          CMPL      ACC,XAR6              ; [CPU_ALU] |58| 
     609 00000042 6105          B         ||$C$L13||,EQ         ; [CPU_ALU] |58| 
TMS320C2000 Assembler PC v22.6.2 Sat Dec 27 15:00:19 2025

Copyright (c) 1996-2018 Texas Instruments Incorporated
interrupt.asm                                                        PAGE   13

     610                      ; branchcc occurs ; [] |58| 
     611                      .dwcfi  remember_state
     612              $C$DW$21        .dwtag  DW_TAG_TI_branch
     613                      .dwattr $C$DW$21, DW_AT_low_pc(0x00)
     614                      .dwattr $C$DW$21, DW_AT_TI_return
     615              
     616 00000043 0006          LRETR     ; [CPU_ALU] 
     617                      ; return occurs ; [] 
     618                      .dwcfi  restore_state
     619 00000044       ||$C$L12||:    
     620                      .dwcfi  remember_state
     621                      .dwpsn  file "../src_driver/interrupt.c",line 106,column 13,is_stmt,isa 0
     622 00000044 762F          AND       IFR,#0x7fff           ; [CPU_ALU] |106| 
         00000045 7FFF 
     623              $C$DW$22        .dwtag  DW_TAG_TI_branch
     624                      .dwattr $C$DW$22, DW_AT_low_pc(0x00)
     625                      .dwattr $C$DW$22, DW_AT_TI_return
     626              
     627 00000046 0006          LRETR     ; [CPU_ALU] 
     628                      ; return occurs ; [] 
     629                      .dwcfi  restore_state
     630 00000047       ||$C$L13||:    
     631                      .dwcfi  remember_state
     632                      .dwpsn  file "../src_driver/interrupt.c",line 103,column 13,is_stmt,isa 0
     633 00000047 762F          AND       IFR,#0xbfff           ; [CPU_ALU] |103| 
         00000048 BFFF 
     634              $C$DW$23        .dwtag  DW_TAG_TI_branch
     635                      .dwattr $C$DW$23, DW_AT_low_pc(0x00)
     636                      .dwattr $C$DW$23, DW_AT_TI_return
     637              
     638 00000049 0006          LRETR     ; [CPU_ALU] 
     639                      ; return occurs ; [] 
     640                      .dwcfi  restore_state
     641 0000004a       ||$C$L14||:    
     642                      .dwcfi  remember_state
     643                      .dwpsn  file "../src_driver/interrupt.c",line 100,column 13,is_stmt,isa 0
     644 0000004a 762F          AND       IFR,#0xdfff           ; [CPU_ALU] |100| 
         0000004b DFFF 
     645              $C$DW$24        .dwtag  DW_TAG_TI_branch
     646                      .dwattr $C$DW$24, DW_AT_low_pc(0x00)
     647                      .dwattr $C$DW$24, DW_AT_TI_return
     648              
     649 0000004c 0006          LRETR     ; [CPU_ALU] 
     650                      ; return occurs ; [] 
     651                      .dwcfi  restore_state
     652 0000004d       ||$C$L15||:    
     653                      .dwcfi  remember_state
     654                      .dwpsn  file "../src_driver/interrupt.c",line 97,column 13,is_stmt,isa 0
     655 0000004d 762F          AND       IFR,#0xefff           ; [CPU_ALU] |97| 
         0000004e EFFF 
     656              $C$DW$25        .dwtag  DW_TAG_TI_branch
     657                      .dwattr $C$DW$25, DW_AT_low_pc(0x00)
     658                      .dwattr $C$DW$25, DW_AT_TI_return
     659              
     660 0000004f 0006          LRETR     ; [CPU_ALU] 
TMS320C2000 Assembler PC v22.6.2 Sat Dec 27 15:00:19 2025

Copyright (c) 1996-2018 Texas Instruments Incorporated
interrupt.asm                                                        PAGE   14

     661                      ; return occurs ; [] 
     662                      .dwcfi  restore_state
     663 00000050       ||$C$L16||:    
     664                      .dwcfi  remember_state
     665                      .dwpsn  file "../src_driver/interrupt.c",line 94,column 13,is_stmt,isa 0
     666 00000050 762F          AND       IFR,#0xf7ff           ; [CPU_ALU] |94| 
         00000051 F7FF 
     667              $C$DW$26        .dwtag  DW_TAG_TI_branch
     668                      .dwattr $C$DW$26, DW_AT_low_pc(0x00)
     669                      .dwattr $C$DW$26, DW_AT_TI_return
     670              
     671 00000052 0006          LRETR     ; [CPU_ALU] 
     672                      ; return occurs ; [] 
     673                      .dwcfi  restore_state
     674 00000053       ||$C$L17||:    
     675                      .dwcfi  remember_state
     676                      .dwpsn  file "../src_driver/interrupt.c",line 91,column 13,is_stmt,isa 0
     677 00000053 762F          AND       IFR,#0xfbff           ; [CPU_ALU] |91| 
         00000054 FBFF 
     678              $C$DW$27        .dwtag  DW_TAG_TI_branch
     679                      .dwattr $C$DW$27, DW_AT_low_pc(0x00)
     680                      .dwattr $C$DW$27, DW_AT_TI_return
     681              
     682 00000055 0006          LRETR     ; [CPU_ALU] 
     683                      ; return occurs ; [] 
     684                      .dwcfi  restore_state
     685 00000056       ||$C$L18||:    
     686                      .dwcfi  remember_state
     687                      .dwpsn  file "../src_driver/interrupt.c",line 88,column 13,is_stmt,isa 0
     688 00000056 762F          AND       IFR,#0xfdff           ; [CPU_ALU] |88| 
         00000057 FDFF 
     689              $C$DW$28        .dwtag  DW_TAG_TI_branch
     690                      .dwattr $C$DW$28, DW_AT_low_pc(0x00)
     691                      .dwattr $C$DW$28, DW_AT_TI_return
     692              
     693 00000058 0006          LRETR     ; [CPU_ALU] 
     694                      ; return occurs ; [] 
     695                      .dwcfi  restore_state
     696 00000059       ||$C$L19||:    
     697                      .dwcfi  remember_state
     698                      .dwpsn  file "../src_driver/interrupt.c",line 85,column 13,is_stmt,isa 0
     699 00000059 762F          AND       IFR,#0xfeff           ; [CPU_ALU] |85| 
         0000005a FEFF 
     700              $C$DW$29        .dwtag  DW_TAG_TI_branch
     701                      .dwattr $C$DW$29, DW_AT_low_pc(0x00)
     702                      .dwattr $C$DW$29, DW_AT_TI_return
     703              
     704 0000005b 0006          LRETR     ; [CPU_ALU] 
     705                      ; return occurs ; [] 
     706                      .dwcfi  restore_state
     707 0000005c       ||$C$L20||:    
     708                      .dwcfi  remember_state
     709                      .dwpsn  file "../src_driver/interrupt.c",line 82,column 13,is_stmt,isa 0
     710 0000005c 762F          AND       IFR,#0xff7f           ; [CPU_ALU] |82| 
         0000005d FF7F 
TMS320C2000 Assembler PC v22.6.2 Sat Dec 27 15:00:19 2025

Copyright (c) 1996-2018 Texas Instruments Incorporated
interrupt.asm                                                        PAGE   15

     711              $C$DW$30        .dwtag  DW_TAG_TI_branch
     712                      .dwattr $C$DW$30, DW_AT_low_pc(0x00)
     713                      .dwattr $C$DW$30, DW_AT_TI_return
     714              
     715 0000005e 0006          LRETR     ; [CPU_ALU] 
     716                      ; return occurs ; [] 
     717                      .dwcfi  restore_state
     718 0000005f       ||$C$L21||:    
     719                      .dwcfi  remember_state
     720                      .dwpsn  file "../src_driver/interrupt.c",line 79,column 13,is_stmt,isa 0
     721 0000005f 762F          AND       IFR,#0xffbf           ; [CPU_ALU] |79| 
         00000060 FFBF 
     722              $C$DW$31        .dwtag  DW_TAG_TI_branch
     723                      .dwattr $C$DW$31, DW_AT_low_pc(0x00)
     724                      .dwattr $C$DW$31, DW_AT_TI_return
     725              
     726 00000061 0006          LRETR     ; [CPU_ALU] 
     727                      ; return occurs ; [] 
     728                      .dwcfi  restore_state
     729 00000062       ||$C$L22||:    
     730                      .dwcfi  remember_state
     731                      .dwpsn  file "../src_driver/interrupt.c",line 76,column 13,is_stmt,isa 0
     732 00000062 762F          AND       IFR,#0xffdf           ; [CPU_ALU] |76| 
         00000063 FFDF 
     733              $C$DW$32        .dwtag  DW_TAG_TI_branch
     734                      .dwattr $C$DW$32, DW_AT_low_pc(0x00)
     735                      .dwattr $C$DW$32, DW_AT_TI_return
     736              
     737 00000064 0006          LRETR     ; [CPU_ALU] 
     738                      ; return occurs ; [] 
     739                      .dwcfi  restore_state
     740 00000065       ||$C$L23||:    
     741                      .dwcfi  remember_state
     742                      .dwpsn  file "../src_driver/interrupt.c",line 73,column 13,is_stmt,isa 0
     743 00000065 762F          AND       IFR,#0xffef           ; [CPU_ALU] |73| 
         00000066 FFEF 
     744              $C$DW$33        .dwtag  DW_TAG_TI_branch
     745                      .dwattr $C$DW$33, DW_AT_low_pc(0x00)
     746                      .dwattr $C$DW$33, DW_AT_TI_return
     747              
     748 00000067 0006          LRETR     ; [CPU_ALU] 
     749                      ; return occurs ; [] 
     750                      .dwcfi  restore_state
     751 00000068       ||$C$L24||:    
     752                      .dwcfi  remember_state
     753                      .dwpsn  file "../src_driver/interrupt.c",line 70,column 13,is_stmt,isa 0
     754 00000068 762F          AND       IFR,#0xfff7           ; [CPU_ALU] |70| 
         00000069 FFF7 
     755              $C$DW$34        .dwtag  DW_TAG_TI_branch
     756                      .dwattr $C$DW$34, DW_AT_low_pc(0x00)
     757                      .dwattr $C$DW$34, DW_AT_TI_return
     758              
     759 0000006a 0006          LRETR     ; [CPU_ALU] 
     760                      ; return occurs ; [] 
     761                      .dwcfi  restore_state
TMS320C2000 Assembler PC v22.6.2 Sat Dec 27 15:00:19 2025

Copyright (c) 1996-2018 Texas Instruments Incorporated
interrupt.asm                                                        PAGE   16

     762 0000006b       ||$C$L25||:    
     763                      .dwcfi  remember_state
     764                      .dwpsn  file "../src_driver/interrupt.c",line 67,column 13,is_stmt,isa 0
     765 0000006b 762F          AND       IFR,#0xfffb           ; [CPU_ALU] |67| 
         0000006c FFFB 
     766              $C$DW$35        .dwtag  DW_TAG_TI_branch
     767                      .dwattr $C$DW$35, DW_AT_low_pc(0x00)
     768                      .dwattr $C$DW$35, DW_AT_TI_return
     769              
     770 0000006d 0006          LRETR     ; [CPU_ALU] 
     771                      ; return occurs ; [] 
     772                      .dwcfi  restore_state
     773 0000006e       ||$C$L26||:    
     774                      .dwcfi  remember_state
     775                      .dwpsn  file "../src_driver/interrupt.c",line 64,column 13,is_stmt,isa 0
     776 0000006e 762F          AND       IFR,#0xfffd           ; [CPU_ALU] |64| 
         0000006f FFFD 
     777              $C$DW$36        .dwtag  DW_TAG_TI_branch
     778                      .dwattr $C$DW$36, DW_AT_low_pc(0x00)
     779                      .dwattr $C$DW$36, DW_AT_TI_return
     780              
     781 00000070 0006          LRETR     ; [CPU_ALU] 
     782                      ; return occurs ; [] 
     783                      .dwcfi  restore_state
     784 00000071       ||$C$L27||:    
     785                      .dwpsn  file "../src_driver/interrupt.c",line 61,column 13,is_stmt,isa 0
     786 00000071 762F          AND       IFR,#0xfffe           ; [CPU_ALU] |61| 
         00000072 FFFE 
     787              $C$DW$37        .dwtag  DW_TAG_TI_branch
     788                      .dwattr $C$DW$37, DW_AT_low_pc(0x00)
     789                      .dwattr $C$DW$37, DW_AT_TI_return
     790              
     791 00000073 0006          LRETR     ; [CPU_ALU] 
     792                      ; return occurs ; [] 
     793                      .dwattr $C$DW$16, DW_AT_TI_end_file("../src_driver/interrupt.c")
     794                      .dwattr $C$DW$16, DW_AT_TI_end_line(0x73)
     795                      .dwattr $C$DW$16, DW_AT_TI_end_column(0x01)
     796                      .dwendentry
     797                      .dwendtag $C$DW$16
     798              
     799 00000000               .sect   ".text:Interrupt_disable"
     800                      .clink
     801                      .global ||Interrupt_disable||
     802              
     803              $C$DW$38        .dwtag  DW_TAG_subprogram
     804                      .dwattr $C$DW$38, DW_AT_name("Interrupt_disable")
     805                      .dwattr $C$DW$38, DW_AT_low_pc(||Interrupt_disable||)
     806                      .dwattr $C$DW$38, DW_AT_high_pc(0x00)
     807                      .dwattr $C$DW$38, DW_AT_linkage_name("Interrupt_disable")
     808                      .dwattr $C$DW$38, DW_AT_external
     809                      .dwattr $C$DW$38, DW_AT_decl_file("../src_driver/interrupt.c")
     810                      .dwattr $C$DW$38, DW_AT_decl_line(0x15f)
     811                      .dwattr $C$DW$38, DW_AT_decl_column(0x01)
     812                      .dwattr $C$DW$38, DW_AT_TI_max_frame_size(-2)
     813                      .dwpsn  file "../src_driver/interrupt.c",line 352,column 1,is_stmt,address ||Interrupt_disable||,isa 
TMS320C2000 Assembler PC v22.6.2 Sat Dec 27 15:00:19 2025

Copyright (c) 1996-2018 Texas Instruments Incorporated
interrupt.asm                                                        PAGE   17

     814              
     815                      .dwfde $C$DW$CIE, ||Interrupt_disable||
     816              $C$DW$39        .dwtag  DW_TAG_formal_parameter
     817                      .dwattr $C$DW$39, DW_AT_name("interruptNumber")
     818                      .dwattr $C$DW$39, DW_AT_type(*$C$DW$T$26)
     819                      .dwattr $C$DW$39, DW_AT_location[DW_OP_reg0]
     820              
     821              
     822              ;***************************************************************
     823              ;* FNAME: Interrupt_disable             FR SIZE:   0           *
     824              ;*                                                             *
     825              ;* FUNCTION ENVIRONMENT                                        *
     826              ;*                                                             *
     827              ;* FUNCTION PROPERTIES                                         *
     828              ;*                            0 Parameter,  0 Auto,  0 SOE     *
     829              ;***************************************************************
     830              
     831              ||Interrupt_disable||:
     832              ;* PL    assigned to $O$C1
     833              ;* AR6   assigned to $O$C2
     834              ;* AL    assigned to $O$C3
     835              ;* PL    assigned to interruptNumber
     836              $C$DW$40        .dwtag  DW_TAG_variable
     837                      .dwattr $C$DW$40, DW_AT_name("interruptNumber")
     838                      .dwattr $C$DW$40, DW_AT_type(*$C$DW$T$38)
     839                      .dwattr $C$DW$40, DW_AT_location[DW_OP_reg2]
     840              
     841              ;* AR5   assigned to intsDisabled
     842              $C$DW$41        .dwtag  DW_TAG_variable
     843                      .dwattr $C$DW$41, DW_AT_name("intsDisabled")
     844                      .dwattr $C$DW$41, DW_AT_type(*$C$DW$T$39)
     845                      .dwattr $C$DW$41, DW_AT_location[DW_OP_reg14]
     846              
     847                      .dwcfi  cfa_offset, -2
     848                      .dwcfi  save_reg_to_mem, 26, 0
     849 00000000 FF5A          MOVL      P,ACC                 ; [CPU_ALU] |352| 
     850                      .dwpsn  file "D:/TI/c2000/C2000Ware_MotorControl_SDK_5_04_00_00/c2000ware/driverlib/f2837xd/driverlib
     851 00000001 7608          PUSH      ST1                   ; [CPU_ALU] |218| 
     852 00000002 3B30          SETC      INTM, DBGM            ; [CPU_ALU] |218| 
     853 00000003 92BE          MOV       AL,*--SP              ; [CPU_ALU] |218| 
     854 00000004 9001          ANDB      AL,#0x01              ; [CPU_ALU] |218| 
     855 00000005 93AA          MOV       AH,PH                 ; [CPU_FPU] |218| 
     856 00000006 5DA9          MOVZ      AR5,AL                ; [CPU_ALU] |218| 
     857                      .dwpsn  file "../src_driver/interrupt.c",line 365,column 5,is_stmt,isa 0
     858 00000007 5320          CMPB      AH,#32                ; [CPU_ALU] |365| 
     859 00000008 6718          B         ||$C$L28||,HIS        ; [CPU_ALU] |365| 
     860                      ; branchcc occurs ; [] |365| 
     861                      .dwpsn  file "../src_driver/interrupt.c",line 396,column 10,is_stmt,isa 0
     862 00000009 530D          CMPB      AH,#13                ; [CPU_ALU] |396| 
     863 0000000a 6839          B         ||$C$L29||,LO         ; [CPU_ALU] |396| 
     864                      ; branchcc occurs ; [] |396| 
     865 0000000b 5310          CMPB      AH,#16                ; [CPU_ALU] |396| 
     866 0000000c 6637          B         ||$C$L29||,HI         ; [CPU_ALU] |396| 
     867                      ; branchcc occurs ; [] |396| 
     868                      .dwpsn  file "../src_driver/interrupt.c",line 398,column 9,is_stmt,isa 0
TMS320C2000 Assembler PC v22.6.2 Sat Dec 27 15:00:19 2025

Copyright (c) 1996-2018 Texas Instruments Incorporated
interrupt.asm                                                        PAGE   18

     869 0000000d 92AA          MOV       AL,PH                 ; [CPU_ALU] |398| 
     870 0000000e 9CFF          ADDB      AL,#-1                ; [CPU_ALU] |398| 
     871 0000000f 2DA9          MOV       T,AL                  ; [CPU_ALU] |398| 
     872 00000010 9A01          MOVB      AL,#1                 ; [CPU_ALU] |398| 
     873 00000011 FF66          LSL       AL,T                  ; [CPU_ALU] |398| 
     874 00000012 20A6          MOV       AR6,IER               ; [CPU_ALU] |398| 
     875 00000013 93A9          MOV       AH,AL                 ; [CPU_ALU] |398| 
     876 00000014 FF5F          NOT       AH                    ; [CPU_ALU] |398| 
     877 00000015 CFA6          AND       AH,AR6                ; [CPU_ALU] |398| 
     878 00000016 23A8          MOV       IER,AH                ; [CPU_ALU] |398| 
     879 00000017 7700   NOP
     880 00000018 7700   NOP
     881 00000019 7700   NOP
     882 0000001a 7700   NOP
     883 0000001b 7700   NOP
     884 0000001c FF69          SPM       #0                    ; [CPU_ALU] 
     885                      .dwpsn  file "../src_driver/interrupt.c",line 409,column 9,is_stmt,isa 0
     886              $C$DW$42        .dwtag  DW_TAG_TI_branch
     887                      .dwattr $C$DW$42, DW_AT_low_pc(0x00)
     888                      .dwattr $C$DW$42, DW_AT_name("Interrupt_clearIFR")
     889                      .dwattr $C$DW$42, DW_AT_TI_call
     890              
     891 0000001d 7640!         LCR       #||Interrupt_clearIFR|| ; [CPU_ALU] |409| 
         0000001e 0000 
     892                      ; call occurs [#||Interrupt_clearIFR||] ; [] |409| 
     893                      .dwpsn  file "../src_driver/interrupt.c",line 421,column 5,is_stmt,isa 0
     894 0000001f 6F24          B         ||$C$L29||,UNC        ; [CPU_ALU] |421| 
     895                      ; branch occurs ; [] |421| 
     896 00000020       ||$C$L28||:    
     897 00000020 A9A9          MOVL      ACC,P                 ; [CPU_ALU] 
     898 00000021 2901          CLRC      SXM                   ; [CPU_ALU] 
     899                      .dwpsn  file "../src_driver/interrupt.c",line 373,column 9,is_stmt,isa 0
     900 00000022 FF47          SFR       ACC,8                 ; [CPU_ALU] |373| 
     901 00000023 90FF          ANDB      AL,#0xff              ; [CPU_ALU] |373| 
     902 00000024 9CFF          ADDB      AL,#-1                ; [CPU_ALU] |373| 
     903 00000025 88A9          MOVZ      AR6,AL                ; [CPU_ALU] |373| 
     904 00000026 28A8          MOV       AH,#1649              ; [CPU_ALU] |373| 
         00000027 0671 
     905 00000028 95A6          ADD       AH,AR6                ; [CPU_ALU] |373| 
     906 00000029 5603          MOV       ACC,AH << #1          ; [CPU_ALU] |373| 
         0000002a 01A8 
     907 0000002b 5CA9          MOVZ      AR4,AL                ; [CPU_ALU] |373| 
     908 0000002c 92AB          MOV       AL,PL                 ; [CPU_ALU] |373| 
     909 0000002d 90FF          ANDB      AL,#0xff              ; [CPU_ALU] |373| 
     910 0000002e 9CFF          ADDB      AL,#-1                ; [CPU_ALU] |373| 
     911 0000002f 2DA9          MOV       T,AL                  ; [CPU_ALU] |373| 
     912 00000030 9A01          MOVB      AL,#1                 ; [CPU_ALU] |373| 
     913 00000031 FF66          LSL       AL,T                  ; [CPU_ALU] |373| 
     914 00000032 FF5E          NOT       AL                    ; [CPU_ALU] |373| 
     915 00000033 C0C4          AND       *+XAR4[0],AL          ; [CPU_ALU] |373| 
     916 00000034 7700   NOP
     917 00000035 7700   NOP
     918 00000036 7700   NOP
     919 00000037 7700   NOP
     920 00000038 7700   NOP
TMS320C2000 Assembler PC v22.6.2 Sat Dec 27 15:00:19 2025

Copyright (c) 1996-2018 Texas Instruments Incorporated
interrupt.asm                                                        PAGE   19

     921                      .dwpsn  file "../src_driver/interrupt.c",line 385,column 9,is_stmt,isa 0
     922 00000039 9B01          MOVB      AH,#1                 ; [CPU_ALU] |385| 
     923 0000003a FF69          SPM       #0                    ; [CPU_ALU] 
     924 0000003b 2DA6          MOV       T,AR6                 ; [CPU_ALU] |385| 
     925 0000003c FF67          LSL       AH,T                  ; [CPU_ALU] |385| 
     926 0000003d 27A8          MOV       PL,AH                 ; [CPU_ALU] |385| 
     927 0000003e 92AB          MOV       AL,PL                 ; [CPU_ALU] |385| 
     928              $C$DW$43        .dwtag  DW_TAG_TI_branch
     929                      .dwattr $C$DW$43, DW_AT_low_pc(0x00)
     930                      .dwattr $C$DW$43, DW_AT_name("Interrupt_clearIFR")
     931                      .dwattr $C$DW$43, DW_AT_TI_call
     932              
     933 0000003f 7640!         LCR       #||Interrupt_clearIFR|| ; [CPU_ALU] |385| 
         00000040 0000 
     934                      ; call occurs [#||Interrupt_clearIFR||] ; [] |385| 
     935                      .dwpsn  file "../src_driver/interrupt.c",line 390,column 9,is_stmt,isa 0
     936 00000041 F4AB          MOV       *(0:0x0ce1),PL        ; [CPU_ALU] |390| 
         00000042 0CE1 
     937 00000043       ||$C$L29||:    
     938 00000043 92A5          MOV       AL,AR5                ; [CPU_ALU] 
     939                      .dwpsn  file "../src_driver/interrupt.c",line 421,column 5,is_stmt,isa 0
     940 00000044 5201          CMPB      AL,#1                 ; [CPU_ALU] |421| 
     941 00000045 6104          B         ||$C$L30||,EQ         ; [CPU_ALU] |421| 
     942                      ; branchcc occurs ; [] |421| 
     943                      .dwpsn  file "D:/TI/c2000/C2000Ware_MotorControl_SDK_5_04_00_00/c2000ware/driverlib/f2837xd/driverlib
     944 00000046 7608          PUSH      ST1                   ; [CPU_ALU] |198| 
     945 00000047 2930          CLRC      INTM, DBGM            ; [CPU_ALU] |198| 
     946 00000048 92BE          MOV       AL,*--SP              ; [CPU_ALU] |198| 
     947              ||$C$L30||:    
     948              $C$DW$44        .dwtag  DW_TAG_TI_branch
     949                      .dwattr $C$DW$44, DW_AT_low_pc(0x00)
     950                      .dwattr $C$DW$44, DW_AT_TI_return
     951              
     952 00000049 0006          LRETR     ; [CPU_ALU] 
     953                      ; return occurs ; [] 
     954                      .dwattr $C$DW$38, DW_AT_TI_end_file("../src_driver/interrupt.c")
     955                      .dwattr $C$DW$38, DW_AT_TI_end_line(0x1a9)
     956                      .dwattr $C$DW$38, DW_AT_TI_end_column(0x01)
     957                      .dwendentry
     958                      .dwendtag $C$DW$38
     959              
     960 00000000               .sect   ".text:Interrupt_defaultHandler"
     961                      .retain
     962                      .retainrefs
     963                      .global ||Interrupt_defaultHandler||
     964              
     965              $C$DW$45        .dwtag  DW_TAG_subprogram
     966                      .dwattr $C$DW$45, DW_AT_name("Interrupt_defaultHandler")
     967                      .dwattr $C$DW$45, DW_AT_low_pc(||Interrupt_defaultHandler||)
     968                      .dwattr $C$DW$45, DW_AT_high_pc(0x00)
     969                      .dwattr $C$DW$45, DW_AT_linkage_name("Interrupt_defaultHandler")
     970                      .dwattr $C$DW$45, DW_AT_external
     971                      .dwattr $C$DW$45, DW_AT_decl_file("../src_driver/interrupt.c")
     972                      .dwattr $C$DW$45, DW_AT_decl_line(0xb2)
     973                      .dwattr $C$DW$45, DW_AT_decl_column(0x12)
TMS320C2000 Assembler PC v22.6.2 Sat Dec 27 15:00:19 2025

Copyright (c) 1996-2018 Texas Instruments Incorporated
interrupt.asm                                                        PAGE   20

     974                      .dwattr $C$DW$45, DW_AT_TI_interrupt
     975                      .dwattr $C$DW$45, DW_AT_TI_max_frame_size(-6)
     976                      .dwpsn  file "../src_driver/interrupt.c",line 179,column 1,is_stmt,address ||Interrupt_defaultHandler
     977              
     978                      .dwfde $C$DW$CIE, ||Interrupt_defaultHandler||
     979              
     980              ;***************************************************************
     981              ;* FNAME: Interrupt_defaultHandler      FR SIZE:   4           *
     982              ;*                                                             *
     983              ;* FUNCTION ENVIRONMENT                                        *
     984              ;*                                                             *
     985              ;* FUNCTION PROPERTIES                                         *
     986              ;*                            0 Parameter,  0 Auto,  4 SOE     *
     987              ;***************************************************************
     988              
     989 00000000       ||Interrupt_defaultHandler||:
     990                      .dwcfi  cfa_offset, -2
     991                      .dwcfi  save_reg_to_mem, 26, 0
     992 00000000 761B          ASP       ; [CPU_ALU] 
     993 00000001 FFF0          PUSH      RB                    ; [CPU_FPU] 
     994                      .dwcfi  save_reg_to_mem, 74, 4
     995                      .dwcfi  cfa_offset, -4
     996 00000002 E200          MOV32     *SP++,STF             ; [CPU_FPU] 
         00000003 00BD 
     997                      .dwcfi  save_reg_to_mem, 40, 6
     998                      .dwcfi  cfa_offset, -6
     999 00000004 E630          SETFLG    RNDF32=1, RNDF64=1    ; [CPU_FPU] 
         00000005 0600 
    1000 00000006 2942          CLRC      PAGE0,OVM             ; [CPU_ALU] 
    1001 00000007 5616          CLRC      AMODE                 ; [CPU_ALU] 
    1002                      .dwpsn  file "../src_driver/interrupt.c",line 188,column 5,is_stmt,isa 0
    1003 00000008 F5A9          MOV       AL,*(0:0x0ce0)        ; [CPU_ALU] |188| 
         00000009 0CE0 
    1004 0000000a 7625   ESTOP0
    1005 0000000b       ||$C$L31||:    
    1006                      .dwpsn  file "../src_driver/interrupt.c",line 208,column 5,is_stmt,isa 0
    1007 0000000b 6F00          B         ||$C$L31||,UNC        ; [CPU_ALU] |208| 
    1008                      ; branch occurs ; [] |208| 
    1009                      .dwattr $C$DW$45, DW_AT_TI_end_file("../src_driver/interrupt.c")
    1010                      .dwattr $C$DW$45, DW_AT_TI_end_line(0xd1)
    1011                      .dwattr $C$DW$45, DW_AT_TI_end_column(0x01)
    1012                      .dwendentry
    1013                      .dwendtag $C$DW$45
    1014              
    1015              
    1016              ;***************************************************************
    1017              ;* BUILD ATTRIBUTES                                            *
    1018              ;***************************************************************
    1019                      .battr "c28xabi", Tag_File, 1, Tag_float_args(0)
    1020                      .battr "c28xabi", Tag_File, 1, Tag_double_args(0)
    1021                      .dwattr $C$DW$CU, DW_AT_language(DW_LANG_C)
    1022              
    1023              ;***************************************************************
    1024              ;* DWARF CIE ENTRIES                                           *
    1025              ;***************************************************************
TMS320C2000 Assembler PC v22.6.2 Sat Dec 27 15:00:19 2025

Copyright (c) 1996-2018 Texas Instruments Incorporated
interrupt.asm                                                        PAGE   21

    1026              
    1027              $C$DW$CIE       .dwcie 26
    1028                      .dwcfi  cfa_register, 20
    1029                      .dwcfi  cfa_offset, 0
    1030                      .dwcfi  same_value, 28
    1031                      .dwcfi  same_value, 6
    1032                      .dwcfi  same_value, 7
    1033                      .dwcfi  same_value, 8
    1034                      .dwcfi  same_value, 9
    1035                      .dwcfi  same_value, 10
    1036                      .dwcfi  same_value, 11
    1037                      .dwcfi  same_value, 59
    1038                      .dwcfi  same_value, 63
    1039                      .dwcfi  same_value, 67
    1040                      .dwcfi  same_value, 71
    1041                      .dwendentry
    1042                      .dwendtag $C$DW$CU
    1043              
    1044              
    1045              ;***************************************************************
    1046              ;* TYPE INFORMATION                                            *
    1047              ;***************************************************************
    1048              
    1049              $C$DW$TU$2      .dwtag  DW_TAG_type_unit
    1050                      .dwmtype  $C$DW$T$2
    1051              $C$DW$T$2       .dwtag  DW_TAG_unspecified_type
    1052                      .dwattr $C$DW$T$2, DW_AT_name("void")
    1053              
    1054                      .dwendtag $C$DW$TU$2
    1055              
    1056              
    1057              $C$DW$TU$4      .dwtag  DW_TAG_type_unit
    1058                      .dwmtype  $C$DW$T$4
    1059              $C$DW$T$4       .dwtag  DW_TAG_base_type
    1060                      .dwattr $C$DW$T$4, DW_AT_encoding(DW_ATE_boolean)
    1061                      .dwattr $C$DW$T$4, DW_AT_name("bool")
    1062                      .dwattr $C$DW$T$4, DW_AT_byte_size(0x01)
    1063              
    1064                      .dwendtag $C$DW$TU$4
    1065              
    1066              
    1067              $C$DW$TU$5      .dwtag  DW_TAG_type_unit
    1068                      .dwmtype  $C$DW$T$5
    1069              $C$DW$T$5       .dwtag  DW_TAG_base_type
    1070                      .dwattr $C$DW$T$5, DW_AT_encoding(DW_ATE_signed_char)
    1071                      .dwattr $C$DW$T$5, DW_AT_name("signed char")
    1072                      .dwattr $C$DW$T$5, DW_AT_byte_size(0x01)
    1073              
    1074                      .dwendtag $C$DW$TU$5
    1075              
    1076              
    1077              $C$DW$TU$6      .dwtag  DW_TAG_type_unit
    1078                      .dwmtype  $C$DW$T$6
    1079              $C$DW$T$6       .dwtag  DW_TAG_base_type
    1080                      .dwattr $C$DW$T$6, DW_AT_encoding(DW_ATE_unsigned_char)
TMS320C2000 Assembler PC v22.6.2 Sat Dec 27 15:00:19 2025

Copyright (c) 1996-2018 Texas Instruments Incorporated
interrupt.asm                                                        PAGE   22

    1081                      .dwattr $C$DW$T$6, DW_AT_name("unsigned char")
    1082                      .dwattr $C$DW$T$6, DW_AT_byte_size(0x01)
    1083              
    1084                      .dwendtag $C$DW$TU$6
    1085              
    1086              
    1087              $C$DW$TU$7      .dwtag  DW_TAG_type_unit
    1088                      .dwmtype  $C$DW$T$7
    1089              $C$DW$T$7       .dwtag  DW_TAG_base_type
    1090                      .dwattr $C$DW$T$7, DW_AT_encoding(DW_ATE_signed_char)
    1091                      .dwattr $C$DW$T$7, DW_AT_name("wchar_t")
    1092                      .dwattr $C$DW$T$7, DW_AT_byte_size(0x02)
    1093              
    1094                      .dwendtag $C$DW$TU$7
    1095              
    1096              
    1097              $C$DW$TU$8      .dwtag  DW_TAG_type_unit
    1098                      .dwmtype  $C$DW$T$8
    1099              $C$DW$T$8       .dwtag  DW_TAG_base_type
    1100                      .dwattr $C$DW$T$8, DW_AT_encoding(DW_ATE_signed)
    1101                      .dwattr $C$DW$T$8, DW_AT_name("short")
    1102                      .dwattr $C$DW$T$8, DW_AT_byte_size(0x01)
    1103              
    1104                      .dwendtag $C$DW$TU$8
    1105              
    1106              
    1107              $C$DW$TU$9      .dwtag  DW_TAG_type_unit
    1108                      .dwmtype  $C$DW$T$9
    1109              $C$DW$T$9       .dwtag  DW_TAG_base_type
    1110                      .dwattr $C$DW$T$9, DW_AT_encoding(DW_ATE_unsigned)
    1111                      .dwattr $C$DW$T$9, DW_AT_name("unsigned short")
    1112                      .dwattr $C$DW$T$9, DW_AT_byte_size(0x01)
    1113              
    1114                      .dwendtag $C$DW$TU$9
    1115              
    1116              
    1117              $C$DW$TU$10     .dwtag  DW_TAG_type_unit
    1118                      .dwmtype  $C$DW$T$10
    1119              $C$DW$T$10      .dwtag  DW_TAG_base_type
    1120                      .dwattr $C$DW$T$10, DW_AT_encoding(DW_ATE_signed)
    1121                      .dwattr $C$DW$T$10, DW_AT_name("int")
    1122                      .dwattr $C$DW$T$10, DW_AT_byte_size(0x01)
    1123              
    1124                      .dwendtag $C$DW$TU$10
    1125              
    1126              
    1127              $C$DW$TU$11     .dwtag  DW_TAG_type_unit
    1128                      .dwmtype  $C$DW$T$11
    1129              $C$DW$T$11      .dwtag  DW_TAG_base_type
    1130                      .dwattr $C$DW$T$11, DW_AT_encoding(DW_ATE_unsigned)
    1131                      .dwattr $C$DW$T$11, DW_AT_name("unsigned int")
    1132                      .dwattr $C$DW$T$11, DW_AT_byte_size(0x01)
    1133              
    1134                      .dwendtag $C$DW$TU$11
    1135              
TMS320C2000 Assembler PC v22.6.2 Sat Dec 27 15:00:19 2025

Copyright (c) 1996-2018 Texas Instruments Incorporated
interrupt.asm                                                        PAGE   23

    1136              
    1137              $C$DW$TU$21     .dwtag  DW_TAG_type_unit
    1138                      .dwmtype  $C$DW$T$21
    1139              $C$DW$T$21      .dwtag  DW_TAG_typedef
    1140                      .dwattr $C$DW$T$21, DW_AT_name("__uint16_t")
    1141                      .dwattr $C$DW$T$21, DW_AT_type(*$C$DW$T$11)
    1142                      .dwattr $C$DW$T$21, DW_AT_decl_file("D:/TI/ccs/tools/compiler/ti-cgt-c2000_22.6.2.LTS/include/machine
    1143                      .dwattr $C$DW$T$21, DW_AT_decl_line(0x41)
    1144                      .dwattr $C$DW$T$21, DW_AT_decl_column(0x1c)
    1145              
    1146                      .dwendtag $C$DW$TU$21
    1147              
    1148              
    1149              $C$DW$TU$22     .dwtag  DW_TAG_type_unit
    1150                      .dwmtype  $C$DW$T$22
    1151              $C$DW$T$22      .dwtag  DW_TAG_typedef
    1152                      .dwattr $C$DW$T$22, DW_AT_name("uint16_t")
    1153                      .dwattr $C$DW$T$22, DW_AT_type(*$C$DW$T$21)
    1154                      .dwattr $C$DW$T$22, DW_AT_decl_file("D:/TI/ccs/tools/compiler/ti-cgt-c2000_22.6.2.LTS/include/sys/_st
    1155                      .dwattr $C$DW$T$22, DW_AT_decl_line(0x41)
    1156                      .dwattr $C$DW$T$22, DW_AT_decl_column(0x15)
    1157              
    1158                      .dwendtag $C$DW$TU$22
    1159              
    1160              
    1161              $C$DW$TU$12     .dwtag  DW_TAG_type_unit
    1162                      .dwmtype  $C$DW$T$12
    1163              $C$DW$T$12      .dwtag  DW_TAG_base_type
    1164                      .dwattr $C$DW$T$12, DW_AT_encoding(DW_ATE_signed)
    1165                      .dwattr $C$DW$T$12, DW_AT_name("long")
    1166                      .dwattr $C$DW$T$12, DW_AT_byte_size(0x02)
    1167              
    1168                      .dwendtag $C$DW$TU$12
    1169              
    1170              
    1171              $C$DW$TU$13     .dwtag  DW_TAG_type_unit
    1172                      .dwmtype  $C$DW$T$13
    1173              $C$DW$T$13      .dwtag  DW_TAG_base_type
    1174                      .dwattr $C$DW$T$13, DW_AT_encoding(DW_ATE_unsigned)
    1175                      .dwattr $C$DW$T$13, DW_AT_name("unsigned long")
    1176                      .dwattr $C$DW$T$13, DW_AT_byte_size(0x02)
    1177              
    1178                      .dwendtag $C$DW$TU$13
    1179              
    1180              
    1181              $C$DW$TU$25     .dwtag  DW_TAG_type_unit
    1182                      .dwmtype  $C$DW$T$25
    1183              $C$DW$T$25      .dwtag  DW_TAG_typedef
    1184                      .dwattr $C$DW$T$25, DW_AT_name("__uint32_t")
    1185                      .dwattr $C$DW$T$25, DW_AT_type(*$C$DW$T$13)
    1186                      .dwattr $C$DW$T$25, DW_AT_decl_file("D:/TI/ccs/tools/compiler/ti-cgt-c2000_22.6.2.LTS/include/machine
    1187                      .dwattr $C$DW$T$25, DW_AT_decl_line(0x43)
    1188                      .dwattr $C$DW$T$25, DW_AT_decl_column(0x1c)
    1189              
    1190                      .dwendtag $C$DW$TU$25
TMS320C2000 Assembler PC v22.6.2 Sat Dec 27 15:00:19 2025

Copyright (c) 1996-2018 Texas Instruments Incorporated
interrupt.asm                                                        PAGE   24

    1191              
    1192              
    1193              $C$DW$TU$26     .dwtag  DW_TAG_type_unit
    1194                      .dwmtype  $C$DW$T$26
    1195              $C$DW$T$26      .dwtag  DW_TAG_typedef
    1196                      .dwattr $C$DW$T$26, DW_AT_name("uint32_t")
    1197                      .dwattr $C$DW$T$26, DW_AT_type(*$C$DW$T$25)
    1198                      .dwattr $C$DW$T$26, DW_AT_decl_file("D:/TI/ccs/tools/compiler/ti-cgt-c2000_22.6.2.LTS/include/sys/_st
    1199                      .dwattr $C$DW$T$26, DW_AT_decl_line(0x46)
    1200                      .dwattr $C$DW$T$26, DW_AT_decl_column(0x15)
    1201              
    1202                      .dwendtag $C$DW$TU$26
    1203              
    1204              
    1205              $C$DW$TU$38     .dwtag  DW_TAG_type_unit
    1206                      .dwmtype  $C$DW$T$38
    1207              $C$DW$46        .dwtag  DW_TAG_TI_far_type
    1208                      .dwattr $C$DW$46, DW_AT_type(*$C$DW$T$26)
    1209              
    1210              $C$DW$T$38      .dwtag  DW_TAG_const_type
    1211                      .dwattr $C$DW$T$38, DW_AT_type(*$C$DW$46)
    1212              
    1213                      .dwendtag $C$DW$TU$38
    1214              
    1215              
    1216              $C$DW$TU$14     .dwtag  DW_TAG_type_unit
    1217                      .dwmtype  $C$DW$T$14
    1218              $C$DW$T$14      .dwtag  DW_TAG_base_type
    1219                      .dwattr $C$DW$T$14, DW_AT_encoding(DW_ATE_signed)
    1220                      .dwattr $C$DW$T$14, DW_AT_name("long long")
    1221                      .dwattr $C$DW$T$14, DW_AT_byte_size(0x04)
    1222              
    1223                      .dwendtag $C$DW$TU$14
    1224              
    1225              
    1226              $C$DW$TU$15     .dwtag  DW_TAG_type_unit
    1227                      .dwmtype  $C$DW$T$15
    1228              $C$DW$T$15      .dwtag  DW_TAG_base_type
    1229                      .dwattr $C$DW$T$15, DW_AT_encoding(DW_ATE_unsigned)
    1230                      .dwattr $C$DW$T$15, DW_AT_name("unsigned long long")
    1231                      .dwattr $C$DW$T$15, DW_AT_byte_size(0x04)
    1232              
    1233                      .dwendtag $C$DW$TU$15
    1234              
    1235              
    1236              $C$DW$TU$16     .dwtag  DW_TAG_type_unit
    1237                      .dwmtype  $C$DW$T$16
    1238              $C$DW$T$16      .dwtag  DW_TAG_base_type
    1239                      .dwattr $C$DW$T$16, DW_AT_encoding(DW_ATE_float)
    1240                      .dwattr $C$DW$T$16, DW_AT_name("float")
    1241                      .dwattr $C$DW$T$16, DW_AT_byte_size(0x02)
    1242              
    1243                      .dwendtag $C$DW$TU$16
    1244              
    1245              
TMS320C2000 Assembler PC v22.6.2 Sat Dec 27 15:00:19 2025

Copyright (c) 1996-2018 Texas Instruments Incorporated
interrupt.asm                                                        PAGE   25

    1246              $C$DW$TU$17     .dwtag  DW_TAG_type_unit
    1247                      .dwmtype  $C$DW$T$17
    1248              $C$DW$T$17      .dwtag  DW_TAG_base_type
    1249                      .dwattr $C$DW$T$17, DW_AT_encoding(DW_ATE_float)
    1250                      .dwattr $C$DW$T$17, DW_AT_name("double")
    1251                      .dwattr $C$DW$T$17, DW_AT_byte_size(0x04)
    1252              
    1253                      .dwendtag $C$DW$TU$17
    1254              
    1255              
    1256              $C$DW$TU$18     .dwtag  DW_TAG_type_unit
    1257                      .dwmtype  $C$DW$T$18
    1258              $C$DW$T$18      .dwtag  DW_TAG_base_type
    1259                      .dwattr $C$DW$T$18, DW_AT_encoding(DW_ATE_float)
    1260                      .dwattr $C$DW$T$18, DW_AT_name("long double")
    1261                      .dwattr $C$DW$T$18, DW_AT_byte_size(0x04)
    1262              
    1263                      .dwendtag $C$DW$TU$18
    1264              
    1265              
    1266              $C$DW$TU$39     .dwtag  DW_TAG_type_unit
    1267                      .dwmtype  $C$DW$T$39
    1268              $C$DW$T$39      .dwtag  DW_TAG_base_type
    1269                      .dwattr $C$DW$T$39, DW_AT_encoding(DW_ATE_unsigned_char)
    1270                      .dwattr $C$DW$T$39, DW_AT_name("unsigned char")
    1271                      .dwattr $C$DW$T$39, DW_AT_byte_size(0x01)
    1272              
    1273                      .dwendtag $C$DW$TU$39
    1274              

No Assembly Errors, No Assembly Warnings
