TMS320C2000 Assembler PC v22.6.2 Sat Dec 27 15:00:19 2025

Copyright (c) 1996-2018 Texas Instruments Incorporated
sdfm.asm                                                             PAGE    1

       1              ;***************************************************************
       2              ;* TMS320C2000 G3 C/C++ Codegen                               PC v22.6.2.LTS *
       3              ;* Date/Time created: Sat Dec 27 15:00:19 2025                 *
       4              ;***************************************************************
       5                      .compiler_opts --abi=eabi --cla_support=cla1 --diag_wrap=off --float_support=fpu32 --hll_source=on --
       6                      .asg    XAR2, FP
       7              
       8              $C$DW$CU        .dwtag  DW_TAG_compile_unit
       9                      .dwattr $C$DW$CU, DW_AT_name("../src_driver/sdfm.c")
      10                      .dwattr $C$DW$CU, DW_AT_producer("TI TMS320C2000 G3 C/C++ Codegen PC v22.6.2.LTS Copyright (c) 1996-2
      11                      .dwattr $C$DW$CU, DW_AT_TI_version(0x01)
      12                      .dwattr $C$DW$CU, DW_AT_comp_dir("C:\Users\JUNLI\workspace_ccstheia\dual_axis_servo_drive_fcl_qep_f28
      13              
      14              $C$DW$1 .dwtag  DW_TAG_subprogram
      15                      .dwattr $C$DW$1, DW_AT_name("__eallow")
      16                      .dwattr $C$DW$1, DW_AT_linkage_name("__eallow")
      17                      .dwattr $C$DW$1, DW_AT_declaration
      18                      .dwattr $C$DW$1, DW_AT_external
      19                      .dwendtag $C$DW$1
      20              
      21              
      22              $C$DW$2 .dwtag  DW_TAG_subprogram
      23                      .dwattr $C$DW$2, DW_AT_name("__edis")
      24                      .dwattr $C$DW$2, DW_AT_linkage_name("__edis")
      25                      .dwattr $C$DW$2, DW_AT_declaration
      26                      .dwattr $C$DW$2, DW_AT_external
      27                      .dwendtag $C$DW$2
      28              
      29              ;       D:\TI\ccs\tools\compiler\ti-cgt-c2000_22.6.2.LTS\bin\opt2000.exe C:\\Users\\JUNLI\\AppData\\Local\\Te
      30              ;       D:\TI\ccs\tools\compiler\ti-cgt-c2000_22.6.2.LTS\bin\acia2000.exe -@C:\\Users\\JUNLI\\AppData\\Local\
      31 00000000               .sect   ".text:SDFM_configDataFilter"
      32                      .clink
      33                      .global ||SDFM_configDataFilter||
      34              
      35              $C$DW$3 .dwtag  DW_TAG_subprogram
      36                      .dwattr $C$DW$3, DW_AT_name("SDFM_configDataFilter")
      37                      .dwattr $C$DW$3, DW_AT_low_pc(||SDFM_configDataFilter||)
      38                      .dwattr $C$DW$3, DW_AT_high_pc(0x00)
      39                      .dwattr $C$DW$3, DW_AT_linkage_name("SDFM_configDataFilter")
      40                      .dwattr $C$DW$3, DW_AT_external
      41                      .dwattr $C$DW$3, DW_AT_decl_file("../src_driver/sdfm.c")
      42                      .dwattr $C$DW$3, DW_AT_decl_line(0x85)
      43                      .dwattr $C$DW$3, DW_AT_decl_column(0x06)
      44                      .dwattr $C$DW$3, DW_AT_TI_max_frame_size(-2)
      45                      .dwpsn  file "../src_driver/sdfm.c",line 134,column 1,is_stmt,address ||SDFM_configDataFilter||,isa 0
      46              
      47                      .dwfde $C$DW$CIE, ||SDFM_configDataFilter||
      48              $C$DW$4 .dwtag  DW_TAG_formal_parameter
      49                      .dwattr $C$DW$4, DW_AT_name("base")
      50                      .dwattr $C$DW$4, DW_AT_type(*$C$DW$T$26)
      51                      .dwattr $C$DW$4, DW_AT_location[DW_OP_reg0]
      52              
      53              $C$DW$5 .dwtag  DW_TAG_formal_parameter
      54                      .dwattr $C$DW$5, DW_AT_name("config1")
      55                      .dwattr $C$DW$5, DW_AT_type(*$C$DW$T$30)
TMS320C2000 Assembler PC v22.6.2 Sat Dec 27 15:00:19 2025

Copyright (c) 1996-2018 Texas Instruments Incorporated
sdfm.asm                                                             PAGE    2

      56                      .dwattr $C$DW$5, DW_AT_location[DW_OP_reg12]
      57              
      58              $C$DW$6 .dwtag  DW_TAG_formal_parameter
      59                      .dwattr $C$DW$6, DW_AT_name("config2")
      60                      .dwattr $C$DW$6, DW_AT_type(*$C$DW$T$30)
      61                      .dwattr $C$DW$6, DW_AT_location[DW_OP_reg14]
      62              
      63              
      64              ;***************************************************************
      65              ;* FNAME: SDFM_configDataFilter         FR SIZE:   0           *
      66              ;*                                                             *
      67              ;* FUNCTION ENVIRONMENT                                        *
      68              ;*                                                             *
      69              ;* FUNCTION PROPERTIES                                         *
      70              ;*                            0 Parameter,  0 Auto,  0 SOE     *
      71              ;***************************************************************
      72              
      73              ||SDFM_configDataFilter||:
      74              ;* AR4   assigned to $O$C1
      75              ;* AR4   assigned to $O$C2
      76              ;* AR4   assigned to $O$K9
      77              ;* AR4   assigned to $O$U34
      78              ;* PL    assigned to base
      79              $C$DW$7 .dwtag  DW_TAG_variable
      80                      .dwattr $C$DW$7, DW_AT_name("base")
      81                      .dwattr $C$DW$7, DW_AT_type(*$C$DW$T$41)
      82                      .dwattr $C$DW$7, DW_AT_location[DW_OP_reg2]
      83              
      84              ;* AR6   assigned to config1
      85              $C$DW$8 .dwtag  DW_TAG_variable
      86                      .dwattr $C$DW$8, DW_AT_name("config1")
      87                      .dwattr $C$DW$8, DW_AT_type(*$C$DW$T$39)
      88                      .dwattr $C$DW$8, DW_AT_location[DW_OP_reg16]
      89              
      90              ;* AR5   assigned to config2
      91              $C$DW$9 .dwtag  DW_TAG_variable
      92                      .dwattr $C$DW$9, DW_AT_name("config2")
      93                      .dwattr $C$DW$9, DW_AT_type(*$C$DW$T$39)
      94                      .dwattr $C$DW$9, DW_AT_location[DW_OP_reg14]
      95              
      96              ;* AR7   assigned to filter
      97              $C$DW$10        .dwtag  DW_TAG_variable
      98                      .dwattr $C$DW$10, DW_AT_name("filter")
      99                      .dwattr $C$DW$10, DW_AT_type(*$C$DW$T$20)
     100                      .dwattr $C$DW$10, DW_AT_location[DW_OP_reg18]
     101              
     102                      .dwcfi  cfa_offset, -2
     103                      .dwcfi  save_reg_to_mem, 26, 0
     104 00000000 88A4          MOVZ      AR6,AR4               ; [CPU_ALU] |134| 
     105 00000001 FF5A          MOVL      P,ACC                 ; [CPU_ALU] |134| 
     106                      .dwpsn  file "../src_driver/sdfm.c",line 139,column 5,is_stmt,isa 0
     107 00000002 CCA6          AND       AL,AR6,#0x0003        ; [CPU_ALU] |139| 
         00000003 0003 
     108 00000004 80A9          MOVZ      AR7,AL                ; [CPU_ALU] |139| 
     109                      .dwpsn  file "D:/TI/c2000/C2000Ware_MotorControl_SDK_5_04_00_00/c2000ware/driverlib/f2837xd/driverlib
TMS320C2000 Assembler PC v22.6.2 Sat Dec 27 15:00:19 2025

Copyright (c) 1996-2018 Texas Instruments Incorporated
sdfm.asm                                                             PAGE    3

     110 00000005 7622          EALLOW    ; [CPU_ALU] |417| 
     111 00000006 2901          CLRC      SXM                   ; [CPU_ALU] 
     112                      .dwpsn  file "D:/TI/c2000/C2000Ware_MotorControl_SDK_5_04_00_00/c2000ware/driverlib/f2837xd/driverlib
     113 00000007 5603          MOV       ACC,AR7 << 4          ; [CPU_ALU] |418| 
         00000008 04A7 
     114 00000009 07AB          ADDL      ACC,P                 ; [CPU_ALU] |418| 
     115 0000000a 8AA9          MOVL      XAR4,ACC              ; [CPU_ALU] |418| 
     116 0000000b D011          MOVB      XAR0,#17              ; [CPU_ALU] |418| 
     117 0000000c CCA6          AND       AL,AR6,#0x0030        ; [CPU_ALU] |418| 
         0000000d 0030 
     118 0000000e CD94          AND       AH,*+XAR4[AR0],#0xf3ff ; [CPU_ALU] |418| 
         0000000f F3FF 
     119 00000010 FF85          LSL       AL,6                  ; [CPU_ALU] |418| 
     120 00000011 D011          MOVB      XAR0,#17              ; [CPU_FPU] |418| 
     121 00000012 CAA8          OR        AL,AH                 ; [CPU_ALU] |418| 
     122 00000013 9694          MOV       *+XAR4[AR0],AL        ; [CPU_ALU] |418| 
     123                      .dwpsn  file "D:/TI/c2000/C2000Ware_MotorControl_SDK_5_04_00_00/c2000ware/driverlib/f2837xd/driverlib
     124 00000014 D011          MOVB      XAR0,#17              ; [CPU_ALU] |453| 
     125 00000015 92A6          MOV       AL,AR6                ; [CPU_ALU] |453| 
     126 00000016 FFC7          LSR       AL,8                  ; [CPU_ALU] |453| 
     127 00000017 CD94          AND       AH,*+XAR4[AR0],#0xff00 ; [CPU_FPU] |453| 
         00000018 FF00 
     128 00000019 D011          MOVB      XAR0,#17              ; [CPU_FPU] |453| 
     129 0000001a CAA8          OR        AL,AH                 ; [CPU_ALU] |453| 
     130 0000001b 9694          MOV       *+XAR4[AR0],AL        ; [CPU_ALU] |453| 
     131                      .dwpsn  file "D:/TI/c2000/C2000Ware_MotorControl_SDK_5_04_00_00/c2000ware/driverlib/f2837xd/driverlib
     132 0000001c 761A          EDIS      ; [CPU_ALU] |455| 
     133                      .dwpsn  file "../src_driver/sdfm.c",line 164,column 5,is_stmt,isa 0
     134 0000001d 41A5          TBIT      AR5,#1                ; [CPU_ALU] |164| 
     135 0000001e 6D07          B         ||$C$L1||,TC          ; [CPU_ALU] |164| 
     136                      ; branchcc occurs ; [] |164| 
     137                      .dwpsn  file "D:/TI/c2000/C2000Ware_MotorControl_SDK_5_04_00_00/c2000ware/driverlib/f2837xd/driverlib
     138 0000001f 7622          EALLOW    ; [CPU_ALU] |385| 
     139                      .dwpsn  file "D:/TI/c2000/C2000Ware_MotorControl_SDK_5_04_00_00/c2000ware/driverlib/f2837xd/driverlib
     140 00000020 C4A4          MOVL      XAR6,XAR4             ; [CPU_ALU] |386| 
     141 00000021 DE11          ADDB      XAR6,#17              ; [CPU_ALU] |386| 
     142 00000022 18C6          AND       *+XAR6[0],#0xfeff     ; [CPU_ALU] |386| 
         00000023 FEFF 
     143                      .dwpsn  file "../src_driver/sdfm.c",line 170,column 9,is_stmt,isa 0
     144 00000024 6F0A          B         ||$C$L2||,UNC         ; [CPU_ALU] |170| 
     145                      ; branch occurs ; [] |170| 
     146 00000025       ||$C$L1||:    
     147                      .dwpsn  file "D:/TI/c2000/C2000Ware_MotorControl_SDK_5_04_00_00/c2000ware/driverlib/f2837xd/driverlib
     148 00000025 7622          EALLOW    ; [CPU_ALU] |359| 
     149                      .dwpsn  file "D:/TI/c2000/C2000Ware_MotorControl_SDK_5_04_00_00/c2000ware/driverlib/f2837xd/driverlib
     150 00000026 5603          MOV       ACC,AR7 << 4          ; [CPU_ALU] |360| 
         00000027 04A7 
     151 00000028 07AB          ADDL      ACC,P                 ; [CPU_ALU] |360| 
     152 00000029 1EA6          MOVL      XAR6,ACC              ; [CPU_ALU] |360| 
     153 0000002a 8AA9          MOVL      XAR4,ACC              ; [CPU_ALU] |360| 
     154 0000002b DE11          ADDB      XAR6,#17              ; [CPU_ALU] |360| 
     155 0000002c 1AC6          OR        *+XAR6[0],#0x0100     ; [CPU_ALU] |360| 
         0000002d 0100 
     156 0000002e       ||$C$L2||:    
     157                      .dwpsn  file "D:/TI/c2000/C2000Ware_MotorControl_SDK_5_04_00_00/c2000ware/driverlib/f2837xd/driverlib
TMS320C2000 Assembler PC v22.6.2 Sat Dec 27 15:00:19 2025

Copyright (c) 1996-2018 Texas Instruments Incorporated
sdfm.asm                                                             PAGE    4

     158 0000002e 761A          EDIS      ; [CPU_ALU] |362| 
     159                      .dwpsn  file "D:/TI/c2000/C2000Ware_MotorControl_SDK_5_04_00_00/c2000ware/driverlib/f2837xd/driverlib
     160 0000002f 7622          EALLOW    ; [CPU_ALU] |519| 
     161                      .dwpsn  file "D:/TI/c2000/C2000Ware_MotorControl_SDK_5_04_00_00/c2000ware/driverlib/f2837xd/driverlib
     162 00000030 D012          MOVB      XAR0,#18              ; [CPU_ALU] |520| 
     163 00000031 CCA5          AND       AL,AR5,#0x0001        ; [CPU_ALU] |520| 
         00000032 0001 
     164 00000033 CD94          AND       AH,*+XAR4[AR0],#0xfbff ; [CPU_ALU] |520| 
         00000034 FBFF 
     165 00000035 FF89          LSL       AL,10                 ; [CPU_ALU] |520| 
     166 00000036 DC12          ADDB      XAR4,#18              ; [CPU_ALU] |520| 
     167 00000037 CAA8          OR        AL,AH                 ; [CPU_ALU] |520| 
     168 00000038 96C4          MOV       *+XAR4[0],AL          ; [CPU_ALU] |520| 
     169                      .dwpsn  file "D:/TI/c2000/C2000Ware_MotorControl_SDK_5_04_00_00/c2000ware/driverlib/f2837xd/driverlib
     170 00000039 761A          EDIS      ; [CPU_ALU] |522| 
     171                      .dwpsn  file "../src_driver/sdfm.c",line 182,column 5,is_stmt,isa 0
     172 0000003a 40A5          TBIT      AR5,#0                ; [CPU_ALU] |182| 
     173 0000003b 6D0A          B         ||$C$L3||,TC          ; [CPU_ALU] |182| 
     174                      ; branchcc occurs ; [] |182| 
     175                      .dwpsn  file "D:/TI/c2000/C2000Ware_MotorControl_SDK_5_04_00_00/c2000ware/driverlib/f2837xd/driverlib
     176 0000003c 7622          EALLOW    ; [CPU_ALU] |555| 
     177                      .dwpsn  file "D:/TI/c2000/C2000Ware_MotorControl_SDK_5_04_00_00/c2000ware/driverlib/f2837xd/driverlib
     178 0000003d CCA5          AND       AL,AR5,#0x007c        ; [CPU_ALU] |556| 
         0000003e 007C 
     179 0000003f CDC4          AND       AH,*+XAR4[0],#0x07ff  ; [CPU_ALU] |556| 
         00000040 07FF 
     180 00000041 FF88          LSL       AL,9                  ; [CPU_ALU] |556| 
     181 00000042 CAA8          OR        AL,AH                 ; [CPU_ALU] |556| 
     182 00000043 96C4          MOV       *+XAR4[0],AL          ; [CPU_ALU] |556| 
     183                      .dwpsn  file "D:/TI/c2000/C2000Ware_MotorControl_SDK_5_04_00_00/c2000ware/driverlib/f2837xd/driverlib
     184 00000044 761A          EDIS      ; [CPU_ALU] |558| 
     185              ||$C$L3||:    
     186              $C$DW$11        .dwtag  DW_TAG_TI_branch
     187                      .dwattr $C$DW$11, DW_AT_low_pc(0x00)
     188                      .dwattr $C$DW$11, DW_AT_TI_return
     189              
     190 00000045 0006          LRETR     ; [CPU_ALU] 
     191                      ; return occurs ; [] 
     192                      .dwattr $C$DW$3, DW_AT_TI_end_file("../src_driver/sdfm.c")
     193                      .dwattr $C$DW$3, DW_AT_TI_end_line(0xba)
     194                      .dwattr $C$DW$3, DW_AT_TI_end_column(0x01)
     195                      .dwendentry
     196                      .dwendtag $C$DW$3
     197              
     198 00000000               .sect   ".text:SDFM_configComparator"
     199                      .clink
     200                      .global ||SDFM_configComparator||
     201              
     202              $C$DW$12        .dwtag  DW_TAG_subprogram
     203                      .dwattr $C$DW$12, DW_AT_name("SDFM_configComparator")
     204                      .dwattr $C$DW$12, DW_AT_low_pc(||SDFM_configComparator||)
     205                      .dwattr $C$DW$12, DW_AT_high_pc(0x00)
     206                      .dwattr $C$DW$12, DW_AT_linkage_name("SDFM_configComparator")
     207                      .dwattr $C$DW$12, DW_AT_external
     208                      .dwattr $C$DW$12, DW_AT_decl_file("../src_driver/sdfm.c")
TMS320C2000 Assembler PC v22.6.2 Sat Dec 27 15:00:19 2025

Copyright (c) 1996-2018 Texas Instruments Incorporated
sdfm.asm                                                             PAGE    5

     209                      .dwattr $C$DW$12, DW_AT_decl_line(0x56)
     210                      .dwattr $C$DW$12, DW_AT_decl_column(0x06)
     211                      .dwattr $C$DW$12, DW_AT_TI_max_frame_size(-2)
     212                      .dwpsn  file "../src_driver/sdfm.c",line 87,column 1,is_stmt,address ||SDFM_configComparator||,isa 0
     213              
     214                      .dwfde $C$DW$CIE, ||SDFM_configComparator||
     215              $C$DW$13        .dwtag  DW_TAG_formal_parameter
     216                      .dwattr $C$DW$13, DW_AT_name("base")
     217                      .dwattr $C$DW$13, DW_AT_type(*$C$DW$T$26)
     218                      .dwattr $C$DW$13, DW_AT_location[DW_OP_reg0]
     219              
     220              $C$DW$14        .dwtag  DW_TAG_formal_parameter
     221                      .dwattr $C$DW$14, DW_AT_name("config1")
     222                      .dwattr $C$DW$14, DW_AT_type(*$C$DW$T$30)
     223                      .dwattr $C$DW$14, DW_AT_location[DW_OP_reg12]
     224              
     225              $C$DW$15        .dwtag  DW_TAG_formal_parameter
     226                      .dwattr $C$DW$15, DW_AT_name("config2")
     227                      .dwattr $C$DW$15, DW_AT_type(*$C$DW$T$26)
     228                      .dwattr $C$DW$15, DW_AT_location[DW_OP_breg20 -4]
     229              
     230              
     231              ;***************************************************************
     232              ;* FNAME: SDFM_configComparator         FR SIZE:   0           *
     233              ;*                                                             *
     234              ;* FUNCTION ENVIRONMENT                                        *
     235              ;*                                                             *
     236              ;* FUNCTION PROPERTIES                                         *
     237              ;*                            0 Parameter,  0 Auto,  0 SOE     *
     238              ;***************************************************************
     239              
     240              ||SDFM_configComparator||:
     241              ;* AR4   assigned to $O$C1
     242              ;* AR5   assigned to base
     243              $C$DW$16        .dwtag  DW_TAG_variable
     244                      .dwattr $C$DW$16, DW_AT_name("base")
     245                      .dwattr $C$DW$16, DW_AT_type(*$C$DW$T$41)
     246                      .dwattr $C$DW$16, DW_AT_location[DW_OP_reg14]
     247              
     248              ;* AR4   assigned to config1
     249              $C$DW$17        .dwtag  DW_TAG_variable
     250                      .dwattr $C$DW$17, DW_AT_name("config1")
     251                      .dwattr $C$DW$17, DW_AT_type(*$C$DW$T$39)
     252                      .dwattr $C$DW$17, DW_AT_location[DW_OP_reg12]
     253              
     254              ;* PL    assigned to config2
     255              $C$DW$18        .dwtag  DW_TAG_variable
     256                      .dwattr $C$DW$18, DW_AT_name("config2")
     257                      .dwattr $C$DW$18, DW_AT_type(*$C$DW$T$41)
     258                      .dwattr $C$DW$18, DW_AT_location[DW_OP_reg2]
     259              
     260              ;* AH    assigned to filter
     261              $C$DW$19        .dwtag  DW_TAG_variable
     262                      .dwattr $C$DW$19, DW_AT_name("filter")
     263                      .dwattr $C$DW$19, DW_AT_type(*$C$DW$T$20)
TMS320C2000 Assembler PC v22.6.2 Sat Dec 27 15:00:19 2025

Copyright (c) 1996-2018 Texas Instruments Incorporated
sdfm.asm                                                             PAGE    6

     264                      .dwattr $C$DW$19, DW_AT_location[DW_OP_reg1]
     265              
     266              ;* AR6   assigned to ratio
     267              $C$DW$20        .dwtag  DW_TAG_variable
     268                      .dwattr $C$DW$20, DW_AT_name("ratio")
     269                      .dwattr $C$DW$20, DW_AT_type(*$C$DW$T$30)
     270                      .dwattr $C$DW$20, DW_AT_location[DW_OP_reg16]
     271              
     272              ;* AR7   assigned to filterType
     273              $C$DW$21        .dwtag  DW_TAG_variable
     274                      .dwattr $C$DW$21, DW_AT_name("filterType")
     275                      .dwattr $C$DW$21, DW_AT_type(*$C$DW$T$22)
     276                      .dwattr $C$DW$21, DW_AT_location[DW_OP_reg18]
     277              
     278                      .dwcfi  cfa_offset, -2
     279                      .dwcfi  save_reg_to_mem, 26, 0
     280 00000000 83A9          MOVL      XAR5,ACC              ; [CPU_ALU] |87| 
     281                      .dwpsn  file "../src_driver/sdfm.c",line 93,column 5,is_stmt,isa 0
     282 00000001 92A4          MOV       AL,AR4                ; [CPU_ALU] |93| 
     283 00000002 FFC7          LSR       AL,8                  ; [CPU_ALU] |93| 
     284                      .dwpsn  file "../src_driver/sdfm.c",line 92,column 5,is_stmt,isa 0
     285 00000003 CDA4          AND       AH,AR4,#0x0003        ; [CPU_FPU] |92| 
         00000004 0003 
     286                      .dwpsn  file "../src_driver/sdfm.c",line 93,column 5,is_stmt,isa 0
     287 00000005 88A9          MOVZ      AR6,AL                ; [CPU_ALU] |93| 
     288                      .dwpsn  file "../src_driver/sdfm.c",line 87,column 1,is_stmt,isa 0
     289 00000006 A344          MOVL      P,*-SP[4]             ; [CPU_ALU] |87| 
     290                      .dwpsn  file "../src_driver/sdfm.c",line 94,column 5,is_stmt,isa 0
     291 00000007 CCA4          AND       AL,AR4,#0x0030        ; [CPU_ALU] |94| 
         00000008 0030 
     292 00000009 80A9          MOVZ      AR7,AL                ; [CPU_ALU] |94| 
     293 0000000a 92A6          MOV       AL,AR6                ; [CPU_ALU] |94| 
     294                      .dwpsn  file "../src_driver/sdfm.c",line 99,column 5,is_stmt,isa 0
     295 0000000b 521F          CMPB      AL,#31                ; [CPU_ALU] |99| 
     296                      .dwpsn  file "../src_driver/sdfm.c",line 101,column 9,is_stmt,isa 0
     297 0000000c 56B6          MOVB      XAR6,#31,HI           ; [CPU_ALU] |101| 
         0000000d 1FA6 
     298                      .dwpsn  file "D:/TI/c2000/C2000Ware_MotorControl_SDK_5_04_00_00/c2000ware/driverlib/f2837xd/driverlib
     299 0000000e 7622          EALLOW    ; [CPU_ALU] |770| 
     300 0000000f 2901          CLRC      SXM                   ; [CPU_ALU] 
     301                      .dwpsn  file "D:/TI/c2000/C2000Ware_MotorControl_SDK_5_04_00_00/c2000ware/driverlib/f2837xd/driverlib
     302 00000010 5603          MOV       ACC,AH << 4           ; [CPU_ALU] |771| 
         00000011 04A8 
     303 00000012 07A5          ADDL      ACC,XAR5              ; [CPU_ALU] |771| 
     304 00000013 8AA9          MOVL      XAR4,ACC              ; [CPU_ALU] |771| 
     305 00000014 D015          MOVB      XAR0,#21              ; [CPU_ALU] |771| 
     306 00000015 CC94          AND       AL,*+XAR4[AR0],#0xfe7f ; [CPU_ALU] |771| 
         00000016 FE7F 
     307 00000017 5DA9          MOVZ      AR5,AL                ; [CPU_ALU] |771| 
     308 00000018 D015          MOVB      XAR0,#21              ; [CPU_ALU] |771| 
     309 00000019 5603          MOV       ACC,AR7 << #3         ; [CPU_ALU] |771| 
         0000001a 03A7 
     310 0000001b CAA5          OR        AL,AR5                ; [CPU_ALU] |771| 
     311 0000001c 9694          MOV       *+XAR4[AR0],AL        ; [CPU_ALU] |771| 
     312                      .dwpsn  file "D:/TI/c2000/C2000Ware_MotorControl_SDK_5_04_00_00/c2000ware/driverlib/f2837xd/driverlib
TMS320C2000 Assembler PC v22.6.2 Sat Dec 27 15:00:19 2025

Copyright (c) 1996-2018 Texas Instruments Incorporated
sdfm.asm                                                             PAGE    7

     313 0000001d D015          MOVB      XAR0,#21              ; [CPU_ALU] |807| 
     314 0000001e CC94          AND       AL,*+XAR4[AR0],#0xffe0 ; [CPU_ALU] |807| 
         0000001f FFE0 
     315 00000020 D015          MOVB      XAR0,#21              ; [CPU_ALU] |807| 
     316 00000021 CAA6          OR        AL,AR6                ; [CPU_ALU] |807| 
     317 00000022 9694          MOV       *+XAR4[AR0],AL        ; [CPU_ALU] |807| 
     318                      .dwpsn  file "D:/TI/c2000/C2000Ware_MotorControl_SDK_5_04_00_00/c2000ware/driverlib/f2837xd/driverlib
     319 00000023 D013          MOVB      XAR0,#19              ; [CPU_ALU] |592| 
     320 00000024 CC94          AND       AL,*+XAR4[AR0],#0x8000 ; [CPU_ALU] |592| 
         00000025 8000 
     321 00000026 D013          MOVB      XAR0,#19              ; [CPU_ALU] |592| 
     322 00000027 CAAA          OR        AL,PH                 ; [CPU_ALU] |592| 
     323 00000028 9694          MOV       *+XAR4[AR0],AL        ; [CPU_ALU] |592| 
     324                      .dwpsn  file "D:/TI/c2000/C2000Ware_MotorControl_SDK_5_04_00_00/c2000ware/driverlib/f2837xd/driverlib
     325 00000029 D014          MOVB      XAR0,#20              ; [CPU_ALU] |627| 
     326 0000002a CC94          AND       AL,*+XAR4[AR0],#0x8000 ; [CPU_ALU] |627| 
         0000002b 8000 
     327 0000002c D014          MOVB      XAR0,#20              ; [CPU_ALU] |627| 
     328 0000002d 98AB          OR        PL,AL                 ; [CPU_ALU] |627| 
     329 0000002e 3F94          MOV       *+XAR4[AR0],P         ; [CPU_ALU] |627| 
     330                      .dwpsn  file "D:/TI/c2000/C2000Ware_MotorControl_SDK_5_04_00_00/c2000ware/driverlib/f2837xd/driverlib
     331 0000002f 761A          EDIS      ; [CPU_ALU] |628| 
     332              $C$DW$22        .dwtag  DW_TAG_TI_branch
     333                      .dwattr $C$DW$22, DW_AT_low_pc(0x00)
     334                      .dwattr $C$DW$22, DW_AT_TI_return
     335              
     336 00000030 0006          LRETR     ; [CPU_ALU] 
     337                      ; return occurs ; [] 
     338                      .dwattr $C$DW$12, DW_AT_TI_end_file("../src_driver/sdfm.c")
     339                      .dwattr $C$DW$12, DW_AT_TI_end_line(0x7e)
     340                      .dwattr $C$DW$12, DW_AT_TI_end_column(0x01)
     341                      .dwendentry
     342                      .dwendtag $C$DW$12
     343              
     344              
     345              ;***************************************************************
     346              ;* BUILD ATTRIBUTES                                            *
     347              ;***************************************************************
     348                      .battr "c28xabi", Tag_File, 1, Tag_float_args(0)
     349                      .battr "c28xabi", Tag_File, 1, Tag_double_args(0)
     350                      .dwattr $C$DW$CU, DW_AT_language(DW_LANG_C)
     351              
     352              ;***************************************************************
     353              ;* DWARF CIE ENTRIES                                           *
     354              ;***************************************************************
     355              
     356              $C$DW$CIE       .dwcie 26
     357                      .dwcfi  cfa_register, 20
     358                      .dwcfi  cfa_offset, 0
     359                      .dwcfi  same_value, 28
     360                      .dwcfi  same_value, 6
     361                      .dwcfi  same_value, 7
     362                      .dwcfi  same_value, 8
     363                      .dwcfi  same_value, 9
     364                      .dwcfi  same_value, 10
TMS320C2000 Assembler PC v22.6.2 Sat Dec 27 15:00:19 2025

Copyright (c) 1996-2018 Texas Instruments Incorporated
sdfm.asm                                                             PAGE    8

     365                      .dwcfi  same_value, 11
     366                      .dwcfi  same_value, 59
     367                      .dwcfi  same_value, 63
     368                      .dwcfi  same_value, 67
     369                      .dwcfi  same_value, 71
     370                      .dwendentry
     371                      .dwendtag $C$DW$CU
     372              
     373              
     374              ;***************************************************************
     375              ;* TYPE INFORMATION                                            *
     376              ;***************************************************************
     377              
     378              $C$DW$TU$19     .dwtag  DW_TAG_type_unit
     379                      .dwmtype  $C$DW$T$19
     380              
     381              $C$DW$T$19      .dwtag  DW_TAG_enumeration_type
     382                      .dwattr $C$DW$T$19, DW_AT_byte_size(0x01)
     383              $C$DW$23        .dwtag  DW_TAG_enumerator
     384                      .dwattr $C$DW$23, DW_AT_name("SDFM_FILTER_1")
     385                      .dwattr $C$DW$23, DW_AT_const_value(0x00)
     386                      .dwattr $C$DW$23, DW_AT_decl_file("D:/TI/c2000/C2000Ware_MotorControl_SDK_5_04_00_00/c2000ware/driver
     387                      .dwattr $C$DW$23, DW_AT_decl_line(0x82)
     388                      .dwattr $C$DW$23, DW_AT_decl_column(0x05)
     389              
     390              $C$DW$24        .dwtag  DW_TAG_enumerator
     391                      .dwattr $C$DW$24, DW_AT_name("SDFM_FILTER_2")
     392                      .dwattr $C$DW$24, DW_AT_const_value(0x01)
     393                      .dwattr $C$DW$24, DW_AT_decl_file("D:/TI/c2000/C2000Ware_MotorControl_SDK_5_04_00_00/c2000ware/driver
     394                      .dwattr $C$DW$24, DW_AT_decl_line(0x83)
     395                      .dwattr $C$DW$24, DW_AT_decl_column(0x05)
     396              
     397              $C$DW$25        .dwtag  DW_TAG_enumerator
     398                      .dwattr $C$DW$25, DW_AT_name("SDFM_FILTER_3")
     399                      .dwattr $C$DW$25, DW_AT_const_value(0x02)
     400                      .dwattr $C$DW$25, DW_AT_decl_file("D:/TI/c2000/C2000Ware_MotorControl_SDK_5_04_00_00/c2000ware/driver
     401                      .dwattr $C$DW$25, DW_AT_decl_line(0x84)
     402                      .dwattr $C$DW$25, DW_AT_decl_column(0x05)
     403              
     404              $C$DW$26        .dwtag  DW_TAG_enumerator
     405                      .dwattr $C$DW$26, DW_AT_name("SDFM_FILTER_4")
     406                      .dwattr $C$DW$26, DW_AT_const_value(0x03)
     407                      .dwattr $C$DW$26, DW_AT_decl_file("D:/TI/c2000/C2000Ware_MotorControl_SDK_5_04_00_00/c2000ware/driver
     408                      .dwattr $C$DW$26, DW_AT_decl_line(0x85)
     409                      .dwattr $C$DW$26, DW_AT_decl_column(0x05)
     410              
     411                      .dwattr $C$DW$T$19, DW_AT_decl_file("D:/TI/c2000/C2000Ware_MotorControl_SDK_5_04_00_00/c2000ware/driv
     412                      .dwattr $C$DW$T$19, DW_AT_decl_line(0x81)
     413                      .dwattr $C$DW$T$19, DW_AT_decl_column(0x01)
     414                      .dwendtag $C$DW$T$19
     415              
     416                      .dwendtag $C$DW$TU$19
     417              
     418              
     419              $C$DW$TU$20     .dwtag  DW_TAG_type_unit
TMS320C2000 Assembler PC v22.6.2 Sat Dec 27 15:00:19 2025

Copyright (c) 1996-2018 Texas Instruments Incorporated
sdfm.asm                                                             PAGE    9

     420                      .dwmtype  $C$DW$T$20
     421              $C$DW$T$20      .dwtag  DW_TAG_typedef
     422                      .dwattr $C$DW$T$20, DW_AT_name("SDFM_FilterNumber")
     423                      .dwattr $C$DW$T$20, DW_AT_type(*$C$DW$T$19)
     424                      .dwattr $C$DW$T$20, DW_AT_decl_file("D:/TI/c2000/C2000Ware_MotorControl_SDK_5_04_00_00/c2000ware/driv
     425                      .dwattr $C$DW$T$20, DW_AT_decl_line(0x86)
     426                      .dwattr $C$DW$T$20, DW_AT_decl_column(0x03)
     427              
     428                      .dwendtag $C$DW$TU$20
     429              
     430              
     431              $C$DW$TU$21     .dwtag  DW_TAG_type_unit
     432                      .dwmtype  $C$DW$T$21
     433              
     434              $C$DW$T$21      .dwtag  DW_TAG_enumeration_type
     435                      .dwattr $C$DW$T$21, DW_AT_byte_size(0x01)
     436              $C$DW$27        .dwtag  DW_TAG_enumerator
     437                      .dwattr $C$DW$27, DW_AT_name("SDFM_FILTER_SINC_FAST")
     438                      .dwattr $C$DW$27, DW_AT_const_value(0x00)
     439                      .dwattr $C$DW$27, DW_AT_decl_file("D:/TI/c2000/C2000Ware_MotorControl_SDK_5_04_00_00/c2000ware/driver
     440                      .dwattr $C$DW$27, DW_AT_decl_line(0x91)
     441                      .dwattr $C$DW$27, DW_AT_decl_column(0x05)
     442              
     443              $C$DW$28        .dwtag  DW_TAG_enumerator
     444                      .dwattr $C$DW$28, DW_AT_name("SDFM_FILTER_SINC_1")
     445                      .dwattr $C$DW$28, DW_AT_const_value(0x10)
     446                      .dwattr $C$DW$28, DW_AT_decl_file("D:/TI/c2000/C2000Ware_MotorControl_SDK_5_04_00_00/c2000ware/driver
     447                      .dwattr $C$DW$28, DW_AT_decl_line(0x93)
     448                      .dwattr $C$DW$28, DW_AT_decl_column(0x05)
     449              
     450              $C$DW$29        .dwtag  DW_TAG_enumerator
     451                      .dwattr $C$DW$29, DW_AT_name("SDFM_FILTER_SINC_2")
     452                      .dwattr $C$DW$29, DW_AT_const_value(0x20)
     453                      .dwattr $C$DW$29, DW_AT_decl_file("D:/TI/c2000/C2000Ware_MotorControl_SDK_5_04_00_00/c2000ware/driver
     454                      .dwattr $C$DW$29, DW_AT_decl_line(0x95)
     455                      .dwattr $C$DW$29, DW_AT_decl_column(0x05)
     456              
     457              $C$DW$30        .dwtag  DW_TAG_enumerator
     458                      .dwattr $C$DW$30, DW_AT_name("SDFM_FILTER_SINC_3")
     459                      .dwattr $C$DW$30, DW_AT_const_value(0x30)
     460                      .dwattr $C$DW$30, DW_AT_decl_file("D:/TI/c2000/C2000Ware_MotorControl_SDK_5_04_00_00/c2000ware/driver
     461                      .dwattr $C$DW$30, DW_AT_decl_line(0x97)
     462                      .dwattr $C$DW$30, DW_AT_decl_column(0x05)
     463              
     464                      .dwattr $C$DW$T$21, DW_AT_decl_file("D:/TI/c2000/C2000Ware_MotorControl_SDK_5_04_00_00/c2000ware/driv
     465                      .dwattr $C$DW$T$21, DW_AT_decl_line(0x8f)
     466                      .dwattr $C$DW$T$21, DW_AT_decl_column(0x01)
     467                      .dwendtag $C$DW$T$21
     468              
     469                      .dwendtag $C$DW$TU$21
     470              
     471              
     472              $C$DW$TU$22     .dwtag  DW_TAG_type_unit
     473                      .dwmtype  $C$DW$T$22
     474              $C$DW$T$22      .dwtag  DW_TAG_typedef
TMS320C2000 Assembler PC v22.6.2 Sat Dec 27 15:00:19 2025

Copyright (c) 1996-2018 Texas Instruments Incorporated
sdfm.asm                                                             PAGE   10

     475                      .dwattr $C$DW$T$22, DW_AT_name("SDFM_FilterType")
     476                      .dwattr $C$DW$T$22, DW_AT_type(*$C$DW$T$21)
     477                      .dwattr $C$DW$T$22, DW_AT_decl_file("D:/TI/c2000/C2000Ware_MotorControl_SDK_5_04_00_00/c2000ware/driv
     478                      .dwattr $C$DW$T$22, DW_AT_decl_line(0x98)
     479                      .dwattr $C$DW$T$22, DW_AT_decl_column(0x03)
     480              
     481                      .dwendtag $C$DW$TU$22
     482              
     483              
     484              $C$DW$TU$23     .dwtag  DW_TAG_type_unit
     485                      .dwmtype  $C$DW$T$23
     486              
     487              $C$DW$T$23      .dwtag  DW_TAG_enumeration_type
     488                      .dwattr $C$DW$T$23, DW_AT_byte_size(0x01)
     489              $C$DW$31        .dwtag  DW_TAG_enumerator
     490                      .dwattr $C$DW$31, DW_AT_name("SDFM_DATA_FORMAT_16_BIT")
     491                      .dwattr $C$DW$31, DW_AT_const_value(0x00)
     492                      .dwattr $C$DW$31, DW_AT_decl_file("D:/TI/c2000/C2000Ware_MotorControl_SDK_5_04_00_00/c2000ware/driver
     493                      .dwattr $C$DW$31, DW_AT_decl_line(0xb5)
     494                      .dwattr $C$DW$31, DW_AT_decl_column(0x04)
     495              
     496              $C$DW$32        .dwtag  DW_TAG_enumerator
     497                      .dwattr $C$DW$32, DW_AT_name("SDFM_DATA_FORMAT_32_BIT")
     498                      .dwattr $C$DW$32, DW_AT_const_value(0x01)
     499                      .dwattr $C$DW$32, DW_AT_decl_file("D:/TI/c2000/C2000Ware_MotorControl_SDK_5_04_00_00/c2000ware/driver
     500                      .dwattr $C$DW$32, DW_AT_decl_line(0xb7)
     501                      .dwattr $C$DW$32, DW_AT_decl_column(0x04)
     502              
     503                      .dwattr $C$DW$T$23, DW_AT_decl_file("D:/TI/c2000/C2000Ware_MotorControl_SDK_5_04_00_00/c2000ware/driv
     504                      .dwattr $C$DW$T$23, DW_AT_decl_line(0xb3)
     505                      .dwattr $C$DW$T$23, DW_AT_decl_column(0x01)
     506                      .dwendtag $C$DW$T$23
     507              
     508                      .dwendtag $C$DW$TU$23
     509              
     510              
     511              $C$DW$TU$24     .dwtag  DW_TAG_type_unit
     512                      .dwmtype  $C$DW$T$24
     513              $C$DW$T$24      .dwtag  DW_TAG_typedef
     514                      .dwattr $C$DW$T$24, DW_AT_name("SDFM_OutputDataFormat")
     515                      .dwattr $C$DW$T$24, DW_AT_type(*$C$DW$T$23)
     516                      .dwattr $C$DW$T$24, DW_AT_decl_file("D:/TI/c2000/C2000Ware_MotorControl_SDK_5_04_00_00/c2000ware/driv
     517                      .dwattr $C$DW$T$24, DW_AT_decl_line(0xb8)
     518                      .dwattr $C$DW$T$24, DW_AT_decl_column(0x03)
     519              
     520                      .dwendtag $C$DW$TU$24
     521              
     522              
     523              $C$DW$TU$2      .dwtag  DW_TAG_type_unit
     524                      .dwmtype  $C$DW$T$2
     525              $C$DW$T$2       .dwtag  DW_TAG_unspecified_type
     526                      .dwattr $C$DW$T$2, DW_AT_name("void")
     527              
     528                      .dwendtag $C$DW$TU$2
     529              
TMS320C2000 Assembler PC v22.6.2 Sat Dec 27 15:00:19 2025

Copyright (c) 1996-2018 Texas Instruments Incorporated
sdfm.asm                                                             PAGE   11

     530              
     531              $C$DW$TU$4      .dwtag  DW_TAG_type_unit
     532                      .dwmtype  $C$DW$T$4
     533              $C$DW$T$4       .dwtag  DW_TAG_base_type
     534                      .dwattr $C$DW$T$4, DW_AT_encoding(DW_ATE_boolean)
     535                      .dwattr $C$DW$T$4, DW_AT_name("bool")
     536                      .dwattr $C$DW$T$4, DW_AT_byte_size(0x01)
     537              
     538                      .dwendtag $C$DW$TU$4
     539              
     540              
     541              $C$DW$TU$5      .dwtag  DW_TAG_type_unit
     542                      .dwmtype  $C$DW$T$5
     543              $C$DW$T$5       .dwtag  DW_TAG_base_type
     544                      .dwattr $C$DW$T$5, DW_AT_encoding(DW_ATE_signed_char)
     545                      .dwattr $C$DW$T$5, DW_AT_name("signed char")
     546                      .dwattr $C$DW$T$5, DW_AT_byte_size(0x01)
     547              
     548                      .dwendtag $C$DW$TU$5
     549              
     550              
     551              $C$DW$TU$6      .dwtag  DW_TAG_type_unit
     552                      .dwmtype  $C$DW$T$6
     553              $C$DW$T$6       .dwtag  DW_TAG_base_type
     554                      .dwattr $C$DW$T$6, DW_AT_encoding(DW_ATE_unsigned_char)
     555                      .dwattr $C$DW$T$6, DW_AT_name("unsigned char")
     556                      .dwattr $C$DW$T$6, DW_AT_byte_size(0x01)
     557              
     558                      .dwendtag $C$DW$TU$6
     559              
     560              
     561              $C$DW$TU$7      .dwtag  DW_TAG_type_unit
     562                      .dwmtype  $C$DW$T$7
     563              $C$DW$T$7       .dwtag  DW_TAG_base_type
     564                      .dwattr $C$DW$T$7, DW_AT_encoding(DW_ATE_signed_char)
     565                      .dwattr $C$DW$T$7, DW_AT_name("wchar_t")
     566                      .dwattr $C$DW$T$7, DW_AT_byte_size(0x02)
     567              
     568                      .dwendtag $C$DW$TU$7
     569              
     570              
     571              $C$DW$TU$8      .dwtag  DW_TAG_type_unit
     572                      .dwmtype  $C$DW$T$8
     573              $C$DW$T$8       .dwtag  DW_TAG_base_type
     574                      .dwattr $C$DW$T$8, DW_AT_encoding(DW_ATE_signed)
     575                      .dwattr $C$DW$T$8, DW_AT_name("short")
     576                      .dwattr $C$DW$T$8, DW_AT_byte_size(0x01)
     577              
     578                      .dwendtag $C$DW$TU$8
     579              
     580              
     581              $C$DW$TU$9      .dwtag  DW_TAG_type_unit
     582                      .dwmtype  $C$DW$T$9
     583              $C$DW$T$9       .dwtag  DW_TAG_base_type
     584                      .dwattr $C$DW$T$9, DW_AT_encoding(DW_ATE_unsigned)
TMS320C2000 Assembler PC v22.6.2 Sat Dec 27 15:00:19 2025

Copyright (c) 1996-2018 Texas Instruments Incorporated
sdfm.asm                                                             PAGE   12

     585                      .dwattr $C$DW$T$9, DW_AT_name("unsigned short")
     586                      .dwattr $C$DW$T$9, DW_AT_byte_size(0x01)
     587              
     588                      .dwendtag $C$DW$TU$9
     589              
     590              
     591              $C$DW$TU$10     .dwtag  DW_TAG_type_unit
     592                      .dwmtype  $C$DW$T$10
     593              $C$DW$T$10      .dwtag  DW_TAG_base_type
     594                      .dwattr $C$DW$T$10, DW_AT_encoding(DW_ATE_signed)
     595                      .dwattr $C$DW$T$10, DW_AT_name("int")
     596                      .dwattr $C$DW$T$10, DW_AT_byte_size(0x01)
     597              
     598                      .dwendtag $C$DW$TU$10
     599              
     600              
     601              $C$DW$TU$11     .dwtag  DW_TAG_type_unit
     602                      .dwmtype  $C$DW$T$11
     603              $C$DW$T$11      .dwtag  DW_TAG_base_type
     604                      .dwattr $C$DW$T$11, DW_AT_encoding(DW_ATE_unsigned)
     605                      .dwattr $C$DW$T$11, DW_AT_name("unsigned int")
     606                      .dwattr $C$DW$T$11, DW_AT_byte_size(0x01)
     607              
     608                      .dwendtag $C$DW$TU$11
     609              
     610              
     611              $C$DW$TU$29     .dwtag  DW_TAG_type_unit
     612                      .dwmtype  $C$DW$T$29
     613              $C$DW$T$29      .dwtag  DW_TAG_typedef
     614                      .dwattr $C$DW$T$29, DW_AT_name("__uint16_t")
     615                      .dwattr $C$DW$T$29, DW_AT_type(*$C$DW$T$11)
     616                      .dwattr $C$DW$T$29, DW_AT_decl_file("D:/TI/ccs/tools/compiler/ti-cgt-c2000_22.6.2.LTS/include/machine
     617                      .dwattr $C$DW$T$29, DW_AT_decl_line(0x41)
     618                      .dwattr $C$DW$T$29, DW_AT_decl_column(0x1c)
     619              
     620                      .dwendtag $C$DW$TU$29
     621              
     622              
     623              $C$DW$TU$30     .dwtag  DW_TAG_type_unit
     624                      .dwmtype  $C$DW$T$30
     625              $C$DW$T$30      .dwtag  DW_TAG_typedef
     626                      .dwattr $C$DW$T$30, DW_AT_name("uint16_t")
     627                      .dwattr $C$DW$T$30, DW_AT_type(*$C$DW$T$29)
     628                      .dwattr $C$DW$T$30, DW_AT_decl_file("D:/TI/ccs/tools/compiler/ti-cgt-c2000_22.6.2.LTS/include/sys/_st
     629                      .dwattr $C$DW$T$30, DW_AT_decl_line(0x41)
     630                      .dwattr $C$DW$T$30, DW_AT_decl_column(0x15)
     631              
     632                      .dwendtag $C$DW$TU$30
     633              
     634              
     635              $C$DW$TU$39     .dwtag  DW_TAG_type_unit
     636                      .dwmtype  $C$DW$T$39
     637              $C$DW$33        .dwtag  DW_TAG_TI_far_type
     638                      .dwattr $C$DW$33, DW_AT_type(*$C$DW$T$30)
     639              
TMS320C2000 Assembler PC v22.6.2 Sat Dec 27 15:00:19 2025

Copyright (c) 1996-2018 Texas Instruments Incorporated
sdfm.asm                                                             PAGE   13

     640              $C$DW$T$39      .dwtag  DW_TAG_const_type
     641                      .dwattr $C$DW$T$39, DW_AT_type(*$C$DW$33)
     642              
     643                      .dwendtag $C$DW$TU$39
     644              
     645              
     646              $C$DW$TU$12     .dwtag  DW_TAG_type_unit
     647                      .dwmtype  $C$DW$T$12
     648              $C$DW$T$12      .dwtag  DW_TAG_base_type
     649                      .dwattr $C$DW$T$12, DW_AT_encoding(DW_ATE_signed)
     650                      .dwattr $C$DW$T$12, DW_AT_name("long")
     651                      .dwattr $C$DW$T$12, DW_AT_byte_size(0x02)
     652              
     653                      .dwendtag $C$DW$TU$12
     654              
     655              
     656              $C$DW$TU$13     .dwtag  DW_TAG_type_unit
     657                      .dwmtype  $C$DW$T$13
     658              $C$DW$T$13      .dwtag  DW_TAG_base_type
     659                      .dwattr $C$DW$T$13, DW_AT_encoding(DW_ATE_unsigned)
     660                      .dwattr $C$DW$T$13, DW_AT_name("unsigned long")
     661                      .dwattr $C$DW$T$13, DW_AT_byte_size(0x02)
     662              
     663                      .dwendtag $C$DW$TU$13
     664              
     665              
     666              $C$DW$TU$25     .dwtag  DW_TAG_type_unit
     667                      .dwmtype  $C$DW$T$25
     668              $C$DW$T$25      .dwtag  DW_TAG_typedef
     669                      .dwattr $C$DW$T$25, DW_AT_name("__uint32_t")
     670                      .dwattr $C$DW$T$25, DW_AT_type(*$C$DW$T$13)
     671                      .dwattr $C$DW$T$25, DW_AT_decl_file("D:/TI/ccs/tools/compiler/ti-cgt-c2000_22.6.2.LTS/include/machine
     672                      .dwattr $C$DW$T$25, DW_AT_decl_line(0x43)
     673                      .dwattr $C$DW$T$25, DW_AT_decl_column(0x1c)
     674              
     675                      .dwendtag $C$DW$TU$25
     676              
     677              
     678              $C$DW$TU$26     .dwtag  DW_TAG_type_unit
     679                      .dwmtype  $C$DW$T$26
     680              $C$DW$T$26      .dwtag  DW_TAG_typedef
     681                      .dwattr $C$DW$T$26, DW_AT_name("uint32_t")
     682                      .dwattr $C$DW$T$26, DW_AT_type(*$C$DW$T$25)
     683                      .dwattr $C$DW$T$26, DW_AT_decl_file("D:/TI/ccs/tools/compiler/ti-cgt-c2000_22.6.2.LTS/include/sys/_st
     684                      .dwattr $C$DW$T$26, DW_AT_decl_line(0x46)
     685                      .dwattr $C$DW$T$26, DW_AT_decl_column(0x15)
     686              
     687                      .dwendtag $C$DW$TU$26
     688              
     689              
     690              $C$DW$TU$41     .dwtag  DW_TAG_type_unit
     691                      .dwmtype  $C$DW$T$41
     692              $C$DW$34        .dwtag  DW_TAG_TI_far_type
     693                      .dwattr $C$DW$34, DW_AT_type(*$C$DW$T$26)
     694              
TMS320C2000 Assembler PC v22.6.2 Sat Dec 27 15:00:19 2025

Copyright (c) 1996-2018 Texas Instruments Incorporated
sdfm.asm                                                             PAGE   14

     695              $C$DW$T$41      .dwtag  DW_TAG_const_type
     696                      .dwattr $C$DW$T$41, DW_AT_type(*$C$DW$34)
     697              
     698                      .dwendtag $C$DW$TU$41
     699              
     700              
     701              $C$DW$TU$14     .dwtag  DW_TAG_type_unit
     702                      .dwmtype  $C$DW$T$14
     703              $C$DW$T$14      .dwtag  DW_TAG_base_type
     704                      .dwattr $C$DW$T$14, DW_AT_encoding(DW_ATE_signed)
     705                      .dwattr $C$DW$T$14, DW_AT_name("long long")
     706                      .dwattr $C$DW$T$14, DW_AT_byte_size(0x04)
     707              
     708                      .dwendtag $C$DW$TU$14
     709              
     710              
     711              $C$DW$TU$15     .dwtag  DW_TAG_type_unit
     712                      .dwmtype  $C$DW$T$15
     713              $C$DW$T$15      .dwtag  DW_TAG_base_type
     714                      .dwattr $C$DW$T$15, DW_AT_encoding(DW_ATE_unsigned)
     715                      .dwattr $C$DW$T$15, DW_AT_name("unsigned long long")
     716                      .dwattr $C$DW$T$15, DW_AT_byte_size(0x04)
     717              
     718                      .dwendtag $C$DW$TU$15
     719              
     720              
     721              $C$DW$TU$16     .dwtag  DW_TAG_type_unit
     722                      .dwmtype  $C$DW$T$16
     723              $C$DW$T$16      .dwtag  DW_TAG_base_type
     724                      .dwattr $C$DW$T$16, DW_AT_encoding(DW_ATE_float)
     725                      .dwattr $C$DW$T$16, DW_AT_name("float")
     726                      .dwattr $C$DW$T$16, DW_AT_byte_size(0x02)
     727              
     728                      .dwendtag $C$DW$TU$16
     729              
     730              
     731              $C$DW$TU$17     .dwtag  DW_TAG_type_unit
     732                      .dwmtype  $C$DW$T$17
     733              $C$DW$T$17      .dwtag  DW_TAG_base_type
     734                      .dwattr $C$DW$T$17, DW_AT_encoding(DW_ATE_float)
     735                      .dwattr $C$DW$T$17, DW_AT_name("double")
     736                      .dwattr $C$DW$T$17, DW_AT_byte_size(0x04)
     737              
     738                      .dwendtag $C$DW$TU$17
     739              
     740              
     741              $C$DW$TU$18     .dwtag  DW_TAG_type_unit
     742                      .dwmtype  $C$DW$T$18
     743              $C$DW$T$18      .dwtag  DW_TAG_base_type
     744                      .dwattr $C$DW$T$18, DW_AT_encoding(DW_ATE_float)
     745                      .dwattr $C$DW$T$18, DW_AT_name("long double")
     746                      .dwattr $C$DW$T$18, DW_AT_byte_size(0x04)
     747              
     748                      .dwendtag $C$DW$TU$18
     749              
TMS320C2000 Assembler PC v22.6.2 Sat Dec 27 15:00:19 2025

Copyright (c) 1996-2018 Texas Instruments Incorporated
sdfm.asm                                                             PAGE   15


No Assembly Errors, No Assembly Warnings
